---------------------------------------------------------------
Benchmark                     Time             CPU   Iterations
---------------------------------------------------------------
AoSScan/1/4096            31059 ns        31057 ns        22586
AoSScan/2/8192            31282 ns        31280 ns        22430
AoSScan/3/12288           31450 ns        31449 ns        22261
AoSScan/4/16384           31735 ns        31733 ns        22029
AoSScan/5/20480           32097 ns        32096 ns        21931
AoSScan/6/24576           32098 ns        32096 ns        21900
AoSScan/7/28672           32424 ns        32423 ns        21608
AoSScan/8/32768           32895 ns        32891 ns        21435
AoSScan/9/36864           33809 ns        33803 ns        20739
AoSScan/10/40960          34793 ns        34790 ns        20102
AoSScan/11/45056          35940 ns        35928 ns        19985
AoSScan/12/49152          35491 ns        35489 ns        19802
AoSScan/13/53248          35854 ns        35845 ns        19650
AoSScan/14/57344          36219 ns        36216 ns        19557
AoSScan/15/61440          36203 ns        36201 ns        19305
AoSScan/16/65536          36200 ns        36198 ns        19367
AoSScan/17/69632          36412 ns        36410 ns        19181
AoSScan/18/73728          36570 ns        36568 ns        19139
AoSScan/19/77824          36605 ns        36603 ns        19167
AoSScan/20/81920          36710 ns        36707 ns        19011
AoSScan/21/86016          36877 ns        36874 ns        19030
AoSScan/22/90112          37245 ns        37245 ns        18894
AoSScan/23/94208          36968 ns        36974 ns        18923
AoSScan/24/98304          36914 ns        36920 ns        18930
AoSScan/25/102400         37114 ns        37121 ns        18850
AoSScan/26/106496         37205 ns        37212 ns        18810
AoSScan/27/110592         37216 ns        37223 ns        18856
AoSScan/28/114688         37314 ns        37320 ns        18701
AoSScan/29/118784         37550 ns        37557 ns        18664
AoSScan/30/122880         37763 ns        37770 ns        18585
AoSScan/31/126976         37717 ns        37723 ns        18571
AoSScan/32/131072         37937 ns        37943 ns        18423
AoSScan/33/135168         37743 ns        37750 ns        18470
AoSScan/34/139264         38338 ns        38345 ns        18477
AoSScan/35/143360         37865 ns        37871 ns        18424
AoSScan/36/147456         37984 ns        37991 ns        18397
AoSScan/37/151552         38236 ns        38242 ns        18363
AoSScan/38/155648         37999 ns        38005 ns        18410
AoSScan/39/159744         38058 ns        38064 ns        18363
AoSScan/40/163840         38028 ns        38034 ns        18358
AoSScan/41/167936         40306 ns        40313 ns        18377
AoSScan/42/172032         40515 ns        40522 ns        17267
AoSScan/43/176128         40707 ns        40714 ns        17186
AoSScan/44/180224         40689 ns        40696 ns        17128
AoSScan/45/184320         40723 ns        40730 ns        17114
AoSScan/46/188416         40816 ns        40823 ns        17118
AoSScan/47/192512         40721 ns        40726 ns        17068
AoSScan/48/196608         41019 ns        41025 ns        17057
AoSScan/49/200704         40981 ns        40987 ns        17003
AoSScan/50/204800         41159 ns        41165 ns        16943
AoSScan/51/208896         41319 ns        41325 ns        16860
AoSScan/52/212992         41319 ns        41325 ns        16960
AoSScan/53/217088         41463 ns        41470 ns        16949
AoSScan/54/221184         41430 ns        41437 ns        16933
AoSScan/55/225280         41863 ns        41870 ns        13516
AoSScan/56/229376         41487 ns        41493 ns        16808
AoSScan/57/233472         41537 ns        41542 ns        16819
AoSScan/58/237568         41703 ns        41709 ns        16763
AoSScan/59/241664         41567 ns        41573 ns        16740
AoSScan/60/245760         41859 ns        41865 ns        16756
AoSScan/61/249856         41878 ns        41884 ns        16782
AoSScan/62/253952         41872 ns        41878 ns        16755
AoSScan/63/258048         41961 ns        41966 ns        16700
AoSScan/64/262144         48780 ns        48787 ns        13492
AoSScan/65/266240         42158 ns        42164 ns        16606
AoSScan/66/270336         42151 ns        42157 ns        15048
AoSScan/67/274432         42363 ns        42369 ns        16511
AoSScan/68/278528         45037 ns        45043 ns        16461
AoSScan/69/282624         42555 ns        42561 ns        16476
AoSScan/70/286720         42452 ns        42458 ns        16413
AoSScan/71/290816         43319 ns        43324 ns        15584
AoSScan/72/294912         43059 ns        43065 ns        16245
AoSScan/73/299008         42970 ns        42975 ns        16326
AoSScan/74/303104         43150 ns        43155 ns        16248
AoSScan/75/307200         43093 ns        43099 ns        16180
AoSScan/76/311296         43254 ns        43259 ns        16229
AoSScan/77/315392         43466 ns        43471 ns        16140
AoSScan/78/319488         43418 ns        43423 ns        16138
AoSScan/79/323584         43571 ns        43577 ns        16025
AoSScan/80/327680         44236 ns        44241 ns        15794
AoSScan/81/331776         43869 ns        43874 ns        15963
AoSScan/82/335872         43863 ns        43869 ns        15944
AoSScan/83/339968         43906 ns        43912 ns        15927
AoSScan/84/344064         44416 ns        44421 ns        15801
AoSScan/85/348160         44764 ns        44769 ns        15605
AoSScan/86/352256         44690 ns        44695 ns        15701
AoSScan/87/356352         44519 ns        44524 ns        15699
AoSScan/88/360448         44538 ns        44543 ns        15704
AoSScan/89/364544         44523 ns        44528 ns        15736
AoSScan/90/368640         44513 ns        44518 ns        15728
AoSScan/91/372736         44468 ns        44473 ns        15763
AoSScan/92/376832         44264 ns        44269 ns        15748
AoSScan/93/380928         44341 ns        44346 ns        15795
AoSScan/94/385024         44300 ns        44305 ns        15813
AoSScan/95/389120         44305 ns        44310 ns        15788
AoSScan/96/393216         45480 ns        45485 ns        14903
AoSScan/97/397312         44868 ns        44873 ns        15591
AoSScan/98/401408         45311 ns        45315 ns        15442
AoSScan/99/405504         45713 ns        45715 ns        15350
AoSScan/100/409600        46092 ns        46097 ns        15183
AoSScan/101/413696        46517 ns        46522 ns        15079
AoSScan/102/417792        54659 ns        54663 ns        14982
AoSScan/103/421888        58014 ns        58020 ns        10779
AoSScan/104/425984        47452 ns        47457 ns        14735
AoSScan/105/430080        47558 ns        47563 ns        14699
AoSScan/106/434176        47747 ns        47751 ns        14678
AoSScan/107/438272        47870 ns        47874 ns        14619
AoSScan/108/442368        48137 ns        48142 ns        14536
AoSScan/109/446464        48189 ns        48194 ns        14471
AoSScan/110/450560        48382 ns        48387 ns        14469
AoSScan/111/454656        48346 ns        48351 ns        14489
AoSScan/112/458752        48496 ns        48500 ns        14487
AoSScan/113/462848        48470 ns        48475 ns        14468
AoSScan/114/466944        48347 ns        48350 ns        14449
AoSScan/115/471040        48496 ns        48501 ns        14410
AoSScan/116/475136        48436 ns        48440 ns        14430
AoSScan/117/479232        48483 ns        48487 ns        14459
AoSScan/118/483328        48517 ns        48522 ns        14441
AoSScan/119/487424        48548 ns        48552 ns        14426
AoSScan/120/491520        48601 ns        48606 ns        14392
AoSScan/121/495616        48644 ns        48649 ns        14386
AoSScan/122/499712        48631 ns        48635 ns        14365
AoSScan/123/503808        48639 ns        48643 ns        14360
AoSScan/124/507904        48557 ns        48562 ns        14440
AoSScan/125/512000        48775 ns        48779 ns        14360
AoSScan/126/516096        48595 ns        48599 ns        14414
AoSScan/127/520192        48492 ns        48496 ns        14440
AoSScan/128/524288       105614 ns       105623 ns         6975
AoSScan/129/528384        48636 ns        48640 ns        14389
AoSScan/130/532480        48540 ns        48544 ns        14427
AoSScan/131/536576        48661 ns        48666 ns        14352
AoSScan/132/540672        48994 ns        48998 ns        14297
AoSScan/133/544768        48912 ns        48916 ns        14332
AoSScan/134/548864        48876 ns        48880 ns        14309
AoSScan/135/552960        48963 ns        48967 ns        14331
AoSScan/136/557056        49355 ns        49359 ns        14162
AoSScan/137/561152        48969 ns        48973 ns        14237
AoSScan/138/565248        49111 ns        49115 ns        14228
AoSScan/139/569344        49279 ns        49283 ns        14214
AoSScan/140/573440        49281 ns        49284 ns        14203
AoSScan/141/577536        49379 ns        49383 ns        14180
AoSScan/142/581632        49395 ns        49398 ns        14158
AoSScan/143/585728        49459 ns        49462 ns        14139
AoSScan/144/589824        49544 ns        49548 ns        14120
AoSScan/145/593920        49545 ns        49548 ns        14147
AoSScan/146/598016        49499 ns        49503 ns        14128
AoSScan/147/602112        49919 ns        49923 ns        14116
AoSScan/148/606208        49517 ns        49520 ns        14104
AoSScan/149/610304        49579 ns        49583 ns        14104
AoSScan/150/614400        49686 ns        49689 ns        14090
AoSScan/151/618496        49733 ns        49736 ns        13944
AoSScan/152/622592        49707 ns        49711 ns        13957
AoSScan/153/626688        49718 ns        49722 ns        14102
AoSScan/154/630784        50058 ns        50061 ns        13894
AoSScan/155/634880        50055 ns        50057 ns        13911
AoSScan/156/638976        50398 ns        50402 ns        13912
AoSScan/157/643072        50005 ns        50008 ns        13938
AoSScan/158/647168        49918 ns        49921 ns        14005
AoSScan/159/651264        50164 ns        50167 ns        13846
AoSScan/160/655360        50912 ns        50914 ns        13812
AoSScan/161/659456        50094 ns        50098 ns        13785
AoSScan/162/663552        50296 ns        50299 ns        13793
AoSScan/163/667648        50347 ns        50350 ns        13881
AoSScan/164/671744        50568 ns        50571 ns        13823
AoSScan/165/675840        50602 ns        50606 ns        13860
AoSScan/166/679936        50587 ns        50590 ns        13759
AoSScan/167/684032        50684 ns        50688 ns        13751
AoSScan/168/688128        50729 ns        50733 ns        13716
AoSScan/169/692224        50797 ns        50799 ns        13721
AoSScan/170/696320        50891 ns        50894 ns        13679
AoSScan/171/700416        50790 ns        50792 ns        13732
AoSScan/172/704512        50883 ns        50886 ns        13641
AoSScan/173/708608        50914 ns        50917 ns        13585
AoSScan/174/712704        50769 ns        50772 ns        13755
AoSScan/175/716800        50901 ns        50904 ns        13657
AoSScan/176/720896        51073 ns        51076 ns        13689
AoSScan/177/724992        50785 ns        50788 ns        13727
AoSScan/178/729088        50838 ns        50841 ns        13673
AoSScan/179/733184        50697 ns        50700 ns        13706
AoSScan/180/737280        50535 ns        50538 ns        13703
AoSScan/181/741376        50621 ns        50624 ns        13734
AoSScan/182/745472        50416 ns        50420 ns        13796
AoSScan/183/749568        50337 ns        50341 ns        13799
AoSScan/184/753664        50453 ns        50456 ns        13801
AoSScan/185/757760        50209 ns        50212 ns        13734
AoSScan/186/761856        50243 ns        50245 ns        13860
AoSScan/187/765952        50106 ns        50109 ns        13925
AoSScan/188/770048        50065 ns        50068 ns        13814
AoSScan/189/774144        50193 ns        50195 ns        13874
AoSScan/190/778240        50219 ns        50222 ns        13902
AoSScan/191/782336        50259 ns        50262 ns        13802
AoSScan/192/786432        75163 ns        75167 ns         9314
AoSScan/193/790528        50251 ns        50253 ns        13801
AoSScan/194/794624        50179 ns        50182 ns        13809
AoSScan/195/798720        50266 ns        50268 ns        13876
AoSScan/196/802816        50351 ns        50354 ns        13813
AoSScan/197/806912        50296 ns        50299 ns        13819
AoSScan/198/811008        50548 ns        50551 ns        13747
AoSScan/199/815104        50598 ns        50601 ns        13672
AoSScan/200/819200        50639 ns        50642 ns        13679
AoSScan/201/823296        50457 ns        50459 ns        13763
AoSScan/202/827392        50400 ns        50403 ns        13741
AoSScan/203/831488        50463 ns        50465 ns        13776
AoSScan/204/835584        50581 ns        50583 ns        13724
AoSScan/205/839680        50556 ns        50558 ns        13821
AoSScan/206/843776        50581 ns        50583 ns        13803
AoSScan/207/847872        50615 ns        50617 ns        13683
AoSScan/208/851968        50910 ns        50911 ns        13586
AoSScan/209/856064        50956 ns        50958 ns        13727
AoSScan/210/860160        51057 ns        51059 ns        13623
AoSScan/211/864256        50941 ns        50944 ns        13620
AoSScan/212/868352        50905 ns        50907 ns        13678
AoSScan/213/872448        51040 ns        51043 ns        13643
AoSScan/214/876544        51101 ns        51104 ns        13580
AoSScan/215/880640        51013 ns        51016 ns        13594
AoSScan/216/884736        51340 ns        51343 ns        13546
AoSScan/217/888832        50989 ns        50991 ns        13681
AoSScan/218/892928        51003 ns        51006 ns        13703
AoSScan/219/897024        51056 ns        51058 ns        13651
AoSScan/220/901120        50911 ns        50913 ns        13692
AoSScan/221/905216        51061 ns        51063 ns        13654
AoSScan/222/909312        51007 ns        51010 ns        13637
AoSScan/223/913408        50933 ns        50935 ns        13621
AoSScan/224/917504        52033 ns        52036 ns        13196
AoSScan/225/921600        51058 ns        51060 ns        13556
AoSScan/226/925696        50922 ns        50924 ns        13618
AoSScan/227/929792        51416 ns        51418 ns        13595
AoSScan/228/933888        51324 ns        51327 ns        13542
AoSScan/229/937984        51278 ns        51280 ns        13588
AoSScan/230/942080        51227 ns        51229 ns        13571
AoSScan/231/946176        51379 ns        51380 ns        13548
AoSScan/232/950272        51472 ns        51474 ns        13508
AoSScan/233/954368        51442 ns        51444 ns        13597
AoSScan/234/958464        51293 ns        51295 ns        13561
AoSScan/235/962560        59194 ns        59196 ns        13542
AoSScan/236/966656        51300 ns        51302 ns        13654
AoSScan/237/970752        51237 ns        51240 ns        13526
AoSScan/238/974848        51347 ns        51349 ns        13492
AoSScan/239/978944        51407 ns        51409 ns        13581
AoSScan/240/983040        51557 ns        51559 ns        13462
AoSScan/241/987136        51427 ns        51428 ns        13497
AoSScan/242/991232        51305 ns        51307 ns        13482
AoSScan/243/995328        51561 ns        51563 ns        13505
AoSScan/244/999424        51367 ns        51369 ns        13583
AoSScan/245/1003520       52195 ns        52196 ns        13582
AoSScan/246/1007616       76391 ns        76394 ns         9010
AoSScan/247/1011712       51254 ns        51256 ns        13552
AoSScan/248/1015808       51457 ns        51460 ns        13523
AoSScan/249/1019904       51548 ns        51550 ns        13575
AoSScan/250/1024000       51456 ns        51458 ns        13526
AoSScan/251/1028096       51464 ns        51466 ns        13486
AoSScan/252/1032192       51549 ns        51548 ns        13563
AoSScan/253/1036288       51485 ns        51487 ns        13536
AoSScan/254/1040384       51630 ns        51632 ns        13512
AoSScan/255/1044480       51789 ns        51791 ns        13561
AoSScan/256/1048576      143787 ns       143792 ns         4835
AoSScan/257/1052672       51808 ns        51808 ns        13397
AoSScan/258/1056768       51656 ns        51658 ns        13541
AoSScan/259/1060864       51536 ns        51538 ns        13496
AoSScan/260/1064960       51451 ns        51453 ns        13516
AoSScan/261/1069056       51674 ns        51673 ns        13499
AoSScan/262/1073152       51510 ns        51512 ns        13537
AoSScan/263/1077248       51619 ns        51621 ns        13458
AoSScan/264/1081344       51927 ns        51929 ns        13356
AoSScan/265/1085440       51755 ns        51757 ns        13472
AoSScan/266/1089536       51628 ns        51628 ns        13229
AoSScan/267/1093632       51630 ns        51631 ns        13419
AoSScan/268/1097728       51612 ns        51613 ns        13461
AoSScan/269/1101824       51447 ns        51448 ns        13485
AoSScan/270/1105920       51819 ns        51821 ns        13458
AoSScan/271/1110016       51633 ns        51635 ns        13487
AoSScan/272/1114112       51811 ns        51812 ns        13347
AoSScan/273/1118208       51740 ns        51742 ns        13431
AoSScan/274/1122304       51638 ns        51640 ns        13417
AoSScan/275/1126400       51634 ns        51635 ns        13481
AoSScan/276/1130496       51645 ns        51647 ns        13482
AoSScan/277/1134592       51631 ns        51633 ns        13498
AoSScan/278/1138688       51578 ns        51580 ns        13462
AoSScan/279/1142784       51793 ns        51795 ns        13456
AoSScan/280/1146880       51996 ns        51995 ns        13386
AoSScan/281/1150976       51707 ns        51708 ns        13485
AoSScan/282/1155072       51738 ns        51740 ns        13579
AoSScan/283/1159168       51729 ns        51731 ns        13489
AoSScan/284/1163264       51693 ns        51694 ns        13489
AoSScan/285/1167360       51633 ns        51635 ns        13496
AoSScan/286/1171456       51686 ns        51687 ns        13432
AoSScan/287/1175552       51690 ns        51691 ns        13464
AoSScan/288/1179648       53353 ns        53354 ns        12970
AoSScan/289/1183744       51790 ns        51790 ns        13426
AoSScan/290/1187840       51722 ns        51724 ns        13429
AoSScan/291/1191936       51655 ns        51656 ns        13424
AoSScan/292/1196032       51607 ns        51609 ns        13472
AoSScan/293/1200128       51659 ns        51661 ns        13486
AoSScan/294/1204224       51609 ns        51610 ns        13469
AoSScan/295/1208320       51529 ns        51530 ns        13426
AoSScan/296/1212416       51759 ns        51761 ns        13362
AoSScan/297/1216512       51857 ns        51858 ns        13494
AoSScan/298/1220608       51784 ns        51785 ns        13493
AoSScan/299/1224704       51564 ns        51565 ns        13479
AoSScan/300/1228800       51669 ns        51665 ns        13529
AoSScan/301/1232896       51671 ns        51672 ns        13414
AoSScan/302/1236992       51506 ns        51507 ns        13466
AoSScan/303/1241088       51584 ns        51585 ns        13435
AoSScan/304/1245184       51720 ns        51720 ns        13339
AoSScan/305/1249280       51435 ns        51436 ns        13509
AoSScan/306/1253376       51389 ns        51389 ns        13457
AoSScan/307/1257472       51456 ns        51457 ns        13430
AoSScan/308/1261568       51521 ns        51522 ns        13436
AoSScan/309/1265664       51627 ns        51628 ns        13462
AoSScan/310/1269760       51657 ns        51659 ns        13393
AoSScan/311/1273856       51602 ns        51604 ns        13507
AoSScan/312/1277952       51708 ns        51709 ns        13400
AoSScan/313/1282048       51558 ns        51559 ns        13455
AoSScan/314/1286144       51693 ns        51694 ns        13482
AoSScan/315/1290240       51550 ns        51551 ns        13411
AoSScan/316/1294336       51729 ns        51730 ns        13449
AoSScan/317/1298432       51692 ns        51693 ns        13479
AoSScan/318/1302528       51604 ns        51606 ns        13501
AoSScan/319/1306624       51655 ns        51656 ns        13495
AoSScan/320/1310720       64923 ns        64924 ns        10481
AoSScan/321/1314816       51670 ns        51671 ns        13441
AoSScan/322/1318912       51549 ns        51550 ns        13526
AoSScan/323/1323008       51733 ns        51735 ns        13462
AoSScan/324/1327104       51692 ns        51693 ns        13463
AoSScan/325/1331200       51649 ns        51650 ns        13398
AoSScan/326/1335296       51560 ns        51561 ns        13497
AoSScan/327/1339392       51481 ns        51482 ns        13520
AoSScan/328/1343488       51629 ns        51629 ns        13479
AoSScan/329/1347584       51576 ns        51578 ns        13419
AoSScan/330/1351680       51546 ns        51546 ns        13417
AoSScan/331/1355776       51409 ns        51410 ns        13515
AoSScan/332/1359872       51680 ns        51681 ns        13534
AoSScan/333/1363968       51586 ns        51587 ns        13460
AoSScan/334/1368064       51733 ns        51734 ns        13497
AoSScan/335/1372160       51748 ns        51749 ns        13442
AoSScan/336/1376256       52044 ns        52045 ns        13271
AoSScan/337/1380352       51760 ns        51761 ns        13383
AoSScan/338/1384448       51842 ns        51843 ns        13380
AoSScan/339/1388544       51810 ns        51811 ns        13434
AoSScan/340/1392640       51854 ns        51855 ns        13334
AoSScan/341/1396736       51869 ns        51869 ns        13431
AoSScan/342/1400832       51689 ns        51690 ns        13449
AoSScan/343/1404928       51767 ns        51767 ns        13466
AoSScan/344/1409024       51859 ns        51859 ns        13331
AoSScan/345/1413120       51894 ns        51895 ns        13432
AoSScan/346/1417216       51737 ns        51738 ns        13404
AoSScan/347/1421312       51769 ns        51770 ns        13404
AoSScan/348/1425408       51793 ns        51794 ns        13414
AoSScan/349/1429504       51829 ns        51829 ns        13475
AoSScan/350/1433600       51668 ns        51669 ns        13425
AoSScan/351/1437696       51836 ns        51837 ns        13366
AoSScan/352/1441792       53247 ns        53248 ns        13330
AoSScan/353/1445888       51792 ns        51793 ns        13431
AoSScan/354/1449984       51710 ns        51711 ns        13403
AoSScan/355/1454080       51742 ns        51743 ns        13388
AoSScan/356/1458176       51911 ns        51912 ns        13465
AoSScan/357/1462272       51708 ns        51708 ns        13359
AoSScan/358/1466368       51714 ns        51715 ns        13388
AoSScan/359/1470464       51624 ns        51625 ns        13366
AoSScan/360/1474560       51831 ns        51831 ns        13433
AoSScan/361/1478656       51677 ns        51678 ns        13472
AoSScan/362/1482752       51598 ns        51598 ns        13389
AoSScan/363/1486848       51515 ns        51516 ns        13534
AoSScan/364/1490944       51566 ns        51566 ns        13509
AoSScan/365/1495040       51655 ns        51655 ns        13514
AoSScan/366/1499136       51687 ns        51688 ns        13459
AoSScan/367/1503232       51656 ns        51656 ns        13464
AoSScan/368/1507328       51699 ns        51699 ns        13343
AoSScan/369/1511424       51676 ns        51676 ns        13414
AoSScan/370/1515520       51520 ns        51521 ns        13474
AoSScan/371/1519616       51533 ns        51534 ns        13449
AoSScan/372/1523712       51702 ns        51703 ns        13407
AoSScan/373/1527808       51676 ns        51677 ns        13411
AoSScan/374/1531904       51596 ns        51597 ns        13496
AoSScan/375/1536000       51612 ns        51612 ns        13511
AoSScan/376/1540096       51627 ns        51627 ns        13449
AoSScan/377/1544192       51449 ns        51450 ns        13458
AoSScan/378/1548288       51704 ns        51705 ns        13389
AoSScan/379/1552384       51651 ns        51650 ns        13483
AoSScan/380/1556480       51529 ns        51529 ns        13457
AoSScan/381/1560576       51563 ns        51563 ns        13472
AoSScan/382/1564672       51707 ns        51708 ns        13490
AoSScan/383/1568768       51728 ns        51729 ns        13473
AoSScan/384/1572864      119227 ns       119229 ns         6252
AoSScan/385/1576960       51585 ns        51586 ns        13457
AoSScan/386/1581056       51678 ns        51678 ns        13440
AoSScan/387/1585152       51592 ns        51593 ns        13474
AoSScan/388/1589248       51667 ns        51667 ns        13450
AoSScan/389/1593344       51564 ns        51565 ns        13489
AoSScan/390/1597440       51580 ns        51580 ns        13386
AoSScan/391/1601536       51444 ns        51444 ns        13547
AoSScan/392/1605632       51646 ns        51646 ns        13445
AoSScan/393/1609728       51584 ns        51584 ns        13439
AoSScan/394/1613824       51529 ns        51529 ns        13486
AoSScan/395/1617920       51530 ns        51530 ns        13535
AoSScan/396/1622016       51580 ns        51580 ns        13425
AoSScan/397/1626112       51644 ns        51644 ns        13435
AoSScan/398/1630208       51633 ns        51634 ns        13434
AoSScan/399/1634304       51581 ns        51581 ns        13458
AoSScan/400/1638400       51949 ns        51950 ns        13328
AoSScan/401/1642496       51721 ns        51722 ns        13450
AoSScan/402/1646592       51639 ns        51639 ns        13477
AoSScan/403/1650688       51634 ns        51634 ns        13451
AoSScan/404/1654784       51659 ns        51660 ns        13417
AoSScan/405/1658880       51729 ns        51729 ns        13341
AoSScan/406/1662976       51657 ns        51657 ns        13454
AoSScan/407/1667072       51736 ns        51737 ns        13424
AoSScan/408/1671168       51995 ns        51995 ns        13378
AoSScan/409/1675264       52014 ns        52014 ns        13380
AoSScan/410/1679360       51893 ns        51893 ns        13397
AoSScan/411/1683456       51912 ns        51912 ns        13427
AoSScan/412/1687552       51898 ns        51898 ns        13469
AoSScan/413/1691648       51823 ns        51823 ns        13357
AoSScan/414/1695744       51739 ns        51739 ns        13433
AoSScan/415/1699840       51884 ns        51884 ns        13415
AoSScan/416/1703936       51998 ns        51998 ns        13325
AoSScan/417/1708032       51874 ns        51873 ns        13452
AoSScan/418/1712128       51770 ns        51770 ns        13359
AoSScan/419/1716224       51842 ns        51843 ns        13474
AoSScan/420/1720320       51775 ns        51776 ns        13425
AoSScan/421/1724416       51701 ns        51701 ns        13450
AoSScan/422/1728512       52026 ns        52027 ns        13427
AoSScan/423/1732608       51765 ns        51766 ns        13350
AoSScan/424/1736704       52002 ns        52002 ns        13332
AoSScan/425/1740800       51823 ns        51824 ns        13461
AoSScan/426/1744896       51756 ns        51756 ns        13389
AoSScan/427/1748992       51847 ns        51847 ns        13429
AoSScan/428/1753088       51893 ns        51892 ns        13411
AoSScan/429/1757184       51856 ns        51856 ns        13411
AoSScan/430/1761280       51895 ns        51895 ns        13367
AoSScan/431/1765376       51991 ns        51992 ns        13314
AoSScan/432/1769472       52036 ns        52036 ns        13367
AoSScan/433/1773568       51894 ns        51894 ns        13438
AoSScan/434/1777664       51831 ns        51831 ns        13441
AoSScan/435/1781760       52041 ns        52041 ns        13328
AoSScan/436/1785856       51997 ns        51997 ns        13309
AoSScan/437/1789952       51754 ns        51754 ns        13383
AoSScan/438/1794048       51859 ns        51859 ns        13404
AoSScan/439/1798144       51953 ns        51952 ns        13356
AoSScan/440/1802240       51994 ns        51994 ns        13410
AoSScan/441/1806336       51920 ns        51920 ns        13374
AoSScan/442/1810432       52002 ns        52003 ns        13394
AoSScan/443/1814528       51922 ns        51922 ns        13334
AoSScan/444/1818624       52108 ns        52109 ns        13369
AoSScan/445/1822720       52078 ns        52078 ns        13382
AoSScan/446/1826816       51846 ns        51846 ns        13348
AoSScan/447/1830912       52103 ns        52103 ns        13332
AoSScan/448/1835008       75610 ns        75610 ns        11079
AoSScan/449/1839104       52035 ns        52035 ns        13434
AoSScan/450/1843200       51918 ns        51917 ns        13409
AoSScan/451/1847296       52132 ns        52132 ns        13344
AoSScan/452/1851392       52017 ns        52017 ns        13405
AoSScan/453/1855488       52051 ns        52051 ns        13393
AoSScan/454/1859584       52050 ns        52050 ns        13330
AoSScan/455/1863680       52027 ns        52027 ns        13348
AoSScan/456/1867776       52005 ns        52005 ns        13372
AoSScan/457/1871872       52030 ns        52031 ns        13317
AoSScan/458/1875968       51930 ns        51930 ns        13462
AoSScan/459/1880064       52037 ns        52037 ns        13395
AoSScan/460/1884160       51787 ns        51788 ns        13371
AoSScan/461/1888256       52133 ns        52132 ns        13365
AoSScan/462/1892352       51922 ns        51922 ns        13377
AoSScan/463/1896448       51938 ns        51938 ns        13417
AoSScan/464/1900544       52051 ns        52051 ns        13374
AoSScan/465/1904640       51623 ns        51623 ns        13531
AoSScan/466/1908736       51745 ns        51745 ns        13462
AoSScan/467/1912832       51865 ns        51865 ns        13495
AoSScan/468/1916928       51771 ns        51771 ns        13425
AoSScan/469/1921024       51737 ns        51737 ns        13460
AoSScan/470/1925120       51704 ns        51704 ns        13471
AoSScan/471/1929216       51637 ns        51637 ns        13457
AoSScan/472/1933312       51782 ns        51782 ns        13409
AoSScan/473/1937408       51727 ns        51728 ns        13529
AoSScan/474/1941504       51752 ns        51752 ns        13445
AoSScan/475/1945600       51766 ns        51766 ns        13458
AoSScan/476/1949696       51806 ns        51806 ns        13439
AoSScan/477/1953792       51733 ns        51732 ns        13493
AoSScan/478/1957888       51509 ns        51509 ns        13509
AoSScan/479/1961984       51720 ns        51720 ns        13488
AoSScan/480/1966080       51924 ns        51924 ns        13366
AoSScan/481/1970176       51760 ns        51760 ns        13429
AoSScan/482/1974272       51560 ns        51560 ns        13476
AoSScan/483/1978368       51743 ns        51743 ns        13508
AoSScan/484/1982464       51598 ns        51598 ns        13464
AoSScan/485/1986560       51816 ns        51815 ns        13412
AoSScan/486/1990656       52225 ns        52225 ns        12935
AoSScan/487/1994752       51668 ns        51668 ns        13478
AoSScan/488/1998848       51811 ns        51810 ns        13403
AoSScan/489/2002944       51827 ns        51827 ns        13453
AoSScan/490/2007040       51859 ns        51859 ns        13460
AoSScan/491/2011136       51968 ns        51968 ns        13354
AoSScan/492/2015232       51806 ns        51806 ns        13310
AoSScan/493/2019328       51676 ns        51676 ns        13454
AoSScan/494/2023424       51718 ns        51718 ns        13464
AoSScan/495/2027520       51858 ns        51857 ns        13450
AoSScan/496/2031616       52126 ns        52126 ns        13321
AoSScan/497/2035712       51749 ns        51748 ns        13471
AoSScan/498/2039808       51718 ns        51718 ns        13446
AoSScan/499/2043904       51768 ns        51767 ns        13454
AoSScan/500/2048000       51571 ns        51571 ns        13421
AoSScan/501/2052096       51754 ns        51753 ns        13483
AoSScan/502/2056192       51678 ns        51678 ns        13412
AoSScan/503/2060288       51769 ns        51769 ns        13433
AoSScan/504/2064384       51992 ns        51992 ns        13389
AoSScan/505/2068480       51892 ns        51892 ns        13372
AoSScan/506/2072576       51780 ns        51779 ns        13426
AoSScan/507/2076672       51607 ns        51607 ns        13461
AoSScan/508/2080768       51534 ns        51534 ns        13478
AoSScan/509/2084864       51812 ns        51811 ns        13395
AoSScan/510/2088960       51959 ns        51959 ns        13363
AoSScan/511/2093056       51842 ns        51842 ns        13383
AoSScan/512/2097152      144482 ns       144482 ns         4803
AoSScan/513/2101248       51920 ns        51920 ns        13342
AoSScan/514/2105344       51864 ns        51864 ns        13387
AoSScan/515/2109440       52056 ns        52054 ns        13429
AoSScan/516/2113536       51848 ns        51848 ns        13426
AoSScan/517/2117632       51934 ns        51934 ns        13386
AoSScan/518/2121728       51943 ns        51943 ns        13350
AoSScan/519/2125824       51895 ns        51894 ns        13338
AoSScan/520/2129920       52094 ns        52093 ns        13345
AoSScan/521/2134016       51884 ns        51884 ns        13398
AoSScan/522/2138112       52017 ns        52016 ns        13319
AoSScan/523/2142208       51898 ns        51898 ns        13431
AoSScan/524/2146304       51927 ns        51926 ns        13380
AoSScan/525/2150400       51854 ns        51854 ns        13415
AoSScan/526/2154496       52008 ns        52007 ns        13413
AoSScan/527/2158592       52036 ns        52035 ns        13431
AoSScan/528/2162688       52167 ns        52167 ns        13264
AoSScan/529/2166784       52016 ns        52016 ns        13369
AoSScan/530/2170880       52088 ns        52087 ns        13374
AoSScan/531/2174976       52119 ns        52119 ns        13342
AoSScan/532/2179072       52115 ns        52115 ns        13308
AoSScan/533/2183168       52156 ns        52156 ns        13324
AoSScan/534/2187264       52085 ns        52085 ns        13401
AoSScan/535/2191360       52364 ns        52360 ns        13314
AoSScan/536/2195456       52262 ns        52262 ns        13328
AoSScan/537/2199552       52259 ns        52259 ns        13283
AoSScan/538/2203648       52059 ns        52059 ns        13336
AoSScan/539/2207744       52029 ns        52028 ns        13352
AoSScan/540/2211840       52227 ns        52227 ns        13366
AoSScan/541/2215936       51975 ns        51975 ns        13345
AoSScan/542/2220032       52049 ns        52049 ns        13435
AoSScan/543/2224128       52113 ns        52113 ns        13384
AoSScan/544/2228224       52494 ns        52493 ns        13240
AoSScan/545/2232320       52068 ns        52067 ns        13403
AoSScan/546/2236416       52048 ns        52048 ns        13423
AoSScan/547/2240512       51966 ns        51966 ns        13362
AoSScan/548/2244608       52150 ns        52150 ns        13420
AoSScan/549/2248704       52024 ns        52023 ns        13399
AoSScan/550/2252800       51876 ns        51875 ns        13379
AoSScan/551/2256896       51807 ns        51806 ns        13386
AoSScan/552/2260992       52170 ns        52170 ns        13347
AoSScan/553/2265088       52178 ns        52177 ns        13307
AoSScan/554/2269184       51856 ns        51855 ns        13377
AoSScan/555/2273280       52916 ns        52916 ns        13021
AoSScan/556/2277376       52021 ns        52021 ns        13391
AoSScan/557/2281472       52145 ns        52145 ns        13303
AoSScan/558/2285568       52116 ns        52115 ns        13365
AoSScan/559/2289664       52119 ns        52119 ns        13299
AoSScan/560/2293760       52379 ns        52378 ns        13268
AoSScan/561/2297856       52097 ns        52097 ns        13399
AoSScan/562/2301952       52286 ns        52285 ns        13354
AoSScan/563/2306048       52367 ns        52367 ns        13349
AoSScan/564/2310144       52199 ns        52199 ns        13320
AoSScan/565/2314240       51853 ns        51853 ns        13461
AoSScan/566/2318336       52212 ns        52211 ns        13327
AoSScan/567/2322432       52319 ns        52318 ns        13321
AoSScan/568/2326528       52254 ns        52254 ns        13358
AoSScan/569/2330624       52065 ns        52065 ns        13357
AoSScan/570/2334720       51869 ns        51869 ns        13445
AoSScan/571/2338816       52171 ns        52170 ns        13381
AoSScan/572/2342912       52093 ns        52093 ns        13370
AoSScan/573/2347008       52005 ns        52004 ns        13293
AoSScan/574/2351104       52213 ns        52213 ns        13345
AoSScan/575/2355200       52262 ns        52262 ns        13326
AoSScan/576/2359296       58444 ns        58444 ns        10162
AoSScan/577/2363392       52208 ns        52208 ns        13340
AoSScan/578/2367488       51944 ns        51943 ns        13392
AoSScan/579/2371584       52197 ns        52197 ns        13311
AoSScan/580/2375680       52553 ns        52553 ns        13228
AoSScan/581/2379776       52451 ns        52450 ns        13312
AoSScan/582/2383872       52253 ns        52252 ns        13222
AoSScan/583/2387968       52346 ns        52346 ns        13290
AoSScan/584/2392064       52149 ns        52148 ns        13328
AoSScan/585/2396160       52088 ns        52088 ns        13361
AoSScan/586/2400256       52117 ns        52117 ns        13329
AoSScan/587/2404352       52194 ns        52193 ns        13320
AoSScan/588/2408448       52099 ns        52098 ns        13229
AoSScan/589/2412544       52115 ns        52114 ns        13358
AoSScan/590/2416640       52156 ns        52156 ns        13312
AoSScan/591/2420736       52146 ns        52145 ns        13330
AoSScan/592/2424832       52234 ns        52234 ns        13298
AoSScan/593/2428928       52033 ns        52033 ns        13350
AoSScan/594/2433024       52101 ns        52101 ns        13334
AoSScan/595/2437120       52090 ns        52089 ns        13317
AoSScan/596/2441216       51865 ns        51865 ns        13309
AoSScan/597/2445312       51942 ns        51941 ns        13397
AoSScan/598/2449408       51927 ns        51926 ns        13342
AoSScan/599/2453504       51924 ns        51923 ns        13323
AoSScan/600/2457600       52158 ns        52157 ns        13228
AoSScan/601/2461696       52048 ns        52048 ns        13362
AoSScan/602/2465792       52140 ns        52139 ns        13371
AoSScan/603/2469888       52156 ns        52155 ns        13312
AoSScan/604/2473984       52371 ns        52369 ns        13246
AoSScan/605/2478080       52263 ns        52262 ns        13312
AoSScan/606/2482176       52249 ns        52249 ns        13327
AoSScan/607/2486272       51902 ns        51902 ns        13350
AoSScan/608/2490368       52454 ns        52454 ns        13010
AoSScan/609/2494464       52092 ns        52092 ns        13307
AoSScan/610/2498560       52267 ns        52266 ns        13293
AoSScan/611/2502656       52142 ns        52142 ns        13345
AoSScan/612/2506752       52231 ns        52230 ns        13347
AoSScan/613/2510848       52489 ns        52488 ns        13355
AoSScan/614/2514944       52437 ns        52436 ns        13230
AoSScan/615/2519040       52657 ns        52657 ns        13268
AoSScan/616/2523136       52522 ns        52521 ns        13172
AoSScan/617/2527232       52490 ns        52489 ns        13337
AoSScan/618/2531328       52353 ns        52352 ns        13251
AoSScan/619/2535424       52478 ns        52478 ns        13301
AoSScan/620/2539520       52448 ns        52447 ns        13317
AoSScan/621/2543616       52513 ns        52511 ns        13271
AoSScan/622/2547712       52373 ns        52372 ns        13286
AoSScan/623/2551808       52400 ns        52400 ns        13288
AoSScan/624/2555904       52550 ns        52549 ns        13211
AoSScan/625/2560000       52457 ns        52456 ns        13141
AoSScan/626/2564096       52386 ns        52385 ns        13268
AoSScan/627/2568192       52298 ns        52297 ns        13225
AoSScan/628/2572288       52437 ns        52437 ns        13254
AoSScan/629/2576384       52489 ns        52488 ns        13247
AoSScan/630/2580480       52583 ns        52582 ns        13176
AoSScan/631/2584576       52381 ns        52380 ns        13240
AoSScan/632/2588672       52627 ns        52626 ns        13069
AoSScan/633/2592768       52422 ns        52420 ns        13244
AoSScan/634/2596864       52474 ns        52473 ns        13245
AoSScan/635/2600960       52321 ns        52320 ns        13290
AoSScan/636/2605056       52311 ns        52311 ns        13297
AoSScan/637/2609152       52318 ns        52318 ns        13250
AoSScan/638/2613248       52419 ns        52418 ns        13263
AoSScan/639/2617344       52562 ns        52562 ns        13242
AoSScan/640/2621440      110390 ns       110388 ns         6281
AoSScan/641/2625536       52596 ns        52596 ns        13237
AoSScan/642/2629632       52531 ns        52530 ns        13220
AoSScan/643/2633728       52510 ns        52509 ns        13189
AoSScan/644/2637824       52446 ns        52444 ns        13240
AoSScan/645/2641920       52409 ns        52409 ns        13242
AoSScan/646/2646016       52571 ns        52570 ns        13183
AoSScan/647/2650112       52488 ns        52487 ns        13200
AoSScan/648/2654208       52767 ns        52766 ns        13226
AoSScan/649/2658304       52567 ns        52566 ns        13165
AoSScan/650/2662400       52572 ns        52569 ns        13193
AoSScan/651/2666496       52774 ns        52773 ns        13247
AoSScan/652/2670592       52662 ns        52662 ns        13121
AoSScan/653/2674688       52479 ns        52478 ns        13260
AoSScan/654/2678784       52615 ns        52614 ns        13209
AoSScan/655/2682880       52639 ns        52638 ns        13190
AoSScan/656/2686976       52812 ns        52812 ns        13211
AoSScan/657/2691072       52678 ns        52677 ns        13262
AoSScan/658/2695168       53488 ns        53480 ns        13237
AoSScan/659/2699264       52811 ns        52811 ns        13214
AoSScan/660/2703360       52728 ns        52727 ns        13174
AoSScan/661/2707456       52648 ns        52647 ns        13220
AoSScan/662/2711552       52952 ns        52951 ns        13164
AoSScan/663/2715648       52852 ns        52852 ns        13164
AoSScan/664/2719744       53027 ns        53026 ns        13148
AoSScan/665/2723840       52371 ns        52370 ns        13323
AoSScan/666/2727936       52386 ns        52386 ns        13289
AoSScan/667/2732032       52292 ns        52291 ns        13255
AoSScan/668/2736128       52405 ns        52405 ns        13267
AoSScan/669/2740224       52304 ns        52304 ns        13132
AoSScan/670/2744320       52192 ns        52192 ns        13304
AoSScan/671/2748416       52438 ns        52437 ns        13249
AoSScan/672/2752512       52450 ns        52449 ns        13134
AoSScan/673/2756608       52454 ns        52453 ns        13266
AoSScan/674/2760704       52342 ns        52341 ns        13337
AoSScan/675/2764800       52299 ns        52298 ns        13250
AoSScan/676/2768896       52288 ns        52287 ns        13287
AoSScan/677/2772992       52359 ns        52359 ns        13221
AoSScan/678/2777088       52341 ns        52340 ns        13252
AoSScan/679/2781184       52399 ns        52399 ns        13280
AoSScan/680/2785280       52500 ns        52499 ns        13161
AoSScan/681/2789376       52219 ns        52218 ns        13260
AoSScan/682/2793472       52393 ns        52393 ns        13180
AoSScan/683/2797568       52475 ns        52475 ns        13291
AoSScan/684/2801664       52412 ns        52411 ns        13278
AoSScan/685/2805760       52382 ns        52381 ns        13022
AoSScan/686/2809856       52402 ns        52402 ns        13126
AoSScan/687/2813952       52263 ns        52263 ns        13286
AoSScan/688/2818048       52265 ns        52264 ns        13308
AoSScan/689/2822144       52489 ns        52488 ns        13239
AoSScan/690/2826240       52454 ns        52453 ns        13203
AoSScan/691/2830336       52423 ns        52422 ns        13216
AoSScan/692/2834432       52381 ns        52380 ns        13309
AoSScan/693/2838528       52291 ns        52291 ns        13195
AoSScan/694/2842624       52221 ns        52220 ns        13207
AoSScan/695/2846720       52299 ns        52298 ns        13298
AoSScan/696/2850816       52496 ns        52496 ns        13224
AoSScan/697/2854912       52395 ns        52394 ns        13345
AoSScan/698/2859008       52434 ns        52434 ns        13243
AoSScan/699/2863104       52268 ns        52267 ns        13300
AoSScan/700/2867200       52277 ns        52276 ns        13324
AoSScan/701/2871296       52310 ns        52309 ns        13322
AoSScan/702/2875392       52310 ns        52310 ns        13213
AoSScan/703/2879488       52204 ns        52203 ns        13330
AoSScan/704/2883584       59755 ns        59754 ns        11514
AoSScan/705/2887680       52311 ns        52310 ns        13331
AoSScan/706/2891776       52328 ns        52327 ns        13302
AoSScan/707/2895872       52326 ns        52325 ns        12967
AoSScan/708/2899968       52277 ns        52277 ns        13386
AoSScan/709/2904064       52157 ns        52156 ns        13343
AoSScan/710/2908160       52165 ns        52164 ns        13352
AoSScan/711/2912256       52325 ns        52324 ns        13294
AoSScan/712/2916352       52272 ns        52272 ns        13344
AoSScan/713/2920448       52182 ns        52182 ns        13358
AoSScan/714/2924544       52172 ns        52172 ns        13262
AoSScan/715/2928640       52588 ns        52588 ns        13305
AoSScan/716/2932736       52617 ns        52617 ns        13079
AoSScan/717/2936832       52046 ns        52045 ns        13210
AoSScan/718/2940928       52136 ns        52136 ns        13312
AoSScan/719/2945024       52283 ns        52282 ns        13351
AoSScan/720/2949120       52315 ns        52315 ns        13275
AoSScan/721/2953216       52181 ns        52180 ns        13293
AoSScan/722/2957312       52122 ns        52121 ns        13441
AoSScan/723/2961408       52156 ns        52156 ns        13381
AoSScan/724/2965504       52140 ns        52140 ns        13320
AoSScan/725/2969600       52044 ns        52043 ns        13189
AoSScan/726/2973696       52153 ns        52152 ns        13380
AoSScan/727/2977792       52127 ns        52126 ns        13276
AoSScan/728/2981888       52289 ns        52289 ns        13367
AoSScan/729/2985984       52172 ns        52171 ns        13399
AoSScan/730/2990080       52131 ns        52130 ns        13294
AoSScan/731/2994176       52258 ns        52258 ns        13333
AoSScan/732/2998272       52148 ns        52147 ns        13315
AoSScan/733/3002368       52040 ns        52040 ns        13250
AoSScan/734/3006464       52032 ns        52032 ns        13355
AoSScan/735/3010560       52120 ns        52120 ns        13404
AoSScan/736/3014656       52321 ns        52320 ns        13109
AoSScan/737/3018752       52057 ns        52056 ns        13376
AoSScan/738/3022848       52060 ns        52059 ns        13362
AoSScan/739/3026944       52105 ns        52104 ns        13388
AoSScan/740/3031040       52193 ns        52192 ns        13354
AoSScan/741/3035136       52047 ns        52046 ns        13324
AoSScan/742/3039232       52058 ns        52057 ns        13321
AoSScan/743/3043328       52111 ns        52111 ns        13389
AoSScan/744/3047424       52241 ns        52241 ns        13346
AoSScan/745/3051520       52150 ns        52149 ns        13355
AoSScan/746/3055616       52149 ns        52148 ns        13346
AoSScan/747/3059712       52168 ns        52167 ns        13352
AoSScan/748/3063808       51929 ns        51928 ns        13366
AoSScan/749/3067904       52150 ns        52150 ns        13266
AoSScan/750/3072000       51811 ns        51810 ns        13326
AoSScan/751/3076096       51818 ns        51817 ns        13409
AoSScan/752/3080192       52076 ns        52076 ns        13315
AoSScan/753/3084288       52031 ns        52030 ns        13416
AoSScan/754/3088384       52071 ns        52070 ns        13299
AoSScan/755/3092480       51897 ns        51896 ns        13438
AoSScan/756/3096576       52016 ns        52016 ns        13394
AoSScan/757/3100672       51932 ns        51931 ns        13339
AoSScan/758/3104768       52019 ns        52018 ns        13400
AoSScan/759/3108864       52025 ns        52024 ns        13366
AoSScan/760/3112960       52090 ns        52089 ns        13311
AoSScan/761/3117056       52406 ns        52405 ns        13453
AoSScan/762/3121152       51815 ns        51814 ns        13442
AoSScan/763/3125248       52050 ns        52049 ns        13352
AoSScan/764/3129344       52008 ns        52007 ns        13380
AoSScan/765/3133440       52037 ns        52036 ns        13218
AoSScan/766/3137536       52022 ns        52022 ns        13349
AoSScan/767/3141632       52041 ns        52040 ns        13337
AoSScan/768/3145728      145840 ns       145838 ns         4804
AoSScan/769/3149824       52107 ns        52106 ns        13314
AoSScan/770/3153920       51908 ns        51907 ns        13395
AoSScan/771/3158016       52134 ns        52133 ns        13214
AoSScan/772/3162112       51783 ns        51783 ns        13397
AoSScan/773/3166208       51796 ns        51795 ns        13452
AoSScan/774/3170304       51841 ns        51840 ns        13365
AoSScan/775/3174400       51948 ns        51947 ns        13428
AoSScan/776/3178496       51931 ns        51930 ns        13297
AoSScan/777/3182592       51974 ns        51973 ns        13378
AoSScan/778/3186688       51965 ns        51964 ns        13402
AoSScan/779/3190784       51879 ns        51878 ns        13232
AoSScan/780/3194880       51938 ns        51937 ns        13413
AoSScan/781/3198976       51902 ns        51901 ns        13344
AoSScan/782/3203072       51863 ns        51860 ns        13439
AoSScan/783/3207168       52040 ns        52039 ns        13420
AoSScan/784/3211264       52073 ns        52071 ns        13303
AoSScan/785/3215360       51968 ns        51967 ns        13470
AoSScan/786/3219456       51777 ns        51776 ns        13432
AoSScan/787/3223552       51928 ns        51928 ns        13200
AoSScan/788/3227648       51881 ns        51880 ns        13422
AoSScan/789/3231744       51879 ns        51878 ns        13421
AoSScan/790/3235840       51896 ns        51895 ns        13449
AoSScan/791/3239936       51965 ns        51964 ns        13436
AoSScan/792/3244032       52105 ns        52104 ns        13295
AoSScan/793/3248128       51869 ns        51868 ns        13405
AoSScan/794/3252224       51936 ns        51935 ns        13376
AoSScan/795/3256320       51894 ns        51893 ns        13282
AoSScan/796/3260416       57264 ns        57262 ns        13431
AoSScan/797/3264512       51931 ns        51930 ns        13520
AoSScan/798/3268608       51916 ns        51915 ns        13414
AoSScan/799/3272704       51896 ns        51894 ns        13401
AoSScan/800/3276800       52283 ns        52281 ns        13201
AoSScan/801/3280896       51997 ns        51996 ns        13409
AoSScan/802/3284992       51775 ns        51774 ns        13408
AoSScan/803/3289088       51847 ns        51846 ns        13382
AoSScan/804/3293184       51803 ns        51802 ns        13458
AoSScan/805/3297280       51883 ns        51882 ns        13377
AoSScan/806/3301376       51788 ns        51788 ns        13410
AoSScan/807/3305472       51777 ns        51776 ns        13413
AoSScan/808/3309568       51964 ns        51963 ns        13392
AoSScan/809/3313664       51962 ns        51961 ns        13357
AoSScan/810/3317760       51771 ns        51770 ns        13411
AoSScan/811/3321856       51743 ns        51742 ns        13388
AoSScan/812/3325952       51914 ns        51913 ns        13381
AoSScan/813/3330048       51773 ns        51772 ns        13438
AoSScan/814/3334144       52036 ns        52035 ns        13388
AoSScan/815/3338240       51898 ns        51897 ns        13424
AoSScan/816/3342336       52329 ns        52328 ns        13289
AoSScan/817/3346432       51974 ns        51974 ns        13336
AoSScan/818/3350528       51834 ns        51834 ns        13410
AoSScan/819/3354624       51916 ns        51915 ns        13409
AoSScan/820/3358720       51903 ns        51903 ns        13396
AoSScan/821/3362816       51947 ns        51946 ns        13471
AoSScan/822/3366912       52034 ns        52033 ns        13363
AoSScan/823/3371008       51930 ns        51929 ns        13392
AoSScan/824/3375104       52822 ns        52821 ns        13378
AoSScan/825/3379200       52352 ns        52351 ns        12892
AoSScan/826/3383296       52104 ns        52103 ns        13360
AoSScan/827/3387392       53566 ns        53565 ns        13449
AoSScan/828/3391488       51979 ns        51978 ns        13347
AoSScan/829/3395584       51992 ns        51991 ns        13367
AoSScan/830/3399680       51982 ns        51981 ns        13382
AoSScan/831/3403776       51941 ns        51940 ns        13379
AoSScan/832/3407872       60303 ns        60302 ns        11703
AoSScan/833/3411968       52020 ns        52019 ns        13419
AoSScan/834/3416064       51853 ns        51853 ns        13385
AoSScan/835/3420160       52049 ns        52049 ns        13401
AoSScan/836/3424256       51933 ns        51933 ns        13456
AoSScan/837/3428352       51945 ns        51944 ns        13425
AoSScan/838/3432448       51906 ns        51905 ns        13395
AoSScan/839/3436544       52148 ns        52147 ns        13372
AoSScan/840/3440640       52396 ns        52395 ns        13246
AoSScan/841/3444736       52167 ns        52166 ns        13295
AoSScan/842/3448832       51954 ns        51953 ns        13392
AoSScan/843/3452928       52204 ns        52203 ns        13335
AoSScan/844/3457024       52193 ns        52192 ns        13376
AoSScan/845/3461120       52267 ns        52266 ns        13312
AoSScan/846/3465216       52158 ns        52157 ns        13368
AoSScan/847/3469312       52379 ns        52378 ns        13252
AoSScan/848/3473408       52362 ns        52361 ns        13244
AoSScan/849/3477504       52078 ns        52077 ns        13303
AoSScan/850/3481600       52260 ns        52259 ns        13283
AoSScan/851/3485696       52299 ns        52298 ns        13328
AoSScan/852/3489792       52166 ns        52165 ns        13318
AoSScan/853/3493888       53145 ns        53144 ns        12894
AoSScan/854/3497984       52257 ns        52256 ns        13329
AoSScan/855/3502080       52308 ns        52307 ns        13313
AoSScan/856/3506176       52561 ns        52560 ns        13237
AoSScan/857/3510272       52469 ns        52468 ns        13231
AoSScan/858/3514368       52426 ns        52425 ns        13222
AoSScan/859/3518464       52263 ns        52261 ns        13257
AoSScan/860/3522560       52337 ns        52336 ns        13182
AoSScan/861/3526656       52330 ns        52329 ns        13273
AoSScan/862/3530752       52264 ns        52263 ns        13364
AoSScan/863/3534848       52304 ns        52304 ns        13304
AoSScan/864/3538944       52290 ns        52290 ns        13176
AoSScan/865/3543040       52341 ns        52340 ns        13255
AoSScan/866/3547136       52265 ns        52264 ns        13312
AoSScan/867/3551232       52375 ns        52374 ns        13271
AoSScan/868/3555328       52077 ns        52076 ns        13298
AoSScan/869/3559424       52407 ns        52406 ns        13267
AoSScan/870/3563520       52318 ns        52318 ns        13308
AoSScan/871/3567616       52305 ns        52304 ns        13297
AoSScan/872/3571712       52459 ns        52458 ns        13218
AoSScan/873/3575808       52540 ns        52539 ns        13246
AoSScan/874/3579904       52388 ns        52387 ns        13276
AoSScan/875/3584000       52314 ns        52313 ns        13241
AoSScan/876/3588096       52384 ns        52383 ns        13290
AoSScan/877/3592192       52364 ns        52363 ns        13229
AoSScan/878/3596288       52281 ns        52280 ns        13304
AoSScan/879/3600384       52352 ns        52352 ns        13301
AoSScan/880/3604480       52545 ns        52544 ns        13195
AoSScan/881/3608576       53793 ns        53792 ns        12781
AoSScan/882/3612672       52243 ns        52242 ns        13286
AoSScan/883/3616768       52355 ns        52354 ns        13321
AoSScan/884/3620864       52471 ns        52471 ns        13201
AoSScan/885/3624960       52427 ns        52426 ns        13264
AoSScan/886/3629056       52517 ns        52516 ns        13291
AoSScan/887/3633152       52383 ns        52382 ns        13228
AoSScan/888/3637248       52487 ns        52486 ns        13172
AoSScan/889/3641344       52448 ns        52447 ns        13319
AoSScan/890/3645440       52439 ns        52438 ns        13281
AoSScan/891/3649536       52322 ns        52321 ns        13269
AoSScan/892/3653632       52406 ns        52405 ns        13223
AoSScan/893/3657728       52383 ns        52382 ns        13328
AoSScan/894/3661824       52414 ns        52413 ns        13297
AoSScan/895/3665920       52432 ns        52431 ns        13276
AoSScan/896/3670016      114336 ns       114334 ns         6322
AoSScan/897/3674112       52592 ns        52591 ns        13286
AoSScan/898/3678208       52659 ns        52658 ns        13266
AoSScan/899/3682304       52694 ns        52694 ns        13214
AoSScan/900/3686400       52551 ns        52550 ns        13221
AoSScan/901/3690496       52751 ns        52751 ns        13183
AoSScan/902/3694592       52611 ns        52611 ns        13169
AoSScan/903/3698688       52634 ns        52633 ns        13175
AoSScan/904/3702784       52764 ns        52763 ns        13189
AoSScan/905/3706880       52691 ns        52690 ns        13163
AoSScan/906/3710976       52596 ns        52596 ns        13187
AoSScan/907/3715072       52606 ns        52605 ns        13122
AoSScan/908/3719168       52736 ns        52735 ns        13194
AoSScan/909/3723264       53711 ns        53709 ns        12867
AoSScan/910/3727360       52696 ns        52695 ns        13178
AoSScan/911/3731456       52666 ns        52665 ns        13218
AoSScan/912/3735552       52682 ns        52680 ns        13209
AoSScan/913/3739648       52535 ns        52534 ns        13268
AoSScan/914/3743744       52588 ns        52587 ns        13196
AoSScan/915/3747840       52425 ns        52424 ns        13220
AoSScan/916/3751936       52574 ns        52573 ns        13220
AoSScan/917/3756032       52504 ns        52503 ns        13240
AoSScan/918/3760128       52495 ns        52494 ns        13219
AoSScan/919/3764224       52556 ns        52555 ns        13233
AoSScan/920/3768320       52577 ns        52576 ns        13219
AoSScan/921/3772416       52547 ns        52546 ns        13246
AoSScan/922/3776512       52481 ns        52480 ns        13335
AoSScan/923/3780608       53283 ns        53284 ns        13078
AoSScan/924/3784704       52555 ns        52557 ns        13174
AoSScan/925/3788800       52467 ns        52468 ns        13208
AoSScan/926/3792896       52418 ns        52420 ns        13216
AoSScan/927/3796992       57186 ns        57188 ns        13241
AoSScan/928/3801088       54110 ns        54112 ns        13176
AoSScan/929/3805184       52543 ns        52545 ns        13290
AoSScan/930/3809280       52473 ns        52475 ns        13321
AoSScan/931/3813376       62847 ns        62826 ns        12498
AoSScan/932/3817472       53132 ns        53120 ns        13272
AoSScan/933/3821568       52742 ns        52739 ns        13231
AoSScan/934/3825664       52319 ns        52321 ns        13340
AoSScan/935/3829760       52665 ns        52660 ns        13220
AoSScan/936/3833856       52822 ns        52820 ns        12871
AoSScan/937/3837952       53373 ns        53363 ns        13282
AoSScan/938/3842048       52365 ns        52367 ns        13361
AoSScan/939/3846144       52591 ns        52589 ns        13430
AoSScan/940/3850240       52612 ns        52612 ns        13261
AoSScan/941/3854336       52341 ns        52339 ns        13285
AoSScan/942/3858432       52955 ns        52949 ns        13076
AoSScan/943/3862528       55324 ns        55323 ns        13179
AoSScan/944/3866624       52443 ns        52440 ns        13212
AoSScan/945/3870720       52373 ns        52373 ns        13255
AoSScan/946/3874816       53073 ns        53064 ns        13241
AoSScan/947/3878912       60675 ns        60673 ns        13287
AoSScan/948/3883008       52554 ns        52554 ns        13252
AoSScan/949/3887104       52555 ns        52554 ns        13208
AoSScan/950/3891200       52421 ns        52420 ns        13051
AoSScan/951/3895296       58400 ns        58399 ns        13318
AoSScan/952/3899392       52739 ns        52736 ns        13222
AoSScan/953/3903488       52446 ns        52445 ns        13060
AoSScan/954/3907584       52555 ns        52552 ns        13298
AoSScan/955/3911680       52433 ns        52432 ns        13261
AoSScan/956/3915776       52502 ns        52501 ns        13070
AoSScan/957/3919872       52563 ns        52559 ns        13192
AoSScan/958/3923968       52497 ns        52496 ns        13304
AoSScan/959/3928064       52628 ns        52628 ns        13269
AoSScan/960/3932160       60246 ns        60243 ns        10956
AoSScan/961/3936256       52398 ns        52395 ns        13287
AoSScan/962/3940352       52601 ns        52600 ns        13237
AoSScan/963/3944448       52550 ns        52550 ns        13249
AoSScan/964/3948544       52485 ns        52485 ns        13226
AoSScan/965/3952640       52456 ns        52457 ns        13325
AoSScan/966/3956736       52456 ns        52457 ns        13179
AoSScan/967/3960832       52502 ns        52504 ns        13216
AoSScan/968/3964928       52657 ns        52659 ns        13230
AoSScan/969/3969024       52412 ns        52414 ns        13258
AoSScan/970/3973120       52497 ns        52498 ns        13217
AoSScan/971/3977216       52628 ns        52629 ns        13185
AoSScan/972/3981312       52453 ns        52455 ns        13269
AoSScan/973/3985408       52431 ns        52433 ns        13283
AoSScan/974/3989504       52322 ns        52323 ns        13261
AoSScan/975/3993600       52426 ns        52427 ns        13242
AoSScan/976/3997696       52629 ns        52630 ns        13217
AoSScan/977/4001792       52340 ns        52341 ns        13322
AoSScan/978/4005888       52451 ns        52453 ns        13247
AoSScan/979/4009984       52207 ns        52209 ns        13328
AoSScan/980/4014080       52204 ns        52205 ns        13367
AoSScan/981/4018176       52204 ns        52206 ns        13265
AoSScan/982/4022272       52275 ns        52276 ns        13329
AoSScan/983/4026368       52272 ns        52273 ns        13259
AoSScan/984/4030464       52341 ns        52343 ns        13298
AoSScan/985/4034560       53115 ns        53117 ns        13368
AoSScan/986/4038656       52179 ns        52181 ns        13323
AoSScan/987/4042752       52266 ns        52267 ns        13320
AoSScan/988/4046848       52273 ns        52275 ns        13332
AoSScan/989/4050944       52175 ns        52177 ns        13353
AoSScan/990/4055040       52066 ns        52067 ns        13398
AoSScan/991/4059136       52125 ns        52127 ns        13387
AoSScan/992/4063232       53062 ns        53063 ns        12837
AoSScan/993/4067328       52043 ns        52044 ns        13372
AoSScan/994/4071424       52128 ns        52130 ns        13350
AoSScan/995/4075520       52130 ns        52131 ns        13288
AoSScan/996/4079616       52069 ns        52070 ns        13375
AoSScan/997/4083712       52181 ns        52180 ns        13369
AoSScan/998/4087808       52276 ns        52277 ns        13319
AoSScan/999/4091904       52235 ns        52236 ns        13330
AoSScan/1000/4096000      52275 ns        52277 ns        13281
AoSScan/1001/4100096      52142 ns        52144 ns        13271
AoSScan/1002/4104192      52073 ns        52074 ns        13354
AoSScan/1003/4108288      52137 ns        52139 ns        13314
AoSScan/1004/4112384      52115 ns        52117 ns        13372
AoSScan/1005/4116480      52200 ns        52202 ns        13303
AoSScan/1006/4120576      52172 ns        52173 ns        13404
AoSScan/1007/4124672      52090 ns        52091 ns        13370
AoSScan/1008/4128768      52534 ns        52535 ns        13247
AoSScan/1009/4132864      52099 ns        52101 ns        13285
AoSScan/1010/4136960      52265 ns        52267 ns        13330
AoSScan/1011/4141056      52305 ns        52307 ns        13229
AoSScan/1012/4145152      52241 ns        52242 ns        13381
AoSScan/1013/4149248      52388 ns        52389 ns        13276
AoSScan/1014/4153344      52332 ns        52333 ns        13245
AoSScan/1015/4157440      52396 ns        52397 ns        13308
AoSScan/1016/4161536      52290 ns        52292 ns        13245
AoSScan/1017/4165632      52261 ns        52263 ns        13303
AoSScan/1018/4169728      52122 ns        52124 ns        13302
AoSScan/1019/4173824      52316 ns        52318 ns        13372
AoSScan/1020/4177920      52540 ns        52541 ns        13277
AoSScan/1021/4182016      52370 ns        52371 ns        13251
AoSScan/1022/4186112      52540 ns        52541 ns        13240
AoSScan/1023/4190208      52373 ns        52375 ns        13261
AoSScan/1024/4194304     146325 ns       146328 ns         4758
