---------------------------------------------------------------
Benchmark                     Time             CPU   Iterations
---------------------------------------------------------------
AoSScan/1/4096            35824 ns        35824 ns        19432
AoSScan/2/8192            35857 ns        35857 ns        19586
AoSScan/3/12288           35864 ns        35865 ns        19443
AoSScan/4/16384           36022 ns        36021 ns        19516
AoSScan/5/20480           36048 ns        36048 ns        19388
AoSScan/6/24576           36140 ns        36140 ns        19367
AoSScan/7/28672           36209 ns        36210 ns        19297
AoSScan/8/32768           36380 ns        36380 ns        19136
AoSScan/9/36864           36290 ns        36290 ns        19287
AoSScan/10/40960          36475 ns        36474 ns        19251
AoSScan/11/45056          36667 ns        36667 ns        19105
AoSScan/12/49152          36776 ns        36775 ns        19076
AoSScan/13/53248          36831 ns        36832 ns        19033
AoSScan/14/57344          36901 ns        36901 ns        18984
AoSScan/15/61440          37152 ns        37153 ns        18945
AoSScan/16/65536          37385 ns        37385 ns        18850
AoSScan/17/69632          37133 ns        37133 ns        18822
AoSScan/18/73728          37231 ns        37230 ns        18831
AoSScan/19/77824          37480 ns        37480 ns        18777
AoSScan/20/81920          37514 ns        37513 ns        18731
AoSScan/21/86016          37424 ns        37425 ns        18757
AoSScan/22/90112          37686 ns        37686 ns        18614
AoSScan/23/94208          37830 ns        37830 ns        18650
AoSScan/24/98304          37847 ns        37848 ns        18603
AoSScan/25/102400         37983 ns        37982 ns        18479
AoSScan/26/106496         38061 ns        38061 ns        18495
AoSScan/27/110592         37953 ns        37953 ns        18452
AoSScan/28/114688         38226 ns        38226 ns        18358
AoSScan/29/118784         38341 ns        38341 ns        18303
AoSScan/30/122880         38198 ns        38198 ns        18358
AoSScan/31/126976         38414 ns        38415 ns        18308
AoSScan/32/131072         39471 ns        39471 ns        18039
AoSScan/33/135168         38491 ns        38489 ns        18250
AoSScan/34/139264         38646 ns        38646 ns        18182
AoSScan/35/143360         38692 ns        38692 ns        18185
AoSScan/36/147456         38635 ns        38635 ns        18127
AoSScan/37/151552         38689 ns        38689 ns        18045
AoSScan/38/155648         38642 ns        38640 ns        18056
AoSScan/39/159744         38876 ns        38876 ns        18038
AoSScan/40/163840         39215 ns        39215 ns        17896
AoSScan/41/167936         38939 ns        38938 ns        17980
AoSScan/42/172032         39161 ns        39161 ns        17972
AoSScan/43/176128         38967 ns        38966 ns        17919
AoSScan/44/180224         38809 ns        38807 ns        17882
AoSScan/45/184320         38804 ns        38804 ns        18025
AoSScan/46/188416         39186 ns        39186 ns        17823
AoSScan/47/192512         39198 ns        39199 ns        17734
AoSScan/48/196608         39558 ns        39558 ns        17655
AoSScan/49/200704         39416 ns        39415 ns        17732
AoSScan/50/204800         39625 ns        39625 ns        17669
AoSScan/51/208896         39284 ns        39284 ns        17642
AoSScan/52/212992         39541 ns        39540 ns        17673
AoSScan/53/217088         39749 ns        39749 ns        17567
AoSScan/54/221184         39738 ns        39738 ns        17619
AoSScan/55/225280         39880 ns        39880 ns        17576
AoSScan/56/229376         40952 ns        40952 ns        17157
AoSScan/57/233472         40327 ns        40327 ns        17373
AoSScan/58/237568         40419 ns        40419 ns        17448
AoSScan/59/241664         39856 ns        39856 ns        17646
AoSScan/60/245760         40060 ns        40059 ns        17377
AoSScan/61/249856         39947 ns        39945 ns        17521
AoSScan/62/253952         40076 ns        40075 ns        17407
AoSScan/63/258048         40254 ns        40254 ns        17300
AoSScan/64/262144         45499 ns        45499 ns        15051
AoSScan/65/266240         40632 ns        40631 ns        17343
AoSScan/66/270336         40772 ns        40772 ns        17262
AoSScan/67/274432         40115 ns        40115 ns        17456
AoSScan/68/278528         40735 ns        40733 ns        17192
AoSScan/69/282624         40241 ns        40241 ns        17222
AoSScan/70/286720         40315 ns        40314 ns        17342
AoSScan/71/290816         40742 ns        40742 ns        17173
AoSScan/72/294912         41047 ns        41047 ns        17043
AoSScan/73/299008         40729 ns        40730 ns        17184
AoSScan/74/303104         40908 ns        40908 ns        17151
AoSScan/75/307200         40897 ns        40897 ns        17149
AoSScan/76/311296         40557 ns        40558 ns        17002
AoSScan/77/315392         40625 ns        40623 ns        17083
AoSScan/78/319488         41190 ns        41190 ns        17195
AoSScan/79/323584         41162 ns        41161 ns        17017
AoSScan/80/327680         41767 ns        41766 ns        16821
AoSScan/81/331776         41272 ns        41271 ns        17025
AoSScan/82/335872         41212 ns        41212 ns        16984
AoSScan/83/339968         41395 ns        41394 ns        16965
AoSScan/84/344064         41319 ns        41318 ns        16912
AoSScan/85/348160         41486 ns        41485 ns        16822
AoSScan/86/352256         41530 ns        41529 ns        16915
AoSScan/87/356352         41501 ns        41500 ns        16935
AoSScan/88/360448         41530 ns        41530 ns        16777
AoSScan/89/364544         41448 ns        41448 ns        16806
AoSScan/90/368640         41567 ns        41566 ns        16881
AoSScan/91/372736         41319 ns        41318 ns        16832
AoSScan/92/376832         41528 ns        41527 ns        16809
AoSScan/93/380928         41283 ns        41282 ns        16836
AoSScan/94/385024         41529 ns        41530 ns        16797
AoSScan/95/389120         41351 ns        41350 ns        16785
AoSScan/96/393216         43741 ns        43740 ns        15444
AoSScan/97/397312         42405 ns        42404 ns        16559
AoSScan/98/401408         42542 ns        42542 ns        16479
AoSScan/99/405504         42894 ns        42893 ns        16361
AoSScan/100/409600        43174 ns        43173 ns        16219
AoSScan/101/413696        43470 ns        43469 ns        16117
AoSScan/102/417792        43606 ns        43605 ns        16009
AoSScan/103/421888        43929 ns        43927 ns        15974
AoSScan/104/425984        44231 ns        44231 ns        15851
AoSScan/105/430080        44356 ns        44356 ns        15788
AoSScan/106/434176        44525 ns        44524 ns        15720
AoSScan/107/438272        44655 ns        44655 ns        15680
AoSScan/108/442368        44766 ns        44766 ns        15582
AoSScan/109/446464        44937 ns        44937 ns        15610
AoSScan/110/450560        45039 ns        45038 ns        15539
AoSScan/111/454656        44818 ns        44817 ns        15586
AoSScan/112/458752        44946 ns        44945 ns        15535
AoSScan/113/462848        44771 ns        44770 ns        15543
AoSScan/114/466944        44783 ns        44783 ns        15661
AoSScan/115/471040        44867 ns        44866 ns        15613
AoSScan/116/475136        44999 ns        44998 ns        15580
AoSScan/117/479232        45003 ns        45003 ns        15556
AoSScan/118/483328        44831 ns        44830 ns        15608
AoSScan/119/487424        45121 ns        45120 ns        15588
AoSScan/120/491520        45440 ns        45440 ns        15500
AoSScan/121/495616        45162 ns        45161 ns        15506
AoSScan/122/499712        45078 ns        45078 ns        15517
AoSScan/123/503808        45112 ns        45112 ns        15522
AoSScan/124/507904        45132 ns        45132 ns        15536
AoSScan/125/512000        45157 ns        45157 ns        15480
AoSScan/126/516096        45143 ns        45142 ns        15501
AoSScan/127/520192        45055 ns        45055 ns        15572
AoSScan/128/524288       139026 ns       139024 ns         6297
AoSScan/129/528384        45035 ns        45035 ns        15572
AoSScan/130/532480        44962 ns        44961 ns        15553
AoSScan/131/536576        45035 ns        45035 ns        15508
AoSScan/132/540672        45523 ns        45523 ns        15430
AoSScan/133/544768        45225 ns        45225 ns        15466
AoSScan/134/548864        45322 ns        45321 ns        15486
AoSScan/135/552960        45343 ns        45343 ns        15449
AoSScan/136/557056        45490 ns        45489 ns        15439
AoSScan/137/561152        45428 ns        45428 ns        15437
AoSScan/138/565248        45723 ns        45723 ns        15394
AoSScan/139/569344        45577 ns        45577 ns        15376
AoSScan/140/573440        45626 ns        45625 ns        15342
AoSScan/141/577536        45645 ns        45645 ns        15371
AoSScan/142/581632        45661 ns        45660 ns        15351
AoSScan/143/585728        45678 ns        45678 ns        15315
AoSScan/144/589824        45917 ns        45916 ns        15286
AoSScan/145/593920        45779 ns        45778 ns        15276
AoSScan/146/598016        45757 ns        45755 ns        15314
AoSScan/147/602112        45866 ns        45866 ns        15293
AoSScan/148/606208        47448 ns        47448 ns        15241
AoSScan/149/610304        47821 ns        47819 ns        14615
AoSScan/150/614400        47916 ns        47916 ns        14627
AoSScan/151/618496        48012 ns        48012 ns        14586
AoSScan/152/622592        48213 ns        48213 ns        14626
AoSScan/153/626688        46066 ns        46065 ns        15150
AoSScan/154/630784        46116 ns        46116 ns        15180
AoSScan/155/634880        46278 ns        46277 ns        15132
AoSScan/156/638976        46389 ns        46389 ns        15040
AoSScan/157/643072        46451 ns        46450 ns        15120
AoSScan/158/647168        46405 ns        46404 ns        15068
AoSScan/159/651264        46347 ns        46347 ns        15088
AoSScan/160/655360        47331 ns        47330 ns        14680
AoSScan/161/659456        46628 ns        46628 ns        15028
AoSScan/162/663552        46594 ns        46594 ns        15033
AoSScan/163/667648        46700 ns        46699 ns        14988
AoSScan/164/671744        46739 ns        46739 ns        14952
AoSScan/165/675840        46777 ns        46777 ns        14978
AoSScan/166/679936        46892 ns        46892 ns        14971
AoSScan/167/684032        46782 ns        46782 ns        14977
AoSScan/168/688128        47097 ns        47093 ns        14885
AoSScan/169/692224        46855 ns        46855 ns        14941
AoSScan/170/696320        46922 ns        46921 ns        14907
AoSScan/171/700416        46875 ns        46875 ns        14933
AoSScan/172/704512        46873 ns        46873 ns        14922
AoSScan/173/708608        46849 ns        46848 ns        14944
AoSScan/174/712704        46861 ns        46860 ns        14948
AoSScan/175/716800        46802 ns        46802 ns        14952
AoSScan/176/720896        47067 ns        47067 ns        14856
AoSScan/177/724992        46748 ns        46748 ns        14984
AoSScan/178/729088        46668 ns        46666 ns        14978
AoSScan/179/733184        46608 ns        46607 ns        15013
AoSScan/180/737280        46632 ns        46631 ns        15040
AoSScan/181/741376        46530 ns        46529 ns        15022
AoSScan/182/745472        46511 ns        46511 ns        15057
AoSScan/183/749568        46572 ns        46571 ns        15031
AoSScan/184/753664        46751 ns        46751 ns        14961
AoSScan/185/757760        46638 ns        46637 ns        15035
AoSScan/186/761856        46401 ns        46401 ns        15067
AoSScan/187/765952        46342 ns        46342 ns        15100
AoSScan/188/770048        46349 ns        46348 ns        15084
AoSScan/189/774144        46233 ns        46233 ns        15110
AoSScan/190/778240        46292 ns        46292 ns        15115
AoSScan/191/782336        46356 ns        46356 ns        15120
AoSScan/192/786432        80599 ns        80599 ns         8687
AoSScan/193/790528        46301 ns        46299 ns        15106
AoSScan/194/794624        46359 ns        46358 ns        15113
AoSScan/195/798720        46439 ns        46439 ns        15080
AoSScan/196/802816        46480 ns        46480 ns        15063
AoSScan/197/806912        46515 ns        46515 ns        15033
AoSScan/198/811008        46567 ns        46567 ns        15012
AoSScan/199/815104        46676 ns        46676 ns        14979
AoSScan/200/819200        47039 ns        47039 ns        14902
AoSScan/201/823296        46727 ns        46726 ns        14986
AoSScan/202/827392        46747 ns        46747 ns        14961
AoSScan/203/831488        46681 ns        46680 ns        14983
AoSScan/204/835584        46820 ns        46818 ns        14973
AoSScan/205/839680        46778 ns        46777 ns        14961
AoSScan/206/843776        46843 ns        46843 ns        14921
AoSScan/207/847872        46910 ns        46910 ns        14918
AoSScan/208/851968        47334 ns        47333 ns        14758
AoSScan/209/856064        47190 ns        47188 ns        14851
AoSScan/210/860160        47059 ns        47059 ns        14872
AoSScan/211/864256        47085 ns        47085 ns        14861
AoSScan/212/868352        47197 ns        47197 ns        14795
AoSScan/213/872448        47147 ns        47147 ns        14826
AoSScan/214/876544        47289 ns        47289 ns        14852
AoSScan/215/880640        47257 ns        47256 ns        14819
AoSScan/216/884736        47474 ns        47475 ns        14757
AoSScan/217/888832        47229 ns        47229 ns        14817
AoSScan/218/892928        47135 ns        47134 ns        14849
AoSScan/219/897024        47127 ns        47127 ns        14893
AoSScan/220/901120        47061 ns        47061 ns        14870
AoSScan/221/905216        47108 ns        47108 ns        14849
AoSScan/222/909312        47252 ns        47252 ns        14834
AoSScan/223/913408        47216 ns        47215 ns        14788
AoSScan/224/917504        48001 ns        48001 ns        14451
AoSScan/225/921600        47310 ns        47310 ns        14826
AoSScan/226/925696        47371 ns        47371 ns        14747
AoSScan/227/929792        47426 ns        47427 ns        14765
AoSScan/228/933888        47842 ns        47841 ns        14610
AoSScan/229/937984        47308 ns        47307 ns        14803
AoSScan/230/942080        47335 ns        47335 ns        14292
AoSScan/231/946176        47297 ns        47297 ns        14745
AoSScan/232/950272        47401 ns        47399 ns        14754
AoSScan/233/954368        47238 ns        47236 ns        14804
AoSScan/234/958464        47323 ns        47323 ns        14792
AoSScan/235/962560        47325 ns        47325 ns        14801
AoSScan/236/966656        47384 ns        47384 ns        14770
AoSScan/237/970752        47339 ns        47339 ns        14749
AoSScan/238/974848        47389 ns        47388 ns        14785
AoSScan/239/978944        47415 ns        47415 ns        14789
AoSScan/240/983040        47882 ns        47881 ns        14632
AoSScan/241/987136        47443 ns        47441 ns        14759
AoSScan/242/991232        47429 ns        47430 ns        14750
AoSScan/243/995328        47385 ns        47385 ns        14774
AoSScan/244/999424        47445 ns        47445 ns        14758
AoSScan/245/1003520       47452 ns        47452 ns        14779
AoSScan/246/1007616       47407 ns        47406 ns        14747
AoSScan/247/1011712       47645 ns        47645 ns        14690
AoSScan/248/1015808       47923 ns        47921 ns        14629
AoSScan/249/1019904       47691 ns        47691 ns        14728
AoSScan/250/1024000       47531 ns        47529 ns        14717
AoSScan/251/1028096       47478 ns        47477 ns        14743
AoSScan/252/1032192       47474 ns        47474 ns        14746
AoSScan/253/1036288       47576 ns        47576 ns        14697
AoSScan/254/1040384       47734 ns        47734 ns        14665
AoSScan/255/1044480       47835 ns        47834 ns        14632
AoSScan/256/1048576      151503 ns       151503 ns         4357
AoSScan/257/1052672       47842 ns        47842 ns        14606
AoSScan/258/1056768       47817 ns        47816 ns        14693
AoSScan/259/1060864       47575 ns        47574 ns        14712
AoSScan/260/1064960       47589 ns        47588 ns        14716
AoSScan/261/1069056       47479 ns        47479 ns        14724
AoSScan/262/1073152       47668 ns        47666 ns        14699
AoSScan/263/1077248       47609 ns        47608 ns        14709
AoSScan/264/1081344       47880 ns        47880 ns        14588
AoSScan/265/1085440       47523 ns        47522 ns        14713
AoSScan/266/1089536       47611 ns        47611 ns        14704
AoSScan/267/1093632       47541 ns        47542 ns        14700
AoSScan/268/1097728       47712 ns        47711 ns        14686
AoSScan/269/1101824       47586 ns        47585 ns        14715
AoSScan/270/1105920       47524 ns        47523 ns        14740
AoSScan/271/1110016       47589 ns        47589 ns        14723
AoSScan/272/1114112       48038 ns        48038 ns        14608
AoSScan/273/1118208       47607 ns        47605 ns        14719
AoSScan/274/1122304       47532 ns        47531 ns        14707
AoSScan/275/1126400       47540 ns        47541 ns        14710
AoSScan/276/1130496       47473 ns        47473 ns        14717
AoSScan/277/1134592       47576 ns        47576 ns        14687
AoSScan/278/1138688       47615 ns        47614 ns        14728
AoSScan/279/1142784       47748 ns        47748 ns        14658
AoSScan/280/1146880       47838 ns        47838 ns        14600
AoSScan/281/1150976       47704 ns        47704 ns        14687
AoSScan/282/1155072       47756 ns        47756 ns        14626
AoSScan/283/1159168       47638 ns        47636 ns        14697
AoSScan/284/1163264       47818 ns        47817 ns        14676
AoSScan/285/1167360       48102 ns        48101 ns        14542
AoSScan/286/1171456       47662 ns        47662 ns        14677
AoSScan/287/1175552       47686 ns        47686 ns        14680
AoSScan/288/1179648       48427 ns        48428 ns        14307
AoSScan/289/1183744       47681 ns        47681 ns        14716
AoSScan/290/1187840       47684 ns        47683 ns        14662
AoSScan/291/1191936       47646 ns        47646 ns        14688
AoSScan/292/1196032       47677 ns        47677 ns        14696
AoSScan/293/1200128       47597 ns        47597 ns        14688
AoSScan/294/1204224       47717 ns        47717 ns        14705
AoSScan/295/1208320       47601 ns        47600 ns        14695
AoSScan/296/1212416       47856 ns        47856 ns        14633
AoSScan/297/1216512       47588 ns        47588 ns        14745
AoSScan/298/1220608       47550 ns        47550 ns        14690
AoSScan/299/1224704       47613 ns        47612 ns        14691
AoSScan/300/1228800       47761 ns        47759 ns        14674
AoSScan/301/1232896       47654 ns        47654 ns        14700
AoSScan/302/1236992       47650 ns        47650 ns        14701
AoSScan/303/1241088       47691 ns        47691 ns        14682
AoSScan/304/1245184       48216 ns        48215 ns        14500
AoSScan/305/1249280       47706 ns        47704 ns        14661
AoSScan/306/1253376       47681 ns        47680 ns        14683
AoSScan/307/1257472       47554 ns        47554 ns        14725
AoSScan/308/1261568       47769 ns        47769 ns        14677
AoSScan/309/1265664       47656 ns        47657 ns        14654
AoSScan/310/1269760       47694 ns        47691 ns        14705
AoSScan/311/1273856       47802 ns        47802 ns        14647
AoSScan/312/1277952       47995 ns        47995 ns        14614
AoSScan/313/1282048       47753 ns        47753 ns        14661
AoSScan/314/1286144       47780 ns        47780 ns        14627
AoSScan/315/1290240       47750 ns        47750 ns        14665
AoSScan/316/1294336       47855 ns        47854 ns        14657
AoSScan/317/1298432       47693 ns        47693 ns        14662
AoSScan/318/1302528       47789 ns        47789 ns        14634
AoSScan/319/1306624       47751 ns        47751 ns        14613
AoSScan/320/1310720       60583 ns        60583 ns         9532
AoSScan/321/1314816       47797 ns        47797 ns        14655
AoSScan/322/1318912       47761 ns        47761 ns        14642
AoSScan/323/1323008       47917 ns        47917 ns        14617
AoSScan/324/1327104       47806 ns        47806 ns        14672
AoSScan/325/1331200       47760 ns        47759 ns        14630
AoSScan/326/1335296       47767 ns        47767 ns        14664
AoSScan/327/1339392       47932 ns        47933 ns        14611
AoSScan/328/1343488       48018 ns        48018 ns        14559
AoSScan/329/1347584       47898 ns        47898 ns        14618
AoSScan/330/1351680       47817 ns        47816 ns        14622
AoSScan/331/1355776       47838 ns        47836 ns        14620
AoSScan/332/1359872       48051 ns        48051 ns        14606
AoSScan/333/1363968       47864 ns        47864 ns        14623
AoSScan/334/1368064       47762 ns        47762 ns        14631
AoSScan/335/1372160       47911 ns        47909 ns        14565
AoSScan/336/1376256       48486 ns        48487 ns        14475
AoSScan/337/1380352       47897 ns        47897 ns        14619
AoSScan/338/1384448       48474 ns        48474 ns        14613
AoSScan/339/1388544       48038 ns        48038 ns        14605
AoSScan/340/1392640       48007 ns        48006 ns        14578
AoSScan/341/1396736       47920 ns        47920 ns        14603
AoSScan/342/1400832       47830 ns        47830 ns        14636
AoSScan/343/1404928       47918 ns        47918 ns        14547
AoSScan/344/1409024       48079 ns        48077 ns        14528
AoSScan/345/1413120       47914 ns        47913 ns        14621
AoSScan/346/1417216       47981 ns        47979 ns        14622
AoSScan/347/1421312       47965 ns        47965 ns        14608
AoSScan/348/1425408       47985 ns        47984 ns        14576
AoSScan/349/1429504       47858 ns        47858 ns        14576
AoSScan/350/1433600       47917 ns        47915 ns        14609
AoSScan/351/1437696       47886 ns        47886 ns        14624
AoSScan/352/1441792       48442 ns        48442 ns        14408
AoSScan/353/1445888       47919 ns        47918 ns        14636
AoSScan/354/1449984       47824 ns        47824 ns        14618
AoSScan/355/1454080       48296 ns        48294 ns        13327
AoSScan/356/1458176       47824 ns        47824 ns        14615
AoSScan/357/1462272       47940 ns        47939 ns        14628
AoSScan/358/1466368       47824 ns        47824 ns        14622
AoSScan/359/1470464       47736 ns        47735 ns        14658
AoSScan/360/1474560       48045 ns        48044 ns        14536
AoSScan/361/1478656       47845 ns        47845 ns        14644
AoSScan/362/1482752       47685 ns        47685 ns        14692
AoSScan/363/1486848       47790 ns        47790 ns        14665
AoSScan/364/1490944       47727 ns        47727 ns        14658
AoSScan/365/1495040       47786 ns        47784 ns        14650
AoSScan/366/1499136       47734 ns        47734 ns        14655
AoSScan/367/1503232       47835 ns        47834 ns        14656
AoSScan/368/1507328       48376 ns        48376 ns        14506
AoSScan/369/1511424       47633 ns        47633 ns        14659
AoSScan/370/1515520       47713 ns        47712 ns        14671
AoSScan/371/1519616       47721 ns        47721 ns        14624
AoSScan/372/1523712       47834 ns        47834 ns        14645
AoSScan/373/1527808       47646 ns        47646 ns        14648
AoSScan/374/1531904       47770 ns        47769 ns        14625
AoSScan/375/1536000       47718 ns        47717 ns        14623
AoSScan/376/1540096       48081 ns        48081 ns        14580
AoSScan/377/1544192       47631 ns        47631 ns        14706
AoSScan/378/1548288       47585 ns        47585 ns        14708
AoSScan/379/1552384       47688 ns        47688 ns        14649
AoSScan/380/1556480       48143 ns        48142 ns        14663
AoSScan/381/1560576       47809 ns        47808 ns        14635
AoSScan/382/1564672       47644 ns        47644 ns        14702
AoSScan/383/1568768       47742 ns        47742 ns        14656
AoSScan/384/1572864      112712 ns       112709 ns         4650
AoSScan/385/1576960       47666 ns        47664 ns        14679
AoSScan/386/1581056       47639 ns        47639 ns        14683
AoSScan/387/1585152       47755 ns        47755 ns        14707
AoSScan/388/1589248       47623 ns        47623 ns        14677
AoSScan/389/1593344       47668 ns        47668 ns        14687
AoSScan/390/1597440       47675 ns        47674 ns        14643
AoSScan/391/1601536       47585 ns        47584 ns        14688
AoSScan/392/1605632       48018 ns        48019 ns        14583
AoSScan/393/1609728       47684 ns        47684 ns        14642
AoSScan/394/1613824       47607 ns        47607 ns        14706
AoSScan/395/1617920       47735 ns        47735 ns        14633
AoSScan/396/1622016       47836 ns        47834 ns        14611
AoSScan/397/1626112       47736 ns        47735 ns        14676
AoSScan/398/1630208       47633 ns        47633 ns        14689
AoSScan/399/1634304       48161 ns        48162 ns        14558
AoSScan/400/1638400       49735 ns        49735 ns        14142
AoSScan/401/1642496       49228 ns        49228 ns        14212
AoSScan/402/1646592       49271 ns        49271 ns        14251
AoSScan/403/1650688       49124 ns        49124 ns        14252
AoSScan/404/1654784       49172 ns        49172 ns        14176
AoSScan/405/1658880       49154 ns        49153 ns        14260
AoSScan/406/1662976       49148 ns        49147 ns        14218
AoSScan/407/1667072       49345 ns        49345 ns        14215
AoSScan/408/1671168       49451 ns        49451 ns        14184
AoSScan/409/1675264       49275 ns        49275 ns        14176
AoSScan/410/1679360       49239 ns        49237 ns        14222
AoSScan/411/1683456       49259 ns        49259 ns        14210
AoSScan/412/1687552       49269 ns        49267 ns        14195
AoSScan/413/1691648       49243 ns        49243 ns        14223
AoSScan/414/1695744       49186 ns        49185 ns        14207
AoSScan/415/1699840       49118 ns        49118 ns        14188
AoSScan/416/1703936       49713 ns        49713 ns        14030
AoSScan/417/1708032       49294 ns        49294 ns        14183
AoSScan/418/1712128       50014 ns        50013 ns        14243
AoSScan/419/1716224       49283 ns        49283 ns        14107
AoSScan/420/1720320       49297 ns        49296 ns        14221
AoSScan/421/1724416       49234 ns        49233 ns        14209
AoSScan/422/1728512       49213 ns        49211 ns        14203
AoSScan/423/1732608       49226 ns        49225 ns        14217
AoSScan/424/1736704       49658 ns        49658 ns        14121
AoSScan/425/1740800       49249 ns        49248 ns        14204
AoSScan/426/1744896       49318 ns        49317 ns        14195
AoSScan/427/1748992       49364 ns        49363 ns        14190
AoSScan/428/1753088       49397 ns        49395 ns        14205
AoSScan/429/1757184       49358 ns        49357 ns        14191
AoSScan/430/1761280       49299 ns        49299 ns        14201
AoSScan/431/1765376       49299 ns        49298 ns        14180
AoSScan/432/1769472       49569 ns        49568 ns        14128
AoSScan/433/1773568       49299 ns        49298 ns        14216
AoSScan/434/1777664       49522 ns        49521 ns        14152
AoSScan/435/1781760       49357 ns        49356 ns        14180
AoSScan/436/1785856       49486 ns        49485 ns        14161
AoSScan/437/1789952       49362 ns        49362 ns        14168
AoSScan/438/1794048       49368 ns        49368 ns        14173
AoSScan/439/1798144       49304 ns        49302 ns        14191
AoSScan/440/1802240       49823 ns        49823 ns        13981
AoSScan/441/1806336       49320 ns        49320 ns        14187
AoSScan/442/1810432       49423 ns        49423 ns        14203
AoSScan/443/1814528       49403 ns        49403 ns        14207
AoSScan/444/1818624       49552 ns        49551 ns        14149
AoSScan/445/1822720       49326 ns        49326 ns        14198
AoSScan/446/1826816       49416 ns        49416 ns        14163
AoSScan/447/1830912       49259 ns        49259 ns        14206
AoSScan/448/1835008       57286 ns        57285 ns        10417
AoSScan/449/1839104       49430 ns        49430 ns        14226
AoSScan/450/1843200       49406 ns        49406 ns        14178
AoSScan/451/1847296       49362 ns        49362 ns        14122
AoSScan/452/1851392       49154 ns        49153 ns        14239
AoSScan/453/1855488       49297 ns        49296 ns        14236
AoSScan/454/1859584       49199 ns        49198 ns        14192
AoSScan/455/1863680       49210 ns        49209 ns        14214
AoSScan/456/1867776       49907 ns        49907 ns        13959
AoSScan/457/1871872       49287 ns        49286 ns        14061
AoSScan/458/1875968       49248 ns        49248 ns        14207
AoSScan/459/1880064       49176 ns        49176 ns        14243
AoSScan/460/1884160       49244 ns        49244 ns        14216
AoSScan/461/1888256       49085 ns        49085 ns        14261
AoSScan/462/1892352       49106 ns        49105 ns        14230
AoSScan/463/1896448       49156 ns        49155 ns        14217
AoSScan/464/1900544       49668 ns        49668 ns        14061
AoSScan/465/1904640       49067 ns        49066 ns        14275
AoSScan/466/1908736       49206 ns        49205 ns        14218
AoSScan/467/1912832       49229 ns        49229 ns        14247
AoSScan/468/1916928       49121 ns        49121 ns        14247
AoSScan/469/1921024       49191 ns        49191 ns        14235
AoSScan/470/1925120       49223 ns        49222 ns        14265
AoSScan/471/1929216       49246 ns        49246 ns        14228
AoSScan/472/1933312       49443 ns        49443 ns        14143
AoSScan/473/1937408       49197 ns        49196 ns        14228
AoSScan/474/1941504       49113 ns        49112 ns        14229
AoSScan/475/1945600       49174 ns        49171 ns        14213
AoSScan/476/1949696       49259 ns        49258 ns        14237
AoSScan/477/1953792       49123 ns        49122 ns        14232
AoSScan/478/1957888       49140 ns        49140 ns        14229
AoSScan/479/1961984       49149 ns        49149 ns        14275
AoSScan/480/1966080       50215 ns        50215 ns        13960
AoSScan/481/1970176       49099 ns        49098 ns        14254
AoSScan/482/1974272       49217 ns        49217 ns        14222
AoSScan/483/1978368       49215 ns        49214 ns        14252
AoSScan/484/1982464       49295 ns        49294 ns        14196
AoSScan/485/1986560       49171 ns        49170 ns        14265
AoSScan/486/1990656       49059 ns        49059 ns        14248
AoSScan/487/1994752       49139 ns        49139 ns        14244
AoSScan/488/1998848       49552 ns        49552 ns        14149
AoSScan/489/2002944       49106 ns        49105 ns        14236
AoSScan/490/2007040       49111 ns        49111 ns        14276
AoSScan/491/2011136       49128 ns        49128 ns        14260
AoSScan/492/2015232       49296 ns        49295 ns        14182
AoSScan/493/2019328       49143 ns        49143 ns        14223
AoSScan/494/2023424       49129 ns        49129 ns        14244
AoSScan/495/2027520       49145 ns        49144 ns        14265
AoSScan/496/2031616       49785 ns        49783 ns        13967
AoSScan/497/2035712       49108 ns        49108 ns        14235
AoSScan/498/2039808       49160 ns        49160 ns        14248
AoSScan/499/2043904       49158 ns        49157 ns        14221
AoSScan/500/2048000       49132 ns        49131 ns        14224
AoSScan/501/2052096       49188 ns        49187 ns        14261
AoSScan/502/2056192       49093 ns        49092 ns        14226
AoSScan/503/2060288       49119 ns        49119 ns        14278
AoSScan/504/2064384       49491 ns        49491 ns        14186
AoSScan/505/2068480       49132 ns        49131 ns        14250
AoSScan/506/2072576       49147 ns        49147 ns        14254
AoSScan/507/2076672       49140 ns        49138 ns        14236
AoSScan/508/2080768       49257 ns        49257 ns        14224
AoSScan/509/2084864       49248 ns        49247 ns        14204
AoSScan/510/2088960       49155 ns        49154 ns        14180
AoSScan/511/2093056       49402 ns        49401 ns        14176
AoSScan/512/2097152      152237 ns       152237 ns         4515
AoSScan/513/2101248       49394 ns        49394 ns        14191
AoSScan/514/2105344       49403 ns        49402 ns        14113
AoSScan/515/2109440       49269 ns        49268 ns        14205
AoSScan/516/2113536       49277 ns        49277 ns        14191
AoSScan/517/2117632       49329 ns        49328 ns        14202
AoSScan/518/2121728       49349 ns        49349 ns        14194
AoSScan/519/2125824       49287 ns        49287 ns        14199
AoSScan/520/2129920       49694 ns        49693 ns        14109
AoSScan/521/2134016       49348 ns        49348 ns        14206
AoSScan/522/2138112       49223 ns        49222 ns        14256
AoSScan/523/2142208       49271 ns        49271 ns        14180
AoSScan/524/2146304       49429 ns        49428 ns        14157
AoSScan/525/2150400       49325 ns        49325 ns        13472
AoSScan/526/2154496       49467 ns        49466 ns        14192
AoSScan/527/2158592       49366 ns        49365 ns        14174
AoSScan/528/2162688       49930 ns        49929 ns        13971
AoSScan/529/2166784       49387 ns        49388 ns        14146
AoSScan/530/2170880       49294 ns        49294 ns        14186
AoSScan/531/2174976       49374 ns        49373 ns        14185
AoSScan/532/2179072       49386 ns        49385 ns        14193
AoSScan/533/2183168       49283 ns        49282 ns        14192
AoSScan/534/2187264       49435 ns        49434 ns        14207
AoSScan/535/2191360       49587 ns        49587 ns        14000
AoSScan/536/2195456       49765 ns        49765 ns        14111
AoSScan/537/2199552       49327 ns        49326 ns        14165
AoSScan/538/2203648       49439 ns        49438 ns        14165
AoSScan/539/2207744       49451 ns        49450 ns        14154
AoSScan/540/2211840       49603 ns        49602 ns        14157
AoSScan/541/2215936       49504 ns        49503 ns        14092
AoSScan/542/2220032       49425 ns        49424 ns        14175
AoSScan/543/2224128       49526 ns        49525 ns        14175
AoSScan/544/2228224       50735 ns        50735 ns        13984
AoSScan/545/2232320       49459 ns        49457 ns        14164
AoSScan/546/2236416       49456 ns        49456 ns        14141
AoSScan/547/2240512       49447 ns        49446 ns        14143
AoSScan/548/2244608       49582 ns        49582 ns        14127
AoSScan/549/2248704       49412 ns        49412 ns        14212
AoSScan/550/2252800       49359 ns        49359 ns        14191
AoSScan/551/2256896       49338 ns        49338 ns        14163
AoSScan/552/2260992       49635 ns        49634 ns        14105
AoSScan/553/2265088       49318 ns        49318 ns        14246
AoSScan/554/2269184       49368 ns        49368 ns        14151
AoSScan/555/2273280       49459 ns        49459 ns        14148
AoSScan/556/2277376       49460 ns        49459 ns        14143
AoSScan/557/2281472       49420 ns        49420 ns        14147
AoSScan/558/2285568       49598 ns        49597 ns        14148
AoSScan/559/2289664       49367 ns        49367 ns        14167
AoSScan/560/2293760       49778 ns        49779 ns        14014
AoSScan/561/2297856       49508 ns        49508 ns        14137
AoSScan/562/2301952       49442 ns        49441 ns        13989
AoSScan/563/2306048       49387 ns        49387 ns        14166
AoSScan/564/2310144       49725 ns        49724 ns        14176
AoSScan/565/2314240       49469 ns        49469 ns        14156
AoSScan/566/2318336       49391 ns        49390 ns        14118
AoSScan/567/2322432       49587 ns        49586 ns        14168
AoSScan/568/2326528       49760 ns        49760 ns        14113
AoSScan/569/2330624       49564 ns        49564 ns        14150
AoSScan/570/2334720       49781 ns        49781 ns        14103
AoSScan/571/2338816       49518 ns        49516 ns        14103
AoSScan/572/2342912       49711 ns        49711 ns        14090
AoSScan/573/2347008       49631 ns        49631 ns        14100
AoSScan/574/2351104       49523 ns        49522 ns        14129
AoSScan/575/2355200       49694 ns        49694 ns        14107
AoSScan/576/2359296       73673 ns        73672 ns        12260
AoSScan/577/2363392       49626 ns        49624 ns        14132
AoSScan/578/2367488       49836 ns        49836 ns        14097
AoSScan/579/2371584       49668 ns        49668 ns        14066
AoSScan/580/2375680       49654 ns        49654 ns        14105
AoSScan/581/2379776       49766 ns        49767 ns        13990
AoSScan/582/2383872       49801 ns        49801 ns        13999
AoSScan/583/2387968       49782 ns        49781 ns        13959
AoSScan/584/2392064       50033 ns        50033 ns        13977
AoSScan/585/2396160       49791 ns        49789 ns        14075
AoSScan/586/2400256       49732 ns        49731 ns        14053
AoSScan/587/2404352       49836 ns        49835 ns        14035
AoSScan/588/2408448       49830 ns        49828 ns        14073
AoSScan/589/2412544       49632 ns        49632 ns        13983
AoSScan/590/2416640       49688 ns        49685 ns        14104
AoSScan/591/2420736       49676 ns        49676 ns        14109
AoSScan/592/2424832       50273 ns        50273 ns        13932
AoSScan/593/2428928       49583 ns        49583 ns        14103
AoSScan/594/2433024       49805 ns        49804 ns        13979
AoSScan/595/2437120       49684 ns        49683 ns        14094
AoSScan/596/2441216       49835 ns        49835 ns        14043
AoSScan/597/2445312       49656 ns        49657 ns        14112
AoSScan/598/2449408       49747 ns        49744 ns        14128
AoSScan/599/2453504       49710 ns        49710 ns        14054
AoSScan/600/2457600       50027 ns        50027 ns        13984
AoSScan/601/2461696       49837 ns        49838 ns        14083
AoSScan/602/2465792       49660 ns        49660 ns        14109
AoSScan/603/2469888       49769 ns        49767 ns        14049
AoSScan/604/2473984       49523 ns        49523 ns        14163
AoSScan/605/2478080       49837 ns        49836 ns        14068
AoSScan/606/2482176       50111 ns        50111 ns        14070
AoSScan/607/2486272       49728 ns        49728 ns        14059
AoSScan/608/2490368       50318 ns        50318 ns        13601
AoSScan/609/2494464       49882 ns        49881 ns        14098
AoSScan/610/2498560       49877 ns        49877 ns        13937
AoSScan/611/2502656       49794 ns        49793 ns        14079
AoSScan/612/2506752       49787 ns        49787 ns        14089
AoSScan/613/2510848       49817 ns        49817 ns        14085
AoSScan/614/2514944       50005 ns        50004 ns        10000
AoSScan/615/2519040       49887 ns        49886 ns        14056
AoSScan/616/2523136       50050 ns        50050 ns        13978
AoSScan/617/2527232       49919 ns        49919 ns        13950
AoSScan/618/2531328       49905 ns        49904 ns        13910
AoSScan/619/2535424       49873 ns        49873 ns        14036
AoSScan/620/2539520       49926 ns        49926 ns        13964
AoSScan/621/2543616       49876 ns        49875 ns        14092
AoSScan/622/2547712       49922 ns        49921 ns        14019
AoSScan/623/2551808       50039 ns        50038 ns        13970
AoSScan/624/2555904       50481 ns        50481 ns        13804
AoSScan/625/2560000       49972 ns        49972 ns        13963
AoSScan/626/2564096       49889 ns        49887 ns        13987
AoSScan/627/2568192       50094 ns        50094 ns        13936
AoSScan/628/2572288       49930 ns        49929 ns        13915
AoSScan/629/2576384       49967 ns        49967 ns        13856
AoSScan/630/2580480       49917 ns        49917 ns        14024
AoSScan/631/2584576       50004 ns        50002 ns        14042
AoSScan/632/2588672       50331 ns        50330 ns        13968
AoSScan/633/2592768       50021 ns        50021 ns        14029
AoSScan/634/2596864       49979 ns        49979 ns        13967
AoSScan/635/2600960       50019 ns        50019 ns        13952
AoSScan/636/2605056       50084 ns        50083 ns        13985
AoSScan/637/2609152       49924 ns        49923 ns        14000
AoSScan/638/2613248       50112 ns        50112 ns        13971
AoSScan/639/2617344       50205 ns        50204 ns        13929
AoSScan/640/2621440      112367 ns       112365 ns         6184
AoSScan/641/2625536       50101 ns        50101 ns        13989
AoSScan/642/2629632       50271 ns        50269 ns        13915
AoSScan/643/2633728       50213 ns        50213 ns        13922
AoSScan/644/2637824       50180 ns        50180 ns        13896
AoSScan/645/2641920       50012 ns        50012 ns        13914
AoSScan/646/2646016       50031 ns        50031 ns        13977
AoSScan/647/2650112       50009 ns        50009 ns        13951
AoSScan/648/2654208       50474 ns        50473 ns        13843
AoSScan/649/2658304       50171 ns        50170 ns        13882
AoSScan/650/2662400       50102 ns        50102 ns        13934
AoSScan/651/2666496       50161 ns        50160 ns        13054
AoSScan/652/2670592       51423 ns        51422 ns        13949
AoSScan/653/2674688       50111 ns        50111 ns        13889
AoSScan/654/2678784       50075 ns        50075 ns        13985
AoSScan/655/2682880       50097 ns        50097 ns        13957
AoSScan/656/2686976       50490 ns        50490 ns        13876
AoSScan/657/2691072       50121 ns        50121 ns        13945
AoSScan/658/2695168       50147 ns        50146 ns        13956
AoSScan/659/2699264       50094 ns        50094 ns        13961
AoSScan/660/2703360       50055 ns        50054 ns        13934
AoSScan/661/2707456       50044 ns        50044 ns        13973
AoSScan/662/2711552       50188 ns        50187 ns        13830
AoSScan/663/2715648       50205 ns        50205 ns        13896
AoSScan/664/2719744       50471 ns        50470 ns        13893
AoSScan/665/2723840       50177 ns        50177 ns        13966
AoSScan/666/2727936       50176 ns        50176 ns        13929
AoSScan/667/2732032       50152 ns        50151 ns        13984
AoSScan/668/2736128       50252 ns        50252 ns        13882
AoSScan/669/2740224       50063 ns        50062 ns        13939
AoSScan/670/2744320       50141 ns        50140 ns        13940
AoSScan/671/2748416       50266 ns        50266 ns        13929
AoSScan/672/2752512       50676 ns        50676 ns        13836
AoSScan/673/2756608       50201 ns        50201 ns        13903
AoSScan/674/2760704       50274 ns        50273 ns        13902
AoSScan/675/2764800       50246 ns        50246 ns        13915
AoSScan/676/2768896       50300 ns        50300 ns        13919
AoSScan/677/2772992       50473 ns        50473 ns        13944
AoSScan/678/2777088       50117 ns        50117 ns        13933
AoSScan/679/2781184       50117 ns        50115 ns        13900
AoSScan/680/2785280       50517 ns        50517 ns        13902
AoSScan/681/2789376       50226 ns        50226 ns        13939
AoSScan/682/2793472       50352 ns        50352 ns        13834
AoSScan/683/2797568       50247 ns        50247 ns        13925
AoSScan/684/2801664       50184 ns        50183 ns        13966
AoSScan/685/2805760       50138 ns        50136 ns        13941
AoSScan/686/2809856       50237 ns        50237 ns        13864
AoSScan/687/2813952       50107 ns        50107 ns        13967
AoSScan/688/2818048       50225 ns        50224 ns        13864
AoSScan/689/2822144       50162 ns        50162 ns        13949
AoSScan/690/2826240       50257 ns        50257 ns        13902
AoSScan/691/2830336       50180 ns        50180 ns        13776
AoSScan/692/2834432       50076 ns        50076 ns        13910
AoSScan/693/2838528       50157 ns        50156 ns        13966
AoSScan/694/2842624       50179 ns        50178 ns        13994
AoSScan/695/2846720       50156 ns        50155 ns        13935
AoSScan/696/2850816       50504 ns        50503 ns        13863
AoSScan/697/2854912       50019 ns        50019 ns        10000
AoSScan/698/2859008       50276 ns        50275 ns        13850
AoSScan/699/2863104       50382 ns        50381 ns        13832
AoSScan/700/2867200       50247 ns        50246 ns        13829
AoSScan/701/2871296       50096 ns        50095 ns        13949
AoSScan/702/2875392       50118 ns        50117 ns        13940
AoSScan/703/2879488       50070 ns        50070 ns        13974
AoSScan/704/2883584       69887 ns        69887 ns        11789
AoSScan/705/2887680       50230 ns        50230 ns        13936
AoSScan/706/2891776       50232 ns        50232 ns        13917
AoSScan/707/2895872       50239 ns        50240 ns        13914
AoSScan/708/2899968       50166 ns        50165 ns        13897
AoSScan/709/2904064       50184 ns        50184 ns        13966
AoSScan/710/2908160       50217 ns        50216 ns        13867
AoSScan/711/2912256       50281 ns        50280 ns        13910
AoSScan/712/2916352       50420 ns        50418 ns        13870
AoSScan/713/2920448       50052 ns        50052 ns        13954
AoSScan/714/2924544       50024 ns        50023 ns        13962
AoSScan/715/2928640       50018 ns        50018 ns        13959
AoSScan/716/2932736       50125 ns        50126 ns        13917
AoSScan/717/2936832       49963 ns        49962 ns        13951
AoSScan/718/2940928       49963 ns        49963 ns        13999
AoSScan/719/2945024       50000 ns        49999 ns        13965
AoSScan/720/2949120       50192 ns        50192 ns        13948
AoSScan/721/2953216       49987 ns        49987 ns        14003
AoSScan/722/2957312       49945 ns        49945 ns        13973
AoSScan/723/2961408       50097 ns        50098 ns        13977
AoSScan/724/2965504       49932 ns        49932 ns        14009
AoSScan/725/2969600       49945 ns        49945 ns        13988
AoSScan/726/2973696       49974 ns        49974 ns        14023
AoSScan/727/2977792       49962 ns        49960 ns        13956
AoSScan/728/2981888       50153 ns        50151 ns        13942
AoSScan/729/2985984       49997 ns        49997 ns        13987
AoSScan/730/2990080       50021 ns        50020 ns        14030
AoSScan/731/2994176       49868 ns        49868 ns        14027
AoSScan/732/2998272       49975 ns        49974 ns        13976
AoSScan/733/3002368       49995 ns        49995 ns        14021
AoSScan/734/3006464       49792 ns        49792 ns        14046
AoSScan/735/3010560       49954 ns        49954 ns        14004
AoSScan/736/3014656       50867 ns        50867 ns        13882
AoSScan/737/3018752       49909 ns        49909 ns        14033
AoSScan/738/3022848       49806 ns        49806 ns        13946
AoSScan/739/3026944       49795 ns        49795 ns        13978
AoSScan/740/3031040       49768 ns        49767 ns        14094
AoSScan/741/3035136       49887 ns        49886 ns        14025
AoSScan/742/3039232       49769 ns        49768 ns        13954
AoSScan/743/3043328       49885 ns        49885 ns        14067
AoSScan/744/3047424       50039 ns        50039 ns        13923
AoSScan/745/3051520       49875 ns        49875 ns        14054
AoSScan/746/3055616       49704 ns        49704 ns        13968
AoSScan/747/3059712       49850 ns        49850 ns        13861
AoSScan/748/3063808       49778 ns        49779 ns        13971
AoSScan/749/3067904       49619 ns        49619 ns        14093
AoSScan/750/3072000       49840 ns        49840 ns        14053
AoSScan/751/3076096       49937 ns        49936 ns        13975
AoSScan/752/3080192       50851 ns        50850 ns        13784
AoSScan/753/3084288       49893 ns        49893 ns        14040
AoSScan/754/3088384       49944 ns        49944 ns        13988
AoSScan/755/3092480       49729 ns        49729 ns        14090
AoSScan/756/3096576       49789 ns        49789 ns        13913
AoSScan/757/3100672       49796 ns        49796 ns        13878
AoSScan/758/3104768       49728 ns        49728 ns        13980
AoSScan/759/3108864       49733 ns        49733 ns        13979
AoSScan/760/3112960       50317 ns        50317 ns        13871
AoSScan/761/3117056       49721 ns        49720 ns        14102
AoSScan/762/3121152       49681 ns        49680 ns        14116
AoSScan/763/3125248       49809 ns        49807 ns        14079
AoSScan/764/3129344       49757 ns        49757 ns        14095
AoSScan/765/3133440       49837 ns        49837 ns        13995
AoSScan/766/3137536       49898 ns        49898 ns        13916
AoSScan/767/3141632       49943 ns        49943 ns        14016
AoSScan/768/3145728      155812 ns       155812 ns         4537
AoSScan/769/3149824       49931 ns        49929 ns        14060
AoSScan/770/3153920       49813 ns        49814 ns        14032
AoSScan/771/3158016       50001 ns        50000 ns        13911
AoSScan/772/3162112       49781 ns        49780 ns        13919
AoSScan/773/3166208       49762 ns        49762 ns        13922
AoSScan/774/3170304       49762 ns        49762 ns        14067
AoSScan/775/3174400       49726 ns        49726 ns        13992
AoSScan/776/3178496       50082 ns        50081 ns        13956
AoSScan/777/3182592       49830 ns        49829 ns        14079
AoSScan/778/3186688       49715 ns        49715 ns        13998
AoSScan/779/3190784       49880 ns        49880 ns        13984
AoSScan/780/3194880       49800 ns        49799 ns        13955
AoSScan/781/3198976       49851 ns        49850 ns        14065
AoSScan/782/3203072       49854 ns        49854 ns        14094
AoSScan/783/3207168       49712 ns        49712 ns        14061
AoSScan/784/3211264       50095 ns        50095 ns        13849
AoSScan/785/3215360       49750 ns        49750 ns        14052
AoSScan/786/3219456       49742 ns        49742 ns        14062
AoSScan/787/3223552       49935 ns        49933 ns        13986
AoSScan/788/3227648       49794 ns        49793 ns        13986
AoSScan/789/3231744       49825 ns        49824 ns        14066
AoSScan/790/3235840       49821 ns        49821 ns        14072
AoSScan/791/3239936       49754 ns        49754 ns        14073
AoSScan/792/3244032       50055 ns        50054 ns        13998
AoSScan/793/3248128       50392 ns        50391 ns        10000
AoSScan/794/3252224       49674 ns        49674 ns        13984
AoSScan/795/3256320       49764 ns        49762 ns        14071
AoSScan/796/3260416       49941 ns        49941 ns        13178
AoSScan/797/3264512       49964 ns        49964 ns        14019
AoSScan/798/3268608       49906 ns        49906 ns        13985
AoSScan/799/3272704       49879 ns        49878 ns        13900
AoSScan/800/3276800       50378 ns        50376 ns        13766
AoSScan/801/3280896       50040 ns        50040 ns        13956
AoSScan/802/3284992       49792 ns        49792 ns        14047
AoSScan/803/3289088       49805 ns        49805 ns        13960
AoSScan/804/3293184       49665 ns        49665 ns        14005
AoSScan/805/3297280       49868 ns        49867 ns        13952
AoSScan/806/3301376       49788 ns        49787 ns        14089
AoSScan/807/3305472       49802 ns        49802 ns        14047
AoSScan/808/3309568       50106 ns        50106 ns        13919
AoSScan/809/3313664       49798 ns        49797 ns        13924
AoSScan/810/3317760       49784 ns        49783 ns        13967
AoSScan/811/3321856       49802 ns        49802 ns        13945
AoSScan/812/3325952       49909 ns        49909 ns        14038
AoSScan/813/3330048       49733 ns        49733 ns        14090
AoSScan/814/3334144       49726 ns        49725 ns        13962
AoSScan/815/3338240       49744 ns        49743 ns        14068
AoSScan/816/3342336       50310 ns        50310 ns        13918
AoSScan/817/3346432       49720 ns        49720 ns        13991
AoSScan/818/3350528       49971 ns        49970 ns        14041
AoSScan/819/3354624       49783 ns        49782 ns        14088
AoSScan/820/3358720       49801 ns        49800 ns        14046
AoSScan/821/3362816       49776 ns        49775 ns        14070
AoSScan/822/3366912       49824 ns        49824 ns        13928
AoSScan/823/3371008       49697 ns        49695 ns        14098
AoSScan/824/3375104       50039 ns        50038 ns        13971
AoSScan/825/3379200       49773 ns        49773 ns        14065
AoSScan/826/3383296       49641 ns        49639 ns        14119
AoSScan/827/3387392       49835 ns        49836 ns        14077
AoSScan/828/3391488       49847 ns        49846 ns        14087
AoSScan/829/3395584       49689 ns        49689 ns        14105
AoSScan/830/3399680       49626 ns        49626 ns        14114
AoSScan/831/3403776       49682 ns        49680 ns        13956
AoSScan/832/3407872       57011 ns        57009 ns        11982
AoSScan/833/3411968       49712 ns        49712 ns        14106
AoSScan/834/3416064       49706 ns        49705 ns        14062
AoSScan/835/3420160       49669 ns        49668 ns        14075
AoSScan/836/3424256       49740 ns        49740 ns        13984
AoSScan/837/3428352       49754 ns        49754 ns        13983
AoSScan/838/3432448       49662 ns        49661 ns        13989
AoSScan/839/3436544       49698 ns        49698 ns        13975
AoSScan/840/3440640       50129 ns        50129 ns        13960
AoSScan/841/3444736       49906 ns        49906 ns        13981
AoSScan/842/3448832       49683 ns        49683 ns        14093
AoSScan/843/3452928       49960 ns        49958 ns        14032
AoSScan/844/3457024       49920 ns        49919 ns        14046
AoSScan/845/3461120       49750 ns        49750 ns        14038
AoSScan/846/3465216       49739 ns        49739 ns        13960
AoSScan/847/3469312       49885 ns        49885 ns        13970
AoSScan/848/3473408       50520 ns        50520 ns        13912
AoSScan/849/3477504       49925 ns        49924 ns        14026
AoSScan/850/3481600       49809 ns        49809 ns        13934
AoSScan/851/3485696       49914 ns        49914 ns        13963
AoSScan/852/3489792       49991 ns        49991 ns        13918
AoSScan/853/3493888       49979 ns        49979 ns        13970
AoSScan/854/3497984       50000 ns        50000 ns        14046
AoSScan/855/3502080       49983 ns        49983 ns        13906
AoSScan/856/3506176       50267 ns        50267 ns        13938
AoSScan/857/3510272       50089 ns        50089 ns        13956
AoSScan/858/3514368       50161 ns        50161 ns        13919
AoSScan/859/3518464       50162 ns        50162 ns        13874
AoSScan/860/3522560       50185 ns        50183 ns        13850
AoSScan/861/3526656       50228 ns        50229 ns        13875
AoSScan/862/3530752       50240 ns        50239 ns        13885
AoSScan/863/3534848       50173 ns        50172 ns        13861
AoSScan/864/3538944       50405 ns        50404 ns        13803
AoSScan/865/3543040       50082 ns        50083 ns        13996
AoSScan/866/3547136       50259 ns        50260 ns        13932
AoSScan/867/3551232       50526 ns        50526 ns        13976
AoSScan/868/3555328       50996 ns        50994 ns        13761
AoSScan/869/3559424       50123 ns        50123 ns        13913
AoSScan/870/3563520       50101 ns        50101 ns        13903
AoSScan/871/3567616       50215 ns        50215 ns        13837
AoSScan/872/3571712       50482 ns        50481 ns        13849
AoSScan/873/3575808       50161 ns        50161 ns        13903
AoSScan/874/3579904       50090 ns        50089 ns        13950
AoSScan/875/3584000       50173 ns        50172 ns        13945
AoSScan/876/3588096       50154 ns        50155 ns        10000
AoSScan/877/3592192       50249 ns        50249 ns        13989
AoSScan/878/3596288       50075 ns        50074 ns        13896
AoSScan/879/3600384       50082 ns        50081 ns        10000
AoSScan/880/3604480       50444 ns        50443 ns        13921
AoSScan/881/3608576       50181 ns        50181 ns        13985
AoSScan/882/3612672       50204 ns        50202 ns        13915
AoSScan/883/3616768       50172 ns        50172 ns        13902
AoSScan/884/3620864       50215 ns        50215 ns        13840
AoSScan/885/3624960       50280 ns        50280 ns        13932
AoSScan/886/3629056       50080 ns        50080 ns        13996
AoSScan/887/3633152       50158 ns        50158 ns        13926
AoSScan/888/3637248       50426 ns        50426 ns        13850
AoSScan/889/3641344       50234 ns        50234 ns        13894
AoSScan/890/3645440       50121 ns        50120 ns        13948
AoSScan/891/3649536       50223 ns        50223 ns        13956
AoSScan/892/3653632       50229 ns        50229 ns        13831
AoSScan/893/3657728       50178 ns        50178 ns        13904
AoSScan/894/3661824       50160 ns        50160 ns        13883
AoSScan/895/3665920       50193 ns        50193 ns        13857
AoSScan/896/3670016      117199 ns       117195 ns         5620
AoSScan/897/3674112       50124 ns        50124 ns        13980
AoSScan/898/3678208       50198 ns        50198 ns        13895
AoSScan/899/3682304       50144 ns        50144 ns        13984
AoSScan/900/3686400       50200 ns        50199 ns        13931
AoSScan/901/3690496       50206 ns        50206 ns        13950
AoSScan/902/3694592       50319 ns        50319 ns        13908
AoSScan/903/3698688       50208 ns        50207 ns        13851
AoSScan/904/3702784       50154 ns        50154 ns        13925
AoSScan/905/3706880       50144 ns        50144 ns        13993
AoSScan/906/3710976       50053 ns        50053 ns        13934
AoSScan/907/3715072       50125 ns        50124 ns        13809
AoSScan/908/3719168       50262 ns        50261 ns        13962
AoSScan/909/3723264       50116 ns        50116 ns        13943
AoSScan/910/3727360       50091 ns        50091 ns        13817
AoSScan/911/3731456       50098 ns        50096 ns        13981
AoSScan/912/3735552       50443 ns        50443 ns        13839
AoSScan/913/3739648       49962 ns        49962 ns        14016
AoSScan/914/3743744       50002 ns        50002 ns        10000
AoSScan/915/3747840       50986 ns        50986 ns        13921
AoSScan/916/3751936       50143 ns        50143 ns        13889
AoSScan/917/3756032       50084 ns        50084 ns        13924
AoSScan/918/3760128       49998 ns        49998 ns        13990
AoSScan/919/3764224       50117 ns        50117 ns        13963
AoSScan/920/3768320       50220 ns        50219 ns        13896
AoSScan/921/3772416       49971 ns        49971 ns        13939
AoSScan/922/3776512       50040 ns        50039 ns        13985
AoSScan/923/3780608       49952 ns        49951 ns        13931
AoSScan/924/3784704       50123 ns        50122 ns        13942
AoSScan/925/3788800       50069 ns        50069 ns        13873
AoSScan/926/3792896       50047 ns        50045 ns        13988
AoSScan/927/3796992       50078 ns        50078 ns        13861
AoSScan/928/3801088       50685 ns        50685 ns        13843
AoSScan/929/3805184       49971 ns        49971 ns        13931
AoSScan/930/3809280       49957 ns        49957 ns        13964
AoSScan/931/3813376       50104 ns        50104 ns        13906
AoSScan/932/3817472       50124 ns        50124 ns        13874
AoSScan/933/3821568       50075 ns        50075 ns        13956
AoSScan/934/3825664       49922 ns        49922 ns        13977
AoSScan/935/3829760       50046 ns        50046 ns        14010
AoSScan/936/3833856       50258 ns        50257 ns        13877
AoSScan/937/3837952       50005 ns        50004 ns        10000
AoSScan/938/3842048       50076 ns        50074 ns        13943
AoSScan/939/3846144       49933 ns        49933 ns        13949
AoSScan/940/3850240       50180 ns        50181 ns        13957
AoSScan/941/3854336       49989 ns        49988 ns        13914
AoSScan/942/3858432       50038 ns        50038 ns        13944
AoSScan/943/3862528       49848 ns        49848 ns        14053
AoSScan/944/3866624       50434 ns        50434 ns        13888
AoSScan/945/3870720       49959 ns        49959 ns        13888
AoSScan/946/3874816       49957 ns        49957 ns        13926
AoSScan/947/3878912       49997 ns        49997 ns        13666
AoSScan/948/3883008       50030 ns        50029 ns        13941
AoSScan/949/3887104       50064 ns        50064 ns        13856
AoSScan/950/3891200       49969 ns        49968 ns        14038
AoSScan/951/3895296       49921 ns        49921 ns        13989
AoSScan/952/3899392       50186 ns        50186 ns        13878
AoSScan/953/3903488       50017 ns        50016 ns        13978
AoSScan/954/3907584       50024 ns        50024 ns        13988
AoSScan/955/3911680       50064 ns        50064 ns        13886
AoSScan/956/3915776       50186 ns        50186 ns        13907
AoSScan/957/3919872       50047 ns        50048 ns        13886
AoSScan/958/3923968       50027 ns        50027 ns        13974
AoSScan/959/3928064       49971 ns        49971 ns        13948
AoSScan/960/3932160       57348 ns        57348 ns        12113
AoSScan/961/3936256       50034 ns        50034 ns        10000
AoSScan/962/3940352       49906 ns        49906 ns        13992
AoSScan/963/3944448       49963 ns        49963 ns        14027
AoSScan/964/3948544       50055 ns        50055 ns        10000
AoSScan/965/3952640       49949 ns        49949 ns        13930
AoSScan/966/3956736       49998 ns        49998 ns        14036
AoSScan/967/3960832       50023 ns        50023 ns        13976
AoSScan/968/3964928       50231 ns        50230 ns        13965
AoSScan/969/3969024       50017 ns        50016 ns        10000
AoSScan/970/3973120       49921 ns        49922 ns        14001
AoSScan/971/3977216       49756 ns        49755 ns        14080
AoSScan/972/3981312       50048 ns        50048 ns        13963
AoSScan/973/3985408       49928 ns        49928 ns        14033
AoSScan/974/3989504       49937 ns        49937 ns        13970
AoSScan/975/3993600       49946 ns        49945 ns        14029
AoSScan/976/3997696       50347 ns        50347 ns        13888
AoSScan/977/4001792       49811 ns        49811 ns        14034
AoSScan/978/4005888       49805 ns        49805 ns        13986
AoSScan/979/4009984       49827 ns        49826 ns        14052
AoSScan/980/4014080       49759 ns        49759 ns        13980
AoSScan/981/4018176       49969 ns        49969 ns        14014
AoSScan/982/4022272       49980 ns        49979 ns        14005
AoSScan/983/4026368       49930 ns        49930 ns        13958
AoSScan/984/4030464       50214 ns        50215 ns        13861
AoSScan/985/4034560       49820 ns        49820 ns        14086
AoSScan/986/4038656       49885 ns        49885 ns        14043
AoSScan/987/4042752       49896 ns        49896 ns        14022
AoSScan/988/4046848       49973 ns        49972 ns        13931
AoSScan/989/4050944       49941 ns        49941 ns        13954
AoSScan/990/4055040       49876 ns        49873 ns        13954
AoSScan/991/4059136       49930 ns        49929 ns        13975
AoSScan/992/4063232       50559 ns        50559 ns        13622
AoSScan/993/4067328       49760 ns        49760 ns        14089
AoSScan/994/4071424       49756 ns        49756 ns        13981
AoSScan/995/4075520       50181 ns        50181 ns        14033
AoSScan/996/4079616       49915 ns        49915 ns        13944
AoSScan/997/4083712       49939 ns        49939 ns        13970
AoSScan/998/4087808       50001 ns        50001 ns        13942
AoSScan/999/4091904       49841 ns        49841 ns        14067
AoSScan/1000/4096000      50187 ns        50187 ns        13852
AoSScan/1001/4100096      49894 ns        49893 ns        14059
AoSScan/1002/4104192      49921 ns        49921 ns        14078
AoSScan/1003/4108288      49880 ns        49880 ns        13978
AoSScan/1004/4112384      49887 ns        49887 ns        14056
AoSScan/1005/4116480      49914 ns        49914 ns        14051
AoSScan/1006/4120576      50003 ns        50002 ns        13982
AoSScan/1007/4124672      49959 ns        49959 ns        14043
AoSScan/1008/4128768      50495 ns        50494 ns        13797
AoSScan/1009/4132864      49782 ns        49782 ns        13959
AoSScan/1010/4136960      49901 ns        49899 ns        14000
AoSScan/1011/4141056      50187 ns        50187 ns        13048
AoSScan/1012/4145152      50099 ns        50099 ns        13970
AoSScan/1013/4149248      49823 ns        49823 ns        13957
AoSScan/1014/4153344      49945 ns        49944 ns        14068
AoSScan/1015/4157440      49862 ns        49861 ns        13987
AoSScan/1016/4161536      49952 ns        49951 ns        13942
AoSScan/1017/4165632      49806 ns        49806 ns        14042
AoSScan/1018/4169728      49899 ns        49897 ns        13970
AoSScan/1019/4173824      49897 ns        49897 ns        14041
AoSScan/1020/4177920      49650 ns        49650 ns        13988
AoSScan/1021/4182016      49835 ns        49834 ns        14056
AoSScan/1022/4186112      50036 ns        50036 ns        10000
AoSScan/1023/4190208      49958 ns        49956 ns        13907
AoSScan/1024/4194304     152965 ns       152965 ns         4468
