---------------------------------------------------------------
Benchmark                     Time             CPU   Iterations
---------------------------------------------------------------
SoAScan/1/4096            32092 ns        32091 ns        22013
SoAScan/2/8192            32086 ns        32086 ns        21829
SoAScan/3/12288           32268 ns        32268 ns        21711
SoAScan/4/16384           32579 ns        32578 ns        21721
SoAScan/5/20480           32532 ns        32532 ns        21516
SoAScan/6/24576           32760 ns        32760 ns        21518
SoAScan/7/28672           32935 ns        32935 ns        21266
SoAScan/8/32768           33132 ns        33131 ns        21132
SoAScan/9/36864           33415 ns        33415 ns        20924
SoAScan/10/40960          33675 ns        33674 ns        20770
SoAScan/11/45056          33994 ns        33993 ns        20550
SoAScan/12/49152          34287 ns        34286 ns        20448
SoAScan/13/53248          34381 ns        34381 ns        20324
SoAScan/14/57344          34783 ns        34783 ns        20229
SoAScan/15/61440          35147 ns        35146 ns        19939
SoAScan/16/65536          35704 ns        35704 ns        19598
SoAScan/17/69632          35679 ns        35678 ns        19582
SoAScan/18/73728          35749 ns        35748 ns        19615
SoAScan/19/77824          36071 ns        36070 ns        19411
SoAScan/20/81920          36129 ns        36129 ns        19269
SoAScan/21/86016          35950 ns        35950 ns        19514
SoAScan/22/90112          35667 ns        35667 ns        19637
SoAScan/23/94208          35861 ns        35861 ns        19515
SoAScan/24/98304          35944 ns        35944 ns        19471
SoAScan/25/102400         35979 ns        35979 ns        19407
SoAScan/26/106496         36329 ns        36329 ns        19260
SoAScan/27/110592         36490 ns        36489 ns        19235
SoAScan/28/114688         36513 ns        36513 ns        19140
SoAScan/29/118784         36759 ns        36759 ns        18953
SoAScan/30/122880         36933 ns        36932 ns        18891
SoAScan/31/126976         37073 ns        37073 ns        18876
SoAScan/32/131072         37756 ns        37756 ns        18567
SoAScan/33/135168         37782 ns        37782 ns        18558
SoAScan/34/139264         38426 ns        38425 ns        18209
SoAScan/35/143360         39308 ns        39308 ns        17858
SoAScan/36/147456         39966 ns        39966 ns        17565
SoAScan/37/151552         40457 ns        40456 ns        17301
SoAScan/38/155648         40788 ns        40787 ns        17164
SoAScan/39/159744         41176 ns        41176 ns        17068
SoAScan/40/163840         41445 ns        41444 ns        16987
SoAScan/41/167936         41595 ns        41595 ns        16781
SoAScan/42/172032         42078 ns        42078 ns        16587
SoAScan/43/176128         42313 ns        42313 ns        16575
SoAScan/44/180224         42540 ns        42539 ns        16477
SoAScan/45/184320         42848 ns        42848 ns        16381
SoAScan/46/188416         43092 ns        43091 ns        16245
SoAScan/47/192512         43320 ns        43319 ns        16149
SoAScan/48/196608         43912 ns        43912 ns        16016
SoAScan/49/200704         43839 ns        43838 ns        15965
SoAScan/50/204800         43888 ns        43887 ns        15917
SoAScan/51/208896         41636 ns        41634 ns        15907
SoAScan/52/212992         39552 ns        39552 ns        17716
SoAScan/53/217088         39662 ns        39661 ns        17636
SoAScan/54/221184         40074 ns        40074 ns        17539
SoAScan/55/225280         40002 ns        40001 ns        17544
SoAScan/56/229376         40041 ns        40040 ns        17535
SoAScan/57/233472         40159 ns        40159 ns        17412
SoAScan/58/237568         40314 ns        40313 ns        16951
SoAScan/59/241664         40430 ns        40430 ns        17309
SoAScan/60/245760         40588 ns        40587 ns        17368
SoAScan/61/249856         40525 ns        40524 ns        17351
SoAScan/62/253952         40516 ns        40516 ns        17094
SoAScan/63/258048         40714 ns        40713 ns        17220
SoAScan/64/262144         41408 ns        41407 ns        17079
SoAScan/65/266240         40906 ns        40905 ns        17166
SoAScan/66/270336         40967 ns        40966 ns        17142
SoAScan/67/274432         41832 ns        41832 ns        16365
SoAScan/68/278528         41110 ns        41109 ns        17061
SoAScan/69/282624         41116 ns        41116 ns        17081
SoAScan/70/286720         41100 ns        41099 ns        17080
SoAScan/71/290816         41056 ns        41056 ns        17084
SoAScan/72/294912         41136 ns        41135 ns        17028
SoAScan/73/299008         41194 ns        41194 ns        17001
SoAScan/74/303104         41177 ns        41177 ns        16996
SoAScan/75/307200         41198 ns        41197 ns        17001
SoAScan/76/311296         41231 ns        41231 ns        17040
SoAScan/77/315392         41328 ns        41328 ns        16948
SoAScan/78/319488         41382 ns        41381 ns        16958
SoAScan/79/323584         41375 ns        41374 ns        16929
SoAScan/80/327680         41561 ns        41561 ns        16850
SoAScan/81/331776         41569 ns        41569 ns        16905
SoAScan/82/335872         41553 ns        41553 ns        16873
SoAScan/83/339968         41570 ns        41570 ns        16814
SoAScan/84/344064         41573 ns        41573 ns        16838
SoAScan/85/348160         41645 ns        41645 ns        16796
SoAScan/86/352256         41607 ns        41607 ns        16807
SoAScan/87/356352         41664 ns        41664 ns        16839
SoAScan/88/360448         41663 ns        41662 ns        16733
SoAScan/89/364544         41717 ns        41717 ns        16801
SoAScan/90/368640         41758 ns        41758 ns        16779
SoAScan/91/372736         41827 ns        41825 ns        16769
SoAScan/92/376832         41879 ns        41879 ns        16780
SoAScan/93/380928         42152 ns        42151 ns        16662
SoAScan/94/385024         41934 ns        41933 ns        16699
SoAScan/95/389120         41981 ns        41980 ns        16651
SoAScan/96/393216         42468 ns        42467 ns        16481
SoAScan/97/397312         42054 ns        42053 ns        16653
SoAScan/98/401408         42003 ns        42002 ns        16636
SoAScan/99/405504         42077 ns        42076 ns        16638
SoAScan/100/409600        42045 ns        42045 ns        16660
SoAScan/101/413696        42115 ns        42115 ns        16595
SoAScan/102/417792        42200 ns        42199 ns        16586
SoAScan/103/421888        42173 ns        42171 ns        16590
SoAScan/104/425984        42138 ns        42138 ns        16614
SoAScan/105/430080        42158 ns        42157 ns        16598
SoAScan/106/434176        42112 ns        42111 ns        16684
SoAScan/107/438272        42236 ns        42235 ns        16595
SoAScan/108/442368        42115 ns        42114 ns        16605
SoAScan/109/446464        42246 ns        42245 ns        16518
SoAScan/110/450560        42324 ns        42323 ns        16583
SoAScan/111/454656        42430 ns        42429 ns        16530
SoAScan/112/458752        42420 ns        42418 ns        16481
SoAScan/113/462848        42527 ns        42527 ns        16497
SoAScan/114/466944        42441 ns        42440 ns        16545
SoAScan/115/471040        42558 ns        42558 ns        16473
SoAScan/116/475136        42475 ns        42473 ns        16460
SoAScan/117/479232        42734 ns        42733 ns        16481
SoAScan/118/483328        42586 ns        42586 ns        16486
SoAScan/119/487424        42686 ns        42685 ns        16415
SoAScan/120/491520        42622 ns        42622 ns        16452
SoAScan/121/495616        42816 ns        42816 ns        16455
SoAScan/122/499712        42796 ns        42796 ns        16379
SoAScan/123/503808        42958 ns        42958 ns        16304
SoAScan/124/507904        43170 ns        43169 ns        16243
SoAScan/125/512000        43293 ns        43293 ns        16163
SoAScan/126/516096        43516 ns        43516 ns        16125
SoAScan/127/520192        43683 ns        43683 ns        16043
SoAScan/128/524288        87093 ns        87092 ns         8015
SoAScan/129/528384        43704 ns        43704 ns        16035
SoAScan/130/532480        43613 ns        43613 ns        15998
SoAScan/131/536576        43844 ns        43844 ns        15968
SoAScan/132/540672        43962 ns        43962 ns        15897
SoAScan/133/544768        44067 ns        44067 ns        15895
SoAScan/134/548864        44243 ns        44242 ns        15802
SoAScan/135/552960        44664 ns        44664 ns        15721
SoAScan/136/557056        44656 ns        44656 ns        15661
SoAScan/137/561152        44930 ns        44929 ns        15557
SoAScan/138/565248        45075 ns        45075 ns        15556
SoAScan/139/569344        45361 ns        45361 ns        15472
SoAScan/140/573440        45236 ns        45235 ns        15499
SoAScan/141/577536        45364 ns        45362 ns        15454
SoAScan/142/581632        45623 ns        45623 ns        15420
SoAScan/143/585728        45640 ns        45640 ns        15341
SoAScan/144/589824        46087 ns        46086 ns        15242
SoAScan/145/593920        46061 ns        46061 ns        15276
SoAScan/146/598016        46095 ns        46094 ns        15168
SoAScan/147/602112        46142 ns        46141 ns        15124
SoAScan/148/606208        46271 ns        46270 ns        15153
SoAScan/149/610304        46125 ns        46125 ns        15122
SoAScan/150/614400        46197 ns        46197 ns        15123
SoAScan/151/618496        46345 ns        46345 ns        15161
SoAScan/152/622592        46178 ns        46177 ns        15156
SoAScan/153/626688        46374 ns        46373 ns        15080
SoAScan/154/630784        46277 ns        46277 ns        15088
SoAScan/155/634880        46476 ns        46475 ns        15074
SoAScan/156/638976        46512 ns        46511 ns        15059
SoAScan/157/643072        46467 ns        46465 ns        15041
SoAScan/158/647168        46516 ns        46516 ns        15037
SoAScan/159/651264        46446 ns        46446 ns        15022
SoAScan/160/655360        47098 ns        47097 ns        14870
SoAScan/161/659456        46558 ns        46557 ns        15042
SoAScan/162/663552        47207 ns        47206 ns        14798
SoAScan/163/667648        46688 ns        46688 ns        15026
SoAScan/164/671744        46592 ns        46592 ns        15015
SoAScan/165/675840        46794 ns        46793 ns        14944
SoAScan/166/679936        46809 ns        46808 ns        14993
SoAScan/167/684032        46747 ns        46747 ns        14950
SoAScan/168/688128        46676 ns        46675 ns        14966
SoAScan/169/692224        46808 ns        46806 ns        14953
SoAScan/170/696320        46829 ns        46829 ns        14973
SoAScan/171/700416        46729 ns        46728 ns        14993
SoAScan/172/704512        46858 ns        46857 ns        14931
SoAScan/173/708608        46948 ns        46946 ns        14959
SoAScan/174/712704        46970 ns        46969 ns        14934
SoAScan/175/716800        47062 ns        47062 ns        14867
SoAScan/176/720896        47291 ns        47290 ns        14852
SoAScan/177/724992        47346 ns        47346 ns        14787
SoAScan/178/729088        47386 ns        47385 ns        14771
SoAScan/179/733184        47424 ns        47422 ns        14741
SoAScan/180/737280        47503 ns        47503 ns        14714
SoAScan/181/741376        47646 ns        47645 ns        14701
SoAScan/182/745472        47477 ns        47477 ns        14781
SoAScan/183/749568        47594 ns        47593 ns        14729
SoAScan/184/753664        47545 ns        47543 ns        14686
SoAScan/185/757760        47726 ns        47726 ns        14716
SoAScan/186/761856        47700 ns        47699 ns        14629
SoAScan/187/765952        47691 ns        47690 ns        14728
SoAScan/188/770048        47697 ns        47695 ns        14723
SoAScan/189/774144        47996 ns        47996 ns        14580
SoAScan/190/778240        47701 ns        47699 ns        14683
SoAScan/191/782336        47889 ns        47888 ns        14641
SoAScan/192/786432        51395 ns        51394 ns        13395
SoAScan/193/790528        47843 ns        47842 ns        14608
SoAScan/194/794624        47996 ns        47995 ns        14522
SoAScan/195/798720        47806 ns        47805 ns        14643
SoAScan/196/802816        47948 ns        47948 ns        14663
SoAScan/197/806912        47887 ns        47886 ns        14608
SoAScan/198/811008        48531 ns        48530 ns        14562
SoAScan/199/815104        47985 ns        47984 ns        14632
SoAScan/200/819200        47860 ns        47858 ns        14608
SoAScan/201/823296        47955 ns        47955 ns        14635
SoAScan/202/827392        47882 ns        47881 ns        14639
SoAScan/203/831488        47933 ns        47932 ns        14561
SoAScan/204/835584        48041 ns        48040 ns        14574
SoAScan/205/839680        48134 ns        48133 ns        14549
SoAScan/206/843776        48065 ns        48064 ns        14582
SoAScan/207/847872        48247 ns        48244 ns        14562
SoAScan/208/851968        48220 ns        48220 ns        14535
SoAScan/209/856064        48244 ns        48243 ns        14507
SoAScan/210/860160        48370 ns        48369 ns        14476
SoAScan/211/864256        48323 ns        48322 ns        14501
SoAScan/212/868352        48373 ns        48372 ns        14522
SoAScan/213/872448        48627 ns        48626 ns        14349
SoAScan/214/876544        48586 ns        48585 ns        14481
SoAScan/215/880640        48777 ns        48776 ns        14417
SoAScan/216/884736        49106 ns        49104 ns        14299
SoAScan/217/888832        48517 ns        48517 ns        14440
SoAScan/218/892928        48542 ns        48542 ns        14430
SoAScan/219/897024        48821 ns        48821 ns        14371
SoAScan/220/901120        48638 ns        48637 ns        14416
SoAScan/221/905216        48774 ns        48772 ns        14359
SoAScan/222/909312        48880 ns        48879 ns        14359
SoAScan/223/913408        48794 ns        48794 ns        14347
SoAScan/224/917504        49019 ns        49018 ns        14293
SoAScan/225/921600        48853 ns        48852 ns        14314
SoAScan/226/925696        48912 ns        48912 ns        14310
SoAScan/227/929792        49103 ns        49102 ns        14256
SoAScan/228/933888        49103 ns        49101 ns        14273
SoAScan/229/937984        49102 ns        49101 ns        14279
SoAScan/230/942080        49212 ns        49211 ns        14277
SoAScan/231/946176        49075 ns        49074 ns        14260
SoAScan/232/950272        49016 ns        49015 ns        14323
SoAScan/233/954368        49078 ns        49078 ns        14224
SoAScan/234/958464        49148 ns        49148 ns        14202
SoAScan/235/962560        49244 ns        49244 ns        14217
SoAScan/236/966656        49299 ns        49298 ns        14263
SoAScan/237/970752        49375 ns        49374 ns        14156
SoAScan/238/974848        49461 ns        49461 ns        14219
SoAScan/239/978944        49261 ns        49260 ns        14190
SoAScan/240/983040        49532 ns        49531 ns        14127
SoAScan/241/987136        49521 ns        49520 ns        14177
SoAScan/242/991232        49554 ns        49553 ns        13966
SoAScan/243/995328        49755 ns        49754 ns        13856
SoAScan/244/999424        49803 ns        49803 ns        14079
SoAScan/245/1003520       49674 ns        49673 ns        13887
SoAScan/246/1007616       49801 ns        49801 ns        13947
SoAScan/247/1011712       49761 ns        49761 ns        13961
SoAScan/248/1015808       49917 ns        49916 ns        13897
SoAScan/249/1019904       49919 ns        49919 ns        13933
SoAScan/250/1024000       50106 ns        50106 ns        13848
SoAScan/251/1028096       50064 ns        50063 ns        13951
SoAScan/252/1032192       50210 ns        50210 ns        13873
SoAScan/253/1036288       50088 ns        50086 ns        13882
SoAScan/254/1040384       50303 ns        50302 ns        13869
SoAScan/255/1044480       50488 ns        50487 ns        13758
SoAScan/256/1048576      160502 ns       160500 ns         4295
SoAScan/257/1052672       50444 ns        50444 ns        13897
SoAScan/258/1056768       50605 ns        50604 ns        13753
SoAScan/259/1060864       50613 ns        50612 ns        13744
SoAScan/260/1064960       50366 ns        50365 ns        13733
SoAScan/261/1069056       50706 ns        50706 ns        13823
SoAScan/262/1073152       50519 ns        50519 ns        13765
SoAScan/263/1077248       50529 ns        50527 ns        13752
SoAScan/264/1081344       50284 ns        50283 ns        13763
SoAScan/265/1085440       50407 ns        50406 ns        13722
SoAScan/266/1089536       50426 ns        50425 ns        13884
SoAScan/267/1093632       50650 ns        50649 ns        13805
SoAScan/268/1097728       50490 ns        50490 ns        13746
SoAScan/269/1101824       50614 ns        50613 ns        13773
SoAScan/270/1105920       51048 ns        51047 ns        13480
SoAScan/271/1110016       50673 ns        50672 ns        13769
SoAScan/272/1114112       50587 ns        50587 ns        13777
SoAScan/273/1118208       50589 ns        50589 ns        13639
SoAScan/274/1122304       50550 ns        50550 ns        13822
SoAScan/275/1126400       50748 ns        50747 ns        13629
SoAScan/276/1130496       50805 ns        50804 ns        13699
SoAScan/277/1134592       50823 ns        50822 ns        13650
SoAScan/278/1138688       50707 ns        50707 ns        13768
SoAScan/279/1142784       50716 ns        50716 ns        13715
SoAScan/280/1146880       50708 ns        50707 ns        13642
SoAScan/281/1150976       50793 ns        50793 ns        13799
SoAScan/282/1155072       51010 ns        51008 ns        13690
SoAScan/283/1159168       50940 ns        50939 ns        13719
SoAScan/284/1163264       50840 ns        50840 ns        13665
SoAScan/285/1167360       51081 ns        51080 ns        13654
SoAScan/286/1171456       50993 ns        50992 ns        13548
SoAScan/287/1175552       51133 ns        51132 ns        13471
SoAScan/288/1179648       51284 ns        51283 ns        13529
SoAScan/289/1183744       51264 ns        51264 ns        13509
SoAScan/290/1187840       51354 ns        51354 ns        13557
SoAScan/291/1191936       51368 ns        51367 ns        13512
SoAScan/292/1196032       51324 ns        51324 ns        13584
SoAScan/293/1200128       51191 ns        51189 ns        13553
SoAScan/294/1204224       51323 ns        51322 ns        13540
SoAScan/295/1208320       51360 ns        51359 ns        13570
SoAScan/296/1212416       51461 ns        51460 ns        13601
SoAScan/297/1216512       51800 ns        51799 ns        13418
SoAScan/298/1220608       51491 ns        51489 ns        13656
SoAScan/299/1224704       51651 ns        51651 ns        13505
SoAScan/300/1228800       51423 ns        51422 ns        13536
SoAScan/301/1232896       51688 ns        51687 ns        13538
SoAScan/302/1236992       51561 ns        51561 ns        13384
SoAScan/303/1241088       51871 ns        51870 ns        13475
SoAScan/304/1245184       51928 ns        51927 ns        13326
SoAScan/305/1249280       52009 ns        52008 ns        13273
SoAScan/306/1253376       52087 ns        52086 ns        13112
SoAScan/307/1257472       52052 ns        52051 ns        13230
SoAScan/308/1261568       52056 ns        52055 ns        13357
SoAScan/309/1265664       52220 ns        52220 ns        13317
SoAScan/310/1269760       52143 ns        52141 ns        13404
SoAScan/311/1273856       52196 ns        52196 ns        13280
SoAScan/312/1277952       52206 ns        52206 ns        13384
SoAScan/313/1282048       52233 ns        52232 ns        13210
SoAScan/314/1286144       52439 ns        52438 ns        13277
SoAScan/315/1290240       52437 ns        52436 ns        13079
SoAScan/316/1294336       52514 ns        52513 ns        13216
SoAScan/317/1298432       52857 ns        52856 ns        13166
SoAScan/318/1302528       52470 ns        52469 ns        13095
SoAScan/319/1306624       52899 ns        52898 ns        13173
SoAScan/320/1310720       56744 ns        56743 ns        12361
SoAScan/321/1314816       53033 ns        53032 ns        13131
SoAScan/322/1318912       52703 ns        52702 ns        13111
SoAScan/323/1323008       52923 ns        52921 ns        13232
SoAScan/324/1327104       53419 ns        53418 ns        12961
SoAScan/325/1331200       52672 ns        52671 ns        13025
SoAScan/326/1335296       52700 ns        52698 ns        13156
SoAScan/327/1339392       52730 ns        52729 ns        12903
SoAScan/328/1343488       52635 ns        52634 ns        13055
SoAScan/329/1347584       52524 ns        52524 ns        13214
SoAScan/330/1351680       52781 ns        52780 ns        13090
SoAScan/331/1355776       52604 ns        52603 ns        13047
SoAScan/332/1359872       52641 ns        52640 ns        13043
SoAScan/333/1363968       53291 ns        53289 ns        13103
SoAScan/334/1368064       52826 ns        52825 ns        13044
SoAScan/335/1372160       53623 ns        53622 ns        13088
SoAScan/336/1376256       53178 ns        53178 ns        12794
SoAScan/337/1380352       53261 ns        53261 ns        13046
SoAScan/338/1384448       53206 ns        53206 ns        13046
SoAScan/339/1388544       53062 ns        53060 ns        13114
SoAScan/340/1392640       53132 ns        53131 ns        13071
SoAScan/341/1396736       53064 ns        53063 ns        12983
SoAScan/342/1400832       52797 ns        52797 ns        13133
SoAScan/343/1404928       52723 ns        52723 ns        13073
SoAScan/344/1409024       52609 ns        52608 ns        13030
SoAScan/345/1413120       52606 ns        52605 ns        13040
SoAScan/346/1417216       52791 ns        52790 ns        13038
SoAScan/347/1421312       52751 ns        52750 ns        13075
SoAScan/348/1425408       52682 ns        52681 ns        13096
SoAScan/349/1429504       52751 ns        52750 ns        13120
SoAScan/350/1433600       52671 ns        52671 ns        13146
SoAScan/351/1437696       52963 ns        52962 ns        13033
SoAScan/352/1441792       52716 ns        52715 ns        13114
SoAScan/353/1445888       52848 ns        52847 ns        13015
SoAScan/354/1449984       52737 ns        52736 ns        12994
SoAScan/355/1454080       52541 ns        52540 ns        13184
SoAScan/356/1458176       52514 ns        52513 ns        13128
SoAScan/357/1462272       52315 ns        52315 ns        13166
SoAScan/358/1466368       52179 ns        52177 ns        13091
SoAScan/359/1470464       52277 ns        52277 ns        13261
SoAScan/360/1474560       52110 ns        52109 ns        13186
SoAScan/361/1478656       52176 ns        52175 ns        13199
SoAScan/362/1482752       52391 ns        52391 ns        13321
SoAScan/363/1486848       52311 ns        52310 ns        13193
SoAScan/364/1490944       52068 ns        52066 ns        13229
SoAScan/365/1495040       52152 ns        52152 ns        13332
SoAScan/366/1499136       52110 ns        52109 ns        13334
SoAScan/367/1503232       52150 ns        52149 ns        13416
SoAScan/368/1507328       52306 ns        52303 ns        13259
SoAScan/369/1511424       52211 ns        52211 ns        13293
SoAScan/370/1515520       52259 ns        52259 ns        13265
SoAScan/371/1519616       52064 ns        52063 ns        13288
SoAScan/372/1523712       52045 ns        52044 ns        13249
SoAScan/373/1527808       52162 ns        52161 ns        13192
SoAScan/374/1531904       52125 ns        52124 ns        13252
SoAScan/375/1536000       52151 ns        52150 ns        13390
SoAScan/376/1540096       52188 ns        52187 ns        13255
SoAScan/377/1544192       52091 ns        52089 ns        13183
SoAScan/378/1548288       52739 ns        52739 ns        13082
SoAScan/379/1552384       52073 ns        52073 ns        13132
SoAScan/380/1556480       52097 ns        52097 ns        13418
SoAScan/381/1560576       52134 ns        52133 ns        13326
SoAScan/382/1564672       52319 ns        52319 ns        13272
SoAScan/383/1568768       52141 ns        52139 ns        13276
SoAScan/384/1572864      127108 ns       127106 ns         5417
SoAScan/385/1576960       52150 ns        52149 ns        13132
SoAScan/386/1581056       52071 ns        52068 ns        13373
SoAScan/387/1585152       52240 ns        52240 ns        13307
SoAScan/388/1589248       52226 ns        52226 ns        13332
SoAScan/389/1593344       52028 ns        52024 ns        13323
SoAScan/390/1597440       51726 ns        51725 ns        13373
SoAScan/391/1601536       51823 ns        51822 ns        13248
SoAScan/392/1605632       51718 ns        51717 ns        13406
SoAScan/393/1609728       51826 ns        51824 ns        13367
SoAScan/394/1613824       52014 ns        52011 ns        13390
SoAScan/395/1617920       51868 ns        51867 ns        13493
SoAScan/396/1622016       51968 ns        51967 ns        13361
SoAScan/397/1626112       51722 ns        51721 ns        13322
SoAScan/398/1630208       51661 ns        51660 ns        13422
SoAScan/399/1634304       51602 ns        51601 ns        13375
SoAScan/400/1638400       51664 ns        51663 ns        13353
SoAScan/401/1642496       51533 ns        51532 ns        13300
SoAScan/402/1646592       51754 ns        51752 ns        13448
SoAScan/403/1650688       51515 ns        51514 ns        13188
SoAScan/404/1654784       51834 ns        51833 ns        13116
SoAScan/405/1658880       51936 ns        51934 ns        13265
SoAScan/406/1662976       51788 ns        51787 ns        13114
SoAScan/407/1667072       51595 ns        51594 ns        13295
SoAScan/408/1671168       51906 ns        51905 ns        13294
SoAScan/409/1675264       51475 ns        51473 ns        13448
SoAScan/410/1679360       51741 ns        51739 ns        13259
SoAScan/411/1683456       51635 ns        51634 ns        13336
SoAScan/412/1687552       51673 ns        51672 ns        13411
SoAScan/413/1691648       51780 ns        51778 ns        13414
SoAScan/414/1695744       51748 ns        51747 ns        13301
SoAScan/415/1699840       51691 ns        51690 ns        13391
SoAScan/416/1703936       54378 ns        54377 ns        12732
SoAScan/417/1708032       51678 ns        51675 ns        13290
SoAScan/418/1712128       51659 ns        51656 ns        13462
SoAScan/419/1716224       51789 ns        51787 ns        13392
SoAScan/420/1720320       51819 ns        51819 ns        13347
SoAScan/421/1724416       51697 ns        51696 ns        13380
SoAScan/422/1728512       51723 ns        51721 ns        13414
SoAScan/423/1732608       51775 ns        51774 ns        13371
SoAScan/424/1736704       51537 ns        51536 ns        13394
SoAScan/425/1740800       51657 ns        51656 ns        13546
SoAScan/426/1744896       51577 ns        51576 ns        13403
SoAScan/427/1748992       51560 ns        51559 ns        13553
SoAScan/428/1753088       51501 ns        51500 ns        13336
SoAScan/429/1757184       51619 ns        51618 ns        13242
SoAScan/430/1761280       51495 ns        51493 ns        13383
SoAScan/431/1765376       51835 ns        51833 ns        13278
SoAScan/432/1769472       53009 ns        53007 ns        13131
SoAScan/433/1773568       51892 ns        51891 ns        13224
SoAScan/434/1777664       52153 ns        52152 ns        13288
SoAScan/435/1781760       51892 ns        51891 ns        13222
SoAScan/436/1785856       52154 ns        52153 ns        13314
SoAScan/437/1789952       52059 ns        52058 ns        13194
SoAScan/438/1794048       51969 ns        51967 ns        13425
SoAScan/439/1798144       51904 ns        51902 ns        13104
SoAScan/440/1802240       51746 ns        51745 ns        13228
SoAScan/441/1806336       51987 ns        51987 ns        13327
SoAScan/442/1810432       52159 ns        52159 ns        13056
SoAScan/443/1814528       52233 ns        52232 ns        13065
SoAScan/444/1818624       52164 ns        52163 ns        13308
SoAScan/445/1822720       52318 ns        52316 ns        13290
SoAScan/446/1826816       52309 ns        52308 ns        13215
SoAScan/447/1830912       52084 ns        52084 ns        13274
SoAScan/448/1835008       77224 ns        77221 ns         9425
SoAScan/449/1839104       52169 ns        52168 ns        13292
SoAScan/450/1843200       52288 ns        52287 ns        13118
SoAScan/451/1847296       52485 ns        52483 ns        13224
SoAScan/452/1851392       52199 ns        52198 ns        13106
SoAScan/453/1855488       52233 ns        52233 ns        13161
SoAScan/454/1859584       51981 ns        51981 ns        13349
SoAScan/455/1863680       51932 ns        51931 ns        13169
SoAScan/456/1867776       51899 ns        51897 ns        13293
SoAScan/457/1871872       52204 ns        52204 ns        13271
SoAScan/458/1875968       52025 ns        52024 ns        13263
SoAScan/459/1880064       52230 ns        52230 ns        13099
SoAScan/460/1884160       52034 ns        52033 ns        13253
SoAScan/461/1888256       52166 ns        52165 ns        13176
SoAScan/462/1892352       52050 ns        52047 ns        13212
SoAScan/463/1896448       51980 ns        51979 ns        13411
SoAScan/464/1900544       52090 ns        52089 ns        13285
SoAScan/465/1904640       52147 ns        52146 ns        13299
SoAScan/466/1908736       52086 ns        52085 ns        13350
SoAScan/467/1912832       51980 ns        51977 ns        13221
SoAScan/468/1916928       52196 ns        52196 ns        13223
SoAScan/469/1921024       51991 ns        51990 ns        13347
SoAScan/470/1925120       51851 ns        51850 ns        13244
SoAScan/471/1929216       52039 ns        52038 ns        13312
SoAScan/472/1933312       52094 ns        52094 ns        13192
SoAScan/473/1937408       51861 ns        51860 ns        13460
SoAScan/474/1941504       52243 ns        52243 ns        13306
SoAScan/475/1945600       52350 ns        52349 ns        13268
SoAScan/476/1949696       52349 ns        52346 ns        13148
SoAScan/477/1953792       52119 ns        52118 ns        13385
SoAScan/478/1957888       52115 ns        52115 ns        13224
SoAScan/479/1961984       52229 ns        52229 ns        13356
SoAScan/480/1966080       53737 ns        53736 ns        12548
SoAScan/481/1970176       52412 ns        52411 ns        13221
SoAScan/482/1974272       52161 ns        52159 ns        13415
SoAScan/483/1978368       52297 ns        52296 ns        13358
SoAScan/484/1982464       52043 ns        52042 ns        13397
SoAScan/485/1986560       51867 ns        51866 ns        13263
SoAScan/486/1990656       52334 ns        52334 ns        13170
SoAScan/487/1994752       51853 ns        51853 ns        13487
SoAScan/488/1998848       51551 ns        51550 ns        13413
SoAScan/489/2002944       51754 ns        51753 ns        13401
SoAScan/490/2007040       51495 ns        51494 ns        13470
SoAScan/491/2011136       51950 ns        51949 ns        13492
SoAScan/492/2015232       52051 ns        52050 ns        13061
SoAScan/493/2019328       51662 ns        51661 ns        13454
SoAScan/494/2023424       51465 ns        51465 ns        13593
SoAScan/495/2027520       51559 ns        51559 ns        13432
SoAScan/496/2031616       51364 ns        51363 ns        13559
SoAScan/497/2035712       51472 ns        51472 ns        13446
SoAScan/498/2039808       51344 ns        51344 ns        13385
SoAScan/499/2043904       51528 ns        51527 ns        13519
SoAScan/500/2048000       51439 ns        51439 ns        13518
SoAScan/501/2052096       51440 ns        51439 ns        13317
SoAScan/502/2056192       51430 ns        51429 ns        13536
SoAScan/503/2060288       51725 ns        51724 ns        13516
SoAScan/504/2064384       51583 ns        51582 ns        13418
SoAScan/505/2068480       52010 ns        52010 ns        13476
SoAScan/506/2072576       51600 ns        51598 ns        13486
SoAScan/507/2076672       51527 ns        51527 ns        13446
SoAScan/508/2080768       51808 ns        51808 ns        13402
SoAScan/509/2084864       51750 ns        51749 ns        13458
SoAScan/510/2088960       51841 ns        51840 ns        13439
SoAScan/511/2093056       51777 ns        51777 ns        13339
SoAScan/512/2097152      183908 ns       183906 ns         3765
SoAScan/513/2101248       51419 ns        51418 ns        13421
SoAScan/514/2105344       51492 ns        51491 ns        13582
SoAScan/515/2109440       51704 ns        51704 ns        13419
SoAScan/516/2113536       51593 ns        51593 ns        13345
SoAScan/517/2117632       51758 ns        51756 ns        13373
SoAScan/518/2121728       51714 ns        51712 ns        13266
SoAScan/519/2125824       51710 ns        51709 ns        13473
SoAScan/520/2129920       51647 ns        51647 ns        13410
SoAScan/521/2134016       51814 ns        51814 ns        13428
SoAScan/522/2138112       51755 ns        51754 ns        13448
SoAScan/523/2142208       51435 ns        51434 ns        13220
SoAScan/524/2146304       51566 ns        51566 ns        13490
SoAScan/525/2150400       51754 ns        51753 ns        13369
SoAScan/526/2154496       51641 ns        51640 ns        13447
SoAScan/527/2158592       51646 ns        51645 ns        13452
SoAScan/528/2162688       51674 ns        51674 ns        13540
SoAScan/529/2166784       51822 ns        51822 ns        13517
SoAScan/530/2170880       51921 ns        51920 ns        13448
SoAScan/531/2174976       52118 ns        52117 ns        13277
SoAScan/532/2179072       51764 ns        51763 ns        13448
SoAScan/533/2183168       52034 ns        52033 ns        13370
SoAScan/534/2187264       52219 ns        52218 ns        13256
SoAScan/535/2191360       52386 ns        52385 ns        13191
SoAScan/536/2195456       52434 ns        52434 ns        13172
SoAScan/537/2199552       52382 ns        52381 ns        13177
SoAScan/538/2203648       52474 ns        52473 ns        13066
SoAScan/539/2207744       52582 ns        52581 ns        13224
SoAScan/540/2211840       53217 ns        53216 ns        13093
SoAScan/541/2215936       52517 ns        52517 ns        13255
SoAScan/542/2220032       52449 ns        52447 ns        13108
SoAScan/543/2224128       52745 ns        52744 ns        13203
SoAScan/544/2228224       53583 ns        53582 ns        12798
SoAScan/545/2232320       52642 ns        52641 ns        13203
SoAScan/546/2236416       52762 ns        52761 ns        13015
SoAScan/547/2240512       52673 ns        52672 ns        13278
SoAScan/548/2244608       52613 ns        52612 ns        13209
SoAScan/549/2248704       52882 ns        52881 ns        13085
SoAScan/550/2252800       52711 ns        52711 ns        13161
SoAScan/551/2256896       53054 ns        53053 ns        13124
SoAScan/552/2260992       52642 ns        52641 ns        13106
SoAScan/553/2265088       52634 ns        52631 ns        13274
SoAScan/554/2269184       52628 ns        52627 ns        13303
SoAScan/555/2273280       52537 ns        52536 ns        13115
SoAScan/556/2277376       52542 ns        52541 ns        13238
SoAScan/557/2281472       52532 ns        52531 ns        13125
SoAScan/558/2285568       52570 ns        52570 ns        13071
SoAScan/559/2289664       52540 ns        52538 ns        13228
SoAScan/560/2293760       52711 ns        52711 ns        13102
SoAScan/561/2297856       52982 ns        52982 ns        13147
SoAScan/562/2301952       52643 ns        52643 ns        12967
SoAScan/563/2306048       52892 ns        52891 ns        12943
SoAScan/564/2310144       52940 ns        52939 ns        13177
SoAScan/565/2314240       52755 ns        52753 ns        13068
SoAScan/566/2318336       52864 ns        52863 ns        13168
SoAScan/567/2322432       53306 ns        53306 ns        12996
SoAScan/568/2326528       53105 ns        53104 ns        13026
SoAScan/569/2330624       52747 ns        52746 ns        12985
SoAScan/570/2334720       52731 ns        52729 ns        13023
SoAScan/571/2338816       52918 ns        52918 ns        13068
SoAScan/572/2342912       52946 ns        52945 ns        13027
SoAScan/573/2347008       53018 ns        53017 ns        13107
SoAScan/574/2351104       52900 ns        52899 ns        12990
SoAScan/575/2355200       52915 ns        52914 ns        13059
SoAScan/576/2359296       59282 ns        59281 ns        11348
SoAScan/577/2363392       53063 ns        53062 ns        13094
SoAScan/578/2367488       52855 ns        52855 ns        13053
SoAScan/579/2371584       53060 ns        53059 ns        13102
SoAScan/580/2375680       53260 ns        53259 ns        12895
SoAScan/581/2379776       53086 ns        53086 ns        12979
SoAScan/582/2383872       52974 ns        52973 ns        12997
SoAScan/583/2387968       52869 ns        52868 ns        13250
SoAScan/584/2392064       52851 ns        52850 ns        13118
SoAScan/585/2396160       52893 ns        52892 ns        13022
SoAScan/586/2400256       52954 ns        52954 ns        13087
SoAScan/587/2404352       52944 ns        52943 ns        13097
SoAScan/588/2408448       53334 ns        53332 ns        12970
SoAScan/589/2412544       53142 ns        53141 ns        12994
SoAScan/590/2416640       52816 ns        52815 ns        12936
SoAScan/591/2420736       53166 ns        53165 ns        12986
SoAScan/592/2424832       53065 ns        53064 ns        12808
SoAScan/593/2428928       52824 ns        52823 ns        13064
SoAScan/594/2433024       53596 ns        53594 ns        12874
SoAScan/595/2437120       52866 ns        52866 ns        13019
SoAScan/596/2441216       52841 ns        52839 ns        13075
SoAScan/597/2445312       52974 ns        52973 ns        12987
SoAScan/598/2449408       53029 ns        53029 ns        13096
SoAScan/599/2453504       53022 ns        53021 ns        12992
SoAScan/600/2457600       53338 ns        53337 ns        13063
SoAScan/601/2461696       53034 ns        53033 ns        13065
SoAScan/602/2465792       52984 ns        52983 ns        13042
SoAScan/603/2469888       53087 ns        53086 ns        12936
SoAScan/604/2473984       53098 ns        53097 ns        13030
SoAScan/605/2478080       52978 ns        52977 ns        12969
SoAScan/606/2482176       52947 ns        52947 ns        13045
SoAScan/607/2486272       53119 ns        53119 ns        12988
SoAScan/608/2490368       53561 ns        53560 ns        12808
SoAScan/609/2494464       53404 ns        53403 ns        12975
SoAScan/610/2498560       53131 ns        53130 ns        12900
SoAScan/611/2502656       53297 ns        53295 ns        12922
SoAScan/612/2506752       53438 ns        53437 ns        12998
SoAScan/613/2510848       53262 ns        53262 ns        12970
SoAScan/614/2514944       53307 ns        53306 ns        12948
SoAScan/615/2519040       53384 ns        53383 ns        12869
SoAScan/616/2523136       53215 ns        53214 ns        12949
SoAScan/617/2527232       53255 ns        53254 ns        13037
SoAScan/618/2531328       53331 ns        53330 ns        13030
SoAScan/619/2535424       53128 ns        53127 ns        13069
SoAScan/620/2539520       53096 ns        53095 ns        12955
SoAScan/621/2543616       53434 ns        53433 ns        12726
SoAScan/622/2547712       53253 ns        53253 ns        12975
SoAScan/623/2551808       53354 ns        53353 ns        13000
SoAScan/624/2555904       53446 ns        53445 ns        13017
SoAScan/625/2560000       53282 ns        53282 ns        12953
SoAScan/626/2564096       53261 ns        53261 ns        13078
SoAScan/627/2568192       53059 ns        53058 ns        13043
SoAScan/628/2572288       53196 ns        53195 ns        12996
SoAScan/629/2576384       53317 ns        53316 ns        12998
SoAScan/630/2580480       53378 ns        53377 ns        12907
SoAScan/631/2584576       53411 ns        53411 ns        13056
SoAScan/632/2588672       53248 ns        53248 ns        12909
SoAScan/633/2592768       53431 ns        53430 ns        12990
SoAScan/634/2596864       53258 ns        53257 ns        13002
SoAScan/635/2600960       53421 ns        53420 ns        12868
SoAScan/636/2605056       53326 ns        53325 ns        12859
SoAScan/637/2609152       53401 ns        53400 ns        12883
SoAScan/638/2613248       53406 ns        53405 ns        12979
SoAScan/639/2617344       53421 ns        53418 ns        12960
SoAScan/640/2621440      116721 ns       116719 ns         5926
SoAScan/641/2625536       53943 ns        53942 ns        12794
SoAScan/642/2629632       53575 ns        53574 ns        12849
SoAScan/643/2633728       53496 ns        53495 ns        12847
SoAScan/644/2637824       53728 ns        53727 ns        12775
SoAScan/645/2641920       53885 ns        53883 ns        12847
SoAScan/646/2646016       53559 ns        53558 ns        12925
SoAScan/647/2650112       53635 ns        53635 ns        12874
SoAScan/648/2654208       54356 ns        54355 ns        12743
SoAScan/649/2658304       53770 ns        53769 ns        12752
SoAScan/650/2662400       53586 ns        53585 ns        12889
SoAScan/651/2666496       53878 ns        53876 ns        12797
SoAScan/652/2670592       53653 ns        53653 ns        12767
SoAScan/653/2674688       53700 ns        53699 ns        12858
SoAScan/654/2678784       53575 ns        53574 ns        12799
SoAScan/655/2682880       53674 ns        53673 ns        12802
SoAScan/656/2686976       53769 ns        53769 ns        12703
SoAScan/657/2691072       53930 ns        53927 ns        12715
SoAScan/658/2695168       53689 ns        53688 ns        12842
SoAScan/659/2699264       53776 ns        53775 ns        12749
SoAScan/660/2703360       53826 ns        53825 ns        12810
SoAScan/661/2707456       53734 ns        53733 ns        12727
SoAScan/662/2711552       53708 ns        53707 ns        12864
SoAScan/663/2715648       54098 ns        54097 ns        12726
SoAScan/664/2719744       53965 ns        53964 ns        12693
SoAScan/665/2723840       54231 ns        54230 ns        12634
SoAScan/666/2727936       54179 ns        54177 ns        12603
SoAScan/667/2732032       54037 ns        54036 ns        12934
SoAScan/668/2736128       53920 ns        53919 ns        12694
SoAScan/669/2740224       54108 ns        54108 ns        12795
SoAScan/670/2744320       54099 ns        54096 ns        12699
SoAScan/671/2748416       54323 ns        54322 ns        12727
SoAScan/672/2752512       54541 ns        54539 ns        12692
SoAScan/673/2756608       54374 ns        54371 ns        12629
SoAScan/674/2760704       54612 ns        54611 ns        12661
SoAScan/675/2764800       54846 ns        54845 ns        12683
SoAScan/676/2768896       54341 ns        54340 ns        12687
SoAScan/677/2772992       54244 ns        54243 ns        12702
SoAScan/678/2777088       54239 ns        54238 ns        12776
SoAScan/679/2781184       54144 ns        54142 ns        12646
SoAScan/680/2785280       54139 ns        54138 ns        12669
SoAScan/681/2789376       58667 ns        58662 ns        10684
SoAScan/682/2793472       55369 ns        55368 ns        12585
SoAScan/683/2797568       55379 ns        55378 ns        12372
SoAScan/684/2801664       54911 ns        54908 ns        12548
SoAScan/685/2805760       54970 ns        54967 ns        12685
SoAScan/686/2809856       55167 ns        55165 ns        12609
SoAScan/687/2813952       55299 ns        55296 ns        12504
SoAScan/688/2818048       55321 ns        55320 ns        12532
SoAScan/689/2822144       55277 ns        55276 ns        12287
SoAScan/690/2826240       55192 ns        55191 ns        12478
SoAScan/691/2830336       54998 ns        54997 ns        12610
SoAScan/692/2834432       55039 ns        55036 ns        12644
SoAScan/693/2838528       55276 ns        55274 ns        12615
SoAScan/694/2842624       55217 ns        55215 ns        12663
SoAScan/695/2846720       55222 ns        55221 ns        12579
SoAScan/696/2850816       55418 ns        55417 ns        12532
SoAScan/697/2854912       55316 ns        55315 ns        12571
SoAScan/698/2859008       55237 ns        55236 ns        12497
SoAScan/699/2863104       55567 ns        55563 ns        12586
SoAScan/700/2867200       55307 ns        55306 ns        12438
SoAScan/701/2871296       55483 ns        55481 ns        12348
SoAScan/702/2875392       55992 ns        55990 ns        12294
SoAScan/703/2879488       55668 ns        55667 ns        12545
SoAScan/704/2883584       60423 ns        60422 ns        11709
SoAScan/705/2887680       55451 ns        55450 ns        12485
SoAScan/706/2891776       55416 ns        55413 ns        12567
SoAScan/707/2895872       57551 ns        57550 ns        12423
SoAScan/708/2899968       55390 ns        55388 ns        12492
SoAScan/709/2904064       55388 ns        55385 ns        12582
SoAScan/710/2908160       55317 ns        55315 ns        12406
SoAScan/711/2912256       55536 ns        55535 ns        12567
SoAScan/712/2916352       55258 ns        55257 ns        12597
SoAScan/713/2920448       55237 ns        55236 ns        12477
SoAScan/714/2924544       55301 ns        55300 ns        12474
SoAScan/715/2928640       55458 ns        55457 ns        12533
SoAScan/716/2932736       55267 ns        55265 ns        12543
SoAScan/717/2936832       55189 ns        55187 ns        12483
SoAScan/718/2940928       55378 ns        55376 ns        12630
SoAScan/719/2945024       55240 ns        55240 ns        12560
SoAScan/720/2949120       55495 ns        55494 ns        12591
SoAScan/721/2953216       55576 ns        55575 ns        12537
SoAScan/722/2957312       55337 ns        55336 ns        12448
SoAScan/723/2961408       55460 ns        55459 ns        12629
SoAScan/724/2965504       55500 ns        55499 ns        12581
SoAScan/725/2969600       55645 ns        55644 ns        12523
SoAScan/726/2973696       55428 ns        55427 ns        12513
SoAScan/727/2977792       55395 ns        55394 ns        12570
SoAScan/728/2981888       55702 ns        55701 ns        12529
SoAScan/729/2985984       55752 ns        55751 ns        12547
SoAScan/730/2990080       55472 ns        55472 ns        12492
SoAScan/731/2994176       55339 ns        55339 ns        12465
SoAScan/732/2998272       55369 ns        55368 ns        12560
SoAScan/733/3002368       55894 ns        55892 ns        11943
SoAScan/734/3006464       55470 ns        55469 ns        12472
SoAScan/735/3010560       55622 ns        55621 ns        12415
SoAScan/736/3014656       55705 ns        55705 ns        12383
SoAScan/737/3018752       55595 ns        55594 ns        12419
SoAScan/738/3022848       55763 ns        55763 ns        12503
SoAScan/739/3026944       55670 ns        55669 ns        12497
SoAScan/740/3031040       55547 ns        55546 ns        12527
SoAScan/741/3035136       55308 ns        55307 ns        12520
SoAScan/742/3039232       55654 ns        55653 ns        12487
SoAScan/743/3043328       55764 ns        55763 ns        12563
SoAScan/744/3047424       55442 ns        55441 ns        12453
SoAScan/745/3051520       55473 ns        55472 ns        12503
SoAScan/746/3055616       55638 ns        55637 ns        12437
SoAScan/747/3059712       55596 ns        55595 ns        12468
SoAScan/748/3063808       55441 ns        55441 ns        12510
SoAScan/749/3067904       55651 ns        55651 ns        12489
SoAScan/750/3072000       56193 ns        56191 ns        12460
SoAScan/751/3076096       55680 ns        55677 ns        11599
SoAScan/752/3080192       55506 ns        55505 ns        12548
SoAScan/753/3084288       55468 ns        55467 ns        12492
SoAScan/754/3088384       55399 ns        55399 ns        12492
SoAScan/755/3092480       55372 ns        55371 ns        12563
SoAScan/756/3096576       56067 ns        56066 ns        12484
SoAScan/757/3100672       55449 ns        55448 ns        12518
SoAScan/758/3104768       56439 ns        56438 ns        12496
SoAScan/759/3108864       55513 ns        55512 ns        12420
SoAScan/760/3112960       55069 ns        55068 ns        12550
SoAScan/761/3117056       55085 ns        55084 ns        12474
SoAScan/762/3121152       55366 ns        55366 ns        12590
SoAScan/763/3125248       55400 ns        55399 ns        12486
SoAScan/764/3129344       55161 ns        55159 ns        12515
SoAScan/765/3133440       55426 ns        55425 ns        12443
SoAScan/766/3137536       55400 ns        55400 ns        12587
SoAScan/767/3141632       55752 ns        55751 ns        12532
SoAScan/768/3145728      175460 ns       175457 ns         3860
SoAScan/769/3149824       56276 ns        56275 ns        12648
SoAScan/770/3153920       54429 ns        54427 ns        12682
SoAScan/771/3158016       54713 ns        54712 ns        12786
SoAScan/772/3162112       54421 ns        54421 ns        12683
SoAScan/773/3166208       54442 ns        54441 ns        12549
SoAScan/774/3170304       54758 ns        54757 ns        12652
SoAScan/775/3174400       54346 ns        54345 ns        12702
SoAScan/776/3178496       54574 ns        54573 ns        12688
SoAScan/777/3182592       54547 ns        54546 ns        12690
SoAScan/778/3186688       54346 ns        54346 ns        12744
SoAScan/779/3190784       54447 ns        54447 ns        12829
SoAScan/780/3194880       54301 ns        54300 ns        12753
SoAScan/781/3198976       54313 ns        54313 ns        12712
SoAScan/782/3203072       54459 ns        54458 ns        12690
SoAScan/783/3207168       54719 ns        54716 ns        12645
SoAScan/784/3211264       56556 ns        56555 ns        12521
SoAScan/785/3215360       54118 ns        54117 ns        12712
SoAScan/786/3219456       54291 ns        54291 ns        12701
SoAScan/787/3223552       54324 ns        54323 ns        12727
SoAScan/788/3227648       54390 ns        54390 ns        12676
SoAScan/789/3231744       54243 ns        54241 ns        12663
SoAScan/790/3235840       54265 ns        54265 ns        12645
SoAScan/791/3239936       54334 ns        54333 ns        12647
SoAScan/792/3244032       54007 ns        54006 ns        12800
SoAScan/793/3248128       54232 ns        54231 ns        12585
SoAScan/794/3252224       54451 ns        54450 ns        12727
SoAScan/795/3256320       54238 ns        54237 ns        12740
SoAScan/796/3260416       54826 ns        54825 ns        12662
SoAScan/797/3264512       54660 ns        54659 ns        12603
SoAScan/798/3268608       54144 ns        54144 ns        12674
SoAScan/799/3272704       54540 ns        54539 ns        12575
SoAScan/800/3276800       54654 ns        54653 ns        12541
SoAScan/801/3280896       56344 ns        56343 ns        12742
SoAScan/802/3284992       54460 ns        54459 ns        12636
SoAScan/803/3289088       54665 ns        54664 ns        12714
SoAScan/804/3293184       54706 ns        54706 ns        12606
SoAScan/805/3297280       54669 ns        54668 ns        12617
SoAScan/806/3301376       55089 ns        55088 ns        12719
SoAScan/807/3305472       54606 ns        54605 ns        12663
SoAScan/808/3309568       54585 ns        54584 ns        12609
SoAScan/809/3313664       54412 ns        54411 ns        12617
SoAScan/810/3317760       57470 ns        57470 ns        12504
SoAScan/811/3321856       55365 ns        55362 ns        12563
SoAScan/812/3325952       55257 ns        55256 ns        12648
SoAScan/813/3330048       55449 ns        55448 ns        12562
SoAScan/814/3334144       55321 ns        55320 ns        12502
SoAScan/815/3338240       55411 ns        55411 ns        12544
SoAScan/816/3342336       55642 ns        55641 ns        12490
SoAScan/817/3346432       55681 ns        55680 ns        12448
SoAScan/818/3350528       55616 ns        55615 ns        12450
SoAScan/819/3354624       55555 ns        55554 ns        12493
SoAScan/820/3358720       55529 ns        55528 ns        12542
SoAScan/821/3362816       56164 ns        56163 ns        12559
SoAScan/822/3366912       55698 ns        55697 ns        12397
SoAScan/823/3371008       55835 ns        55835 ns        12496
SoAScan/824/3375104       55654 ns        55653 ns        12579
SoAScan/825/3379200       55668 ns        55667 ns        12422
SoAScan/826/3383296       55824 ns        55823 ns        12450
SoAScan/827/3387392       55638 ns        55638 ns        12514
SoAScan/828/3391488       55754 ns        55752 ns        12492
SoAScan/829/3395584       55847 ns        55846 ns        12470
SoAScan/830/3399680       55783 ns        55782 ns        12092
SoAScan/831/3403776       55962 ns        55961 ns        12424
SoAScan/832/3407872       63407 ns        63406 ns        11316
SoAScan/833/3411968       55855 ns        55854 ns        12457
SoAScan/834/3416064       55985 ns        55983 ns        12462
SoAScan/835/3420160       55905 ns        55905 ns        12270
SoAScan/836/3424256       55973 ns        55972 ns        11979
SoAScan/837/3428352       56306 ns        56305 ns        12288
SoAScan/838/3432448       55935 ns        55934 ns        12379
SoAScan/839/3436544       56120 ns        56120 ns        12274
SoAScan/840/3440640       56119 ns        56117 ns        12417
SoAScan/841/3444736       55988 ns        55987 ns        12360
SoAScan/842/3448832       56135 ns        56134 ns        12290
SoAScan/843/3452928       55910 ns        55909 ns        12388
SoAScan/844/3457024       55884 ns        55881 ns        12413
SoAScan/845/3461120       56283 ns        56282 ns        12398
SoAScan/846/3465216       56228 ns        56227 ns        12371
SoAScan/847/3469312       56187 ns        56186 ns        12362
SoAScan/848/3473408       55868 ns        55867 ns        12358
SoAScan/849/3477504       55995 ns        55994 ns        12406
SoAScan/850/3481600       56151 ns        56150 ns        12412
SoAScan/851/3485696       56268 ns        56267 ns        12364
SoAScan/852/3489792       56198 ns        56195 ns        12385
SoAScan/853/3493888       56100 ns        56099 ns         9017
SoAScan/854/3497984       56140 ns        56139 ns        12424
SoAScan/855/3502080       55849 ns        55849 ns        12394
SoAScan/856/3506176       55918 ns        55917 ns        12437
SoAScan/857/3510272       56041 ns        56041 ns        12331
SoAScan/858/3514368       56033 ns        56031 ns        12378
SoAScan/859/3518464       56085 ns        56084 ns        12332
SoAScan/860/3522560       56123 ns        56122 ns        12323
SoAScan/861/3526656       57182 ns        57181 ns        12288
SoAScan/862/3530752       56303 ns        56302 ns        12209
SoAScan/863/3534848       56236 ns        56235 ns        12265
SoAScan/864/3538944       56689 ns        56689 ns        12253
SoAScan/865/3543040       56146 ns        56146 ns        12404
SoAScan/866/3547136       56405 ns        56404 ns        12288
SoAScan/867/3551232       56356 ns        56355 ns        12251
SoAScan/868/3555328       55999 ns        55998 ns        12266
SoAScan/869/3559424       56427 ns        56427 ns        12256
SoAScan/870/3563520       56308 ns        56307 ns        12295
SoAScan/871/3567616       56147 ns        56144 ns        12341
SoAScan/872/3571712       56164 ns        56161 ns        12374
SoAScan/873/3575808       56462 ns        56461 ns        12245
SoAScan/874/3579904       55984 ns        55981 ns        12359
SoAScan/875/3584000       56186 ns        56186 ns        12311
SoAScan/876/3588096       56122 ns        56120 ns        12291
SoAScan/877/3592192       56139 ns        56138 ns        12309
SoAScan/878/3596288       56103 ns        56102 ns        12463
SoAScan/879/3600384       56219 ns        56218 ns        12370
SoAScan/880/3604480       56109 ns        56108 ns        12330
SoAScan/881/3608576       56133 ns        56132 ns        12359
SoAScan/882/3612672       56161 ns        56161 ns        12336
SoAScan/883/3616768       56122 ns        56121 ns        12416
SoAScan/884/3620864       56082 ns        56081 ns        12274
SoAScan/885/3624960       56085 ns        56084 ns        12397
SoAScan/886/3629056       56051 ns        56050 ns        12438
SoAScan/887/3633152       58736 ns        58735 ns        12207
SoAScan/888/3637248       56095 ns        56095 ns        12337
SoAScan/889/3641344       56026 ns        56025 ns        12374
SoAScan/890/3645440       56106 ns        56103 ns        12256
SoAScan/891/3649536       56166 ns        56165 ns        12416
SoAScan/892/3653632       56056 ns        56055 ns        12314
SoAScan/893/3657728       56333 ns        56333 ns        12249
SoAScan/894/3661824       56348 ns        56347 ns        12385
SoAScan/895/3665920       56348 ns        56347 ns        12333
SoAScan/896/3670016      120746 ns       120745 ns         5642
SoAScan/897/3674112       55328 ns        55332 ns        12545
SoAScan/898/3678208       55689 ns        55694 ns        12546
SoAScan/899/3682304       55276 ns        55280 ns        12477
SoAScan/900/3686400       55047 ns        55051 ns        12500
SoAScan/901/3690496       54974 ns        54978 ns        12665
SoAScan/902/3694592       55031 ns        55035 ns        12545
SoAScan/903/3698688       55130 ns        55134 ns        12595
SoAScan/904/3702784       56635 ns        56639 ns        12554
SoAScan/905/3706880       56355 ns        56359 ns        12436
SoAScan/906/3710976       55241 ns        55245 ns        12524
SoAScan/907/3715072       55564 ns        55568 ns        12473
SoAScan/908/3719168       54964 ns        54968 ns        12470
SoAScan/909/3723264       55266 ns        55270 ns        12498
SoAScan/910/3727360       55332 ns        55335 ns        12477
SoAScan/911/3731456       55104 ns        55108 ns        12488
SoAScan/912/3735552       54742 ns        54747 ns        12646
SoAScan/913/3739648       56574 ns        56578 ns        12074
SoAScan/914/3743744       55983 ns        55987 ns        12299
SoAScan/915/3747840       56204 ns        56208 ns        12304
SoAScan/916/3751936       55876 ns        55880 ns        12492
SoAScan/917/3756032       56105 ns        56108 ns        12417
SoAScan/918/3760128       56626 ns        56630 ns        12265
SoAScan/919/3764224       55980 ns        55984 ns        12423
SoAScan/920/3768320       55955 ns        55959 ns        12415
SoAScan/921/3772416       56268 ns        56272 ns        12308
SoAScan/922/3776512       56002 ns        56006 ns        12417
SoAScan/923/3780608       56106 ns        56110 ns        12457
SoAScan/924/3784704       56335 ns        56338 ns        12323
SoAScan/925/3788800       56056 ns        56060 ns        12423
SoAScan/926/3792896       56250 ns        56254 ns        12335
SoAScan/927/3796992       56388 ns        56391 ns        12283
SoAScan/928/3801088       56814 ns        56818 ns        12298
SoAScan/929/3805184       56607 ns        56611 ns        12179
SoAScan/930/3809280       56273 ns        56276 ns        12239
SoAScan/931/3813376       56436 ns        56440 ns        12235
SoAScan/932/3817472       56245 ns        56249 ns        12414
SoAScan/933/3821568       56353 ns        56356 ns        12295
SoAScan/934/3825664       56144 ns        56148 ns        12394
SoAScan/935/3829760       56268 ns        56272 ns        12332
SoAScan/936/3833856       56053 ns        56054 ns        12313
SoAScan/937/3837952       56266 ns        56270 ns        12437
SoAScan/938/3842048       57089 ns        57093 ns        12379
SoAScan/939/3846144       56389 ns        56393 ns        12262
SoAScan/940/3850240       56256 ns        56260 ns        12292
SoAScan/941/3854336       56133 ns        56137 ns        12297
SoAScan/942/3858432       56163 ns        56166 ns        12347
SoAScan/943/3862528       56316 ns        56320 ns        12346
SoAScan/944/3866624       56364 ns        56367 ns        12300
SoAScan/945/3870720       56687 ns        56690 ns        12235
SoAScan/946/3874816       56628 ns        56632 ns        12242
SoAScan/947/3878912       56480 ns        56484 ns        12293
SoAScan/948/3883008       56473 ns        56477 ns        12299
SoAScan/949/3887104       56602 ns        56606 ns        12329
SoAScan/950/3891200       56201 ns        56205 ns        12235
SoAScan/951/3895296       56687 ns        56690 ns        12281
SoAScan/952/3899392       56413 ns        56417 ns        12386
SoAScan/953/3903488       56591 ns        56595 ns        12236
SoAScan/954/3907584       56450 ns        56451 ns        12297
SoAScan/955/3911680       56643 ns        56647 ns        12201
SoAScan/956/3915776       56451 ns        56455 ns        12219
SoAScan/957/3919872       56496 ns        56500 ns        12345
SoAScan/958/3923968       56540 ns        56544 ns        12323
SoAScan/959/3928064       56528 ns        56532 ns        12182
SoAScan/960/3932160       61649 ns        61652 ns        11309
SoAScan/961/3936256       56368 ns        56371 ns        12278
SoAScan/962/3940352       56689 ns        56693 ns        12256
SoAScan/963/3944448       56919 ns        56923 ns        12311
SoAScan/964/3948544       58506 ns        58510 ns        12275
SoAScan/965/3952640       56748 ns        56751 ns        12027
SoAScan/966/3956736       56528 ns        56531 ns        12254
SoAScan/967/3960832       56508 ns        56510 ns        12295
SoAScan/968/3964928       56496 ns        56499 ns        12186
SoAScan/969/3969024       56039 ns        56040 ns        12415
SoAScan/970/3973120       56473 ns        56477 ns        12256
SoAScan/971/3977216       56586 ns        56589 ns        12222
SoAScan/972/3981312       56940 ns        56942 ns        12122
SoAScan/973/3985408       56727 ns        56731 ns        12270
SoAScan/974/3989504       56511 ns        56515 ns        12142
SoAScan/975/3993600       56787 ns        56790 ns        12300
SoAScan/976/3997696       56716 ns        56719 ns        12314
SoAScan/977/4001792       56546 ns        56549 ns        12226
SoAScan/978/4005888       56549 ns        56552 ns        12275
SoAScan/979/4009984       56401 ns        56405 ns        12230
SoAScan/980/4014080       56458 ns        56462 ns        12196
SoAScan/981/4018176       56551 ns        56554 ns        12265
SoAScan/982/4022272       56644 ns        56647 ns        12277
SoAScan/983/4026368       56360 ns        56362 ns        12249
SoAScan/984/4030464       56486 ns        56490 ns        12264
SoAScan/985/4034560       56539 ns        56543 ns        12239
SoAScan/986/4038656       56521 ns        56525 ns        12234
SoAScan/987/4042752       56749 ns        56753 ns        12318
SoAScan/988/4046848       56324 ns        56328 ns        12317
SoAScan/989/4050944       56832 ns        56835 ns        12227
SoAScan/990/4055040       57217 ns        57218 ns        11859
SoAScan/991/4059136       56690 ns        56693 ns        12231
SoAScan/992/4063232       56821 ns        56824 ns        12214
SoAScan/993/4067328       56741 ns        56744 ns        12211
SoAScan/994/4071424       56821 ns        56824 ns        12256
SoAScan/995/4075520       56572 ns        56575 ns        12090
SoAScan/996/4079616       56852 ns        56855 ns        12206
SoAScan/997/4083712       56506 ns        56510 ns        12329
SoAScan/998/4087808       56704 ns        56707 ns        12314
SoAScan/999/4091904       57123 ns        57127 ns        12222
SoAScan/1000/4096000      56837 ns        56840 ns        12232
SoAScan/1001/4100096      56860 ns        56863 ns        12174
SoAScan/1002/4104192      56815 ns        56818 ns        12314
SoAScan/1003/4108288      57700 ns        57703 ns        12010
SoAScan/1004/4112384      56861 ns        56864 ns        12126
SoAScan/1005/4116480      56789 ns        56793 ns        12214
SoAScan/1006/4120576      56988 ns        56991 ns        12238
SoAScan/1007/4124672      57960 ns        57961 ns        12132
SoAScan/1008/4128768      56741 ns        56743 ns        11778
SoAScan/1009/4132864      56105 ns        56108 ns        12352
SoAScan/1010/4136960      56229 ns        56232 ns        12340
SoAScan/1011/4141056      56230 ns        56233 ns        12279
SoAScan/1012/4145152      56504 ns        56508 ns        12252
SoAScan/1013/4149248      56441 ns        56442 ns        12283
SoAScan/1014/4153344      56319 ns        56323 ns        12234
SoAScan/1015/4157440      57447 ns        57450 ns        12298
SoAScan/1016/4161536      57179 ns        57182 ns        12098
SoAScan/1017/4165632      57002 ns        57005 ns        12166
SoAScan/1018/4169728      57486 ns        57489 ns        12012
SoAScan/1019/4173824      57282 ns        57285 ns        12140
SoAScan/1020/4177920      63369 ns        63372 ns        12116
SoAScan/1021/4182016      57177 ns        57181 ns        12060
SoAScan/1022/4186112      57184 ns        57187 ns        12128
SoAScan/1023/4190208      57567 ns        57570 ns        11732
SoAScan/1024/4194304     209974 ns       209986 ns         3330
