---------------------------------------------------------------
Benchmark                     Time             CPU   Iterations
---------------------------------------------------------------
SoAScan/1/4096            30334 ns        30334 ns        23012
SoAScan/2/8192            30455 ns        30456 ns        23094
SoAScan/3/12288           30608 ns        30609 ns        22849
SoAScan/4/16384           30705 ns        30705 ns        22907
SoAScan/5/20480           31096 ns        31096 ns        22598
SoAScan/6/24576           30953 ns        30952 ns        22411
SoAScan/7/28672           31275 ns        31276 ns        22409
SoAScan/8/32768           31431 ns        31432 ns        22255
SoAScan/9/36864           31631 ns        31632 ns        22051
SoAScan/10/40960          32008 ns        32008 ns        22045
SoAScan/11/45056          32137 ns        32137 ns        21799
SoAScan/12/49152          32444 ns        32444 ns        21567
SoAScan/13/53248          32888 ns        32888 ns        21362
SoAScan/14/57344          33151 ns        33150 ns        21192
SoAScan/15/61440          33587 ns        33587 ns        20851
SoAScan/16/65536          34042 ns        34042 ns        20621
SoAScan/17/69632          34273 ns        34273 ns        20440
SoAScan/18/73728          34375 ns        34376 ns        20416
SoAScan/19/77824          34366 ns        34366 ns        20384
SoAScan/20/81920          34400 ns        34399 ns        20340
SoAScan/21/86016          34226 ns        34226 ns        20478
SoAScan/22/90112          34147 ns        34147 ns        20570
SoAScan/23/94208          34589 ns        34589 ns        20203
SoAScan/24/98304          34554 ns        34555 ns        20304
SoAScan/25/102400         34668 ns        34668 ns        20252
SoAScan/26/106496         34847 ns        34847 ns        20107
SoAScan/27/110592         34870 ns        34870 ns        20044
SoAScan/28/114688         35046 ns        35047 ns        20025
SoAScan/29/118784         35131 ns        35131 ns        19973
SoAScan/30/122880         35388 ns        35385 ns        19806
SoAScan/31/126976         35378 ns        35376 ns        19776
SoAScan/32/131072         35467 ns        35466 ns        19793
SoAScan/33/135168         36017 ns        36017 ns        19542
SoAScan/34/139264         36577 ns        36578 ns        19145
SoAScan/35/143360         37190 ns        37191 ns        18828
SoAScan/36/147456         37752 ns        37752 ns        18480
SoAScan/37/151552         38407 ns        38406 ns        18305
SoAScan/38/155648         38715 ns        38714 ns        17920
SoAScan/39/159744         39044 ns        39044 ns        17855
SoAScan/40/163840         39573 ns        39573 ns        17727
SoAScan/41/167936         39560 ns        39560 ns        17597
SoAScan/42/172032         39868 ns        39866 ns        17462
SoAScan/43/176128         40402 ns        40402 ns        17388
SoAScan/44/180224         40564 ns        40563 ns        17326
SoAScan/45/184320         40637 ns        40638 ns        17231
SoAScan/46/188416         40640 ns        40640 ns        17221
SoAScan/47/192512         41026 ns        41027 ns        16966
SoAScan/48/196608         40880 ns        40878 ns        17063
SoAScan/49/200704         41520 ns        41519 ns        16884
SoAScan/50/204800         41586 ns        41585 ns        16798
SoAScan/51/208896         41633 ns        41634 ns        16744
SoAScan/52/212992         41914 ns        41915 ns        16702
SoAScan/53/217088         41872 ns        41872 ns        16672
SoAScan/54/221184         42030 ns        42030 ns        16533
SoAScan/55/225280         42360 ns        42360 ns        16533
SoAScan/56/229376         42400 ns        42400 ns        16408
SoAScan/57/233472         42276 ns        42276 ns        16428
SoAScan/58/237568         42751 ns        42750 ns        16413
SoAScan/59/241664         42727 ns        42726 ns        16407
SoAScan/60/245760         42906 ns        42906 ns        16409
SoAScan/61/249856         42816 ns        42816 ns        16338
SoAScan/62/253952         42994 ns        42993 ns        16314
SoAScan/63/258048         42994 ns        42995 ns        16246
SoAScan/64/262144         53707 ns        53707 ns        16321
SoAScan/65/266240         43129 ns        43128 ns        16136
SoAScan/66/270336         43117 ns        43117 ns        16079
SoAScan/67/274432         43315 ns        43314 ns        16188
SoAScan/68/278528         43378 ns        43378 ns        16209
SoAScan/69/282624         43659 ns        43659 ns        15913
SoAScan/70/286720         43578 ns        43579 ns        16044
SoAScan/71/290816         43722 ns        43721 ns        16011
SoAScan/72/294912         43556 ns        43555 ns        15939
SoAScan/73/299008         43843 ns        43842 ns        15991
SoAScan/74/303104         43917 ns        43917 ns        15970
SoAScan/75/307200         44132 ns        44132 ns        15944
SoAScan/76/311296         44005 ns        44005 ns        15935
SoAScan/77/315392         44077 ns        44078 ns        15958
SoAScan/78/319488         44049 ns        44049 ns        15862
SoAScan/79/323584         44290 ns        44290 ns        15847
SoAScan/80/327680         44123 ns        44121 ns        15884
SoAScan/81/331776         44295 ns        44295 ns        15853
SoAScan/82/335872         44167 ns        44168 ns        15791
SoAScan/83/339968         44556 ns        44557 ns        15781
SoAScan/84/344064         44444 ns        44443 ns        15774
SoAScan/85/348160         44432 ns        44429 ns        15715
SoAScan/86/352256         44496 ns        44496 ns        15765
SoAScan/87/356352         44429 ns        44427 ns        15769
SoAScan/88/360448         44459 ns        44460 ns        15797
SoAScan/89/364544         44617 ns        44617 ns        15714
SoAScan/90/368640         44437 ns        44436 ns        15785
SoAScan/91/372736         44736 ns        44736 ns        15670
SoAScan/92/376832         44702 ns        44702 ns        15719
SoAScan/93/380928         44719 ns        44720 ns        15702
SoAScan/94/385024         44738 ns        44738 ns        15592
SoAScan/95/389120         44855 ns        44856 ns        15624
SoAScan/96/393216         45175 ns        45176 ns        15515
SoAScan/97/397312         44937 ns        44937 ns        15628
SoAScan/98/401408         44945 ns        44944 ns        15570
SoAScan/99/405504         44907 ns        44907 ns        15670
SoAScan/100/409600        44961 ns        44961 ns        15685
SoAScan/101/413696        44871 ns        44871 ns        15613
SoAScan/102/417792        44909 ns        44910 ns        15599
SoAScan/103/421888        44906 ns        44906 ns        15592
SoAScan/104/425984        44924 ns        44922 ns        15600
SoAScan/105/430080        44956 ns        44957 ns        15578
SoAScan/106/434176        45090 ns        45090 ns        15568
SoAScan/107/438272        45074 ns        45074 ns        15592
SoAScan/108/442368        45066 ns        45067 ns        15483
SoAScan/109/446464        45238 ns        45239 ns        15536
SoAScan/110/450560        45172 ns        45169 ns        15561
SoAScan/111/454656        45113 ns        45114 ns        15509
SoAScan/112/458752        44908 ns        44908 ns        15604
SoAScan/113/462848        45256 ns        45256 ns        15536
SoAScan/114/466944        45405 ns        45405 ns        15544
SoAScan/115/471040        45261 ns        45262 ns        15482
SoAScan/116/475136        45117 ns        45117 ns        15460
SoAScan/117/479232        45359 ns        45358 ns        15494
SoAScan/118/483328        45260 ns        45260 ns        15471
SoAScan/119/487424        45269 ns        45269 ns        15552
SoAScan/120/491520        45347 ns        45347 ns        15505
SoAScan/121/495616        45515 ns        45511 ns        15459
SoAScan/122/499712        45478 ns        45479 ns        15427
SoAScan/123/503808        45426 ns        45427 ns        15419
SoAScan/124/507904        45501 ns        45501 ns        15385
SoAScan/125/512000        45559 ns        45560 ns        15413
SoAScan/126/516096        45504 ns        45503 ns        15467
SoAScan/127/520192        46062 ns        46062 ns        15174
SoAScan/128/524288        52589 ns        52590 ns        13626
SoAScan/129/528384        46301 ns        46300 ns        15167
SoAScan/130/532480        46459 ns        46459 ns        15134
SoAScan/131/536576        46711 ns        46711 ns        15045
SoAScan/132/540672        46830 ns        46831 ns        15053
SoAScan/133/544768        46931 ns        46932 ns        14939
SoAScan/134/548864        47007 ns        47008 ns        14891
SoAScan/135/552960        47240 ns        47240 ns        14800
SoAScan/136/557056        47313 ns        47312 ns        14808
SoAScan/137/561152        47537 ns        47535 ns        14767
SoAScan/138/565248        47665 ns        47665 ns        14738
SoAScan/139/569344        47747 ns        47746 ns        14720
SoAScan/140/573440        48130 ns        48131 ns        14625
SoAScan/141/577536        48207 ns        48207 ns        14556
SoAScan/142/581632        48293 ns        48292 ns        14457
SoAScan/143/585728        48216 ns        48215 ns        14510
SoAScan/144/589824        48243 ns        48242 ns        14549
SoAScan/145/593920        48543 ns        48543 ns        14390
SoAScan/146/598016        48507 ns        48505 ns        14455
SoAScan/147/602112        48543 ns        48544 ns        14430
SoAScan/148/606208        48601 ns        48601 ns        14400
SoAScan/149/610304        48581 ns        48582 ns        14409
SoAScan/150/614400        48498 ns        48498 ns        14412
SoAScan/151/618496        48576 ns        48575 ns        14389
SoAScan/152/622592        48619 ns        48620 ns        14437
SoAScan/153/626688        48719 ns        48717 ns        14416
SoAScan/154/630784        48774 ns        48775 ns        14407
SoAScan/155/634880        48797 ns        48798 ns        14279
SoAScan/156/638976        48860 ns        48860 ns        14389
SoAScan/157/643072        48725 ns        48724 ns        14399
SoAScan/158/647168        48918 ns        48917 ns        14364
SoAScan/159/651264        48882 ns        48882 ns        14361
SoAScan/160/655360        49078 ns        49078 ns        14228
SoAScan/161/659456        49073 ns        49074 ns        14333
SoAScan/162/663552        48904 ns        48903 ns        14296
SoAScan/163/667648        48982 ns        48983 ns        14332
SoAScan/164/671744        48970 ns        48971 ns        14331
SoAScan/165/675840        49162 ns        49162 ns        14347
SoAScan/166/679936        48851 ns        48849 ns        14288
SoAScan/167/684032        49012 ns        49011 ns        14298
SoAScan/168/688128        49004 ns        49003 ns        14342
SoAScan/169/692224        48995 ns        48994 ns        14305
SoAScan/170/696320        48987 ns        48988 ns        14299
SoAScan/171/700416        48884 ns        48883 ns        14303
SoAScan/172/704512        48993 ns        48994 ns        14257
SoAScan/173/708608        49267 ns        49264 ns        14226
SoAScan/174/712704        49311 ns        49311 ns        14226
SoAScan/175/716800        49191 ns        49190 ns        14213
SoAScan/176/720896        49242 ns        49242 ns        14249
SoAScan/177/724992        49447 ns        49448 ns        14227
SoAScan/178/729088        49466 ns        49466 ns        14161
SoAScan/179/733184        49540 ns        49541 ns        14249
SoAScan/180/737280        49178 ns        49177 ns        13985
SoAScan/181/741376        49271 ns        49269 ns        14133
SoAScan/182/745472        49365 ns        49366 ns        14187
SoAScan/183/749568        49495 ns        49496 ns        13995
SoAScan/184/753664        49406 ns        49406 ns        14130
SoAScan/185/757760        49542 ns        49540 ns        14184
SoAScan/186/761856        49655 ns        49654 ns        14087
SoAScan/187/765952        49653 ns        49653 ns        14114
SoAScan/188/770048        49579 ns        49579 ns        14103
SoAScan/189/774144        49662 ns        49662 ns        14096
SoAScan/190/778240        49667 ns        49666 ns        14158
SoAScan/191/782336        49770 ns        49769 ns        13962
SoAScan/192/786432        61057 ns        61058 ns        13636
SoAScan/193/790528        49988 ns        49987 ns        13990
SoAScan/194/794624        49987 ns        49987 ns        14026
SoAScan/195/798720        49821 ns        49822 ns        13979
SoAScan/196/802816        49965 ns        49965 ns        14057
SoAScan/197/806912        49932 ns        49932 ns        13946
SoAScan/198/811008        50041 ns        50042 ns        13899
SoAScan/199/815104        49977 ns        49977 ns        13874
SoAScan/200/819200        50122 ns        50120 ns        13831
SoAScan/201/823296        50121 ns        50122 ns        13865
SoAScan/202/827392        50240 ns        50239 ns        13898
SoAScan/203/831488        50203 ns        50203 ns        13899
SoAScan/204/835584        50083 ns        50082 ns        13811
SoAScan/205/839680        50270 ns        50270 ns        13888
SoAScan/206/843776        50306 ns        50306 ns        13796
SoAScan/207/847872        50356 ns        50356 ns        13884
SoAScan/208/851968        50374 ns        50373 ns        13785
SoAScan/209/856064        50607 ns        50606 ns        13824
SoAScan/210/860160        50572 ns        50572 ns        13809
SoAScan/211/864256        50594 ns        50595 ns        13842
SoAScan/212/868352        50449 ns        50447 ns        13876
SoAScan/213/872448        50798 ns        50796 ns        13732
SoAScan/214/876544        50964 ns        50961 ns        13552
SoAScan/215/880640        50745 ns        50744 ns        13742
SoAScan/216/884736        50836 ns        50834 ns        13799
SoAScan/217/888832        50924 ns        50924 ns        13747
SoAScan/218/892928        50795 ns        50796 ns        13786
SoAScan/219/897024        51213 ns        51210 ns        13782
SoAScan/220/901120        50953 ns        50951 ns        13766
SoAScan/221/905216        50851 ns        50851 ns        13727
SoAScan/222/909312        50680 ns        50679 ns        13731
SoAScan/223/913408        50450 ns        50451 ns        13745
SoAScan/224/917504        51170 ns        51169 ns        13648
SoAScan/225/921600        50648 ns        50649 ns        13853
SoAScan/226/925696        50600 ns        50599 ns        13849
SoAScan/227/929792        50580 ns        50580 ns        13705
SoAScan/228/933888        50430 ns        50432 ns        13748
SoAScan/229/937984        50632 ns        50632 ns        13730
SoAScan/230/942080        50761 ns        50759 ns        13729
SoAScan/231/946176        50755 ns        50755 ns        13778
SoAScan/232/950272        50697 ns        50697 ns        13801
SoAScan/233/954368        50656 ns        50655 ns        13775
SoAScan/234/958464        50796 ns        50797 ns        13721
SoAScan/235/962560        50886 ns        50886 ns        13721
SoAScan/236/966656        50880 ns        50880 ns        13694
SoAScan/237/970752        50962 ns        50962 ns        13638
SoAScan/238/974848        51087 ns        51085 ns        13697
SoAScan/239/978944        51011 ns        51012 ns        13642
SoAScan/240/983040        51085 ns        51086 ns        13604
SoAScan/241/987136        51275 ns        51275 ns        13555
SoAScan/242/991232        51255 ns        51255 ns        13598
SoAScan/243/995328        51380 ns        51380 ns        13586
SoAScan/244/999424        51640 ns        51639 ns        13511
SoAScan/245/1003520       51569 ns        51564 ns        13542
SoAScan/246/1007616       51632 ns        51633 ns        13405
SoAScan/247/1011712       51671 ns        51672 ns        13477
SoAScan/248/1015808       51675 ns        51675 ns        13515
SoAScan/249/1019904       51785 ns        51786 ns        13499
SoAScan/250/1024000       51774 ns        51767 ns        13423
SoAScan/251/1028096       51753 ns        51753 ns        13436
SoAScan/252/1032192       51790 ns        51790 ns        13427
SoAScan/253/1036288       51960 ns        51961 ns        13438
SoAScan/254/1040384       51976 ns        51976 ns        13396
SoAScan/255/1044480       51916 ns        51911 ns        13432
SoAScan/256/1048576      120979 ns       120976 ns         5417
SoAScan/257/1052672       52024 ns        52022 ns        13420
SoAScan/258/1056768       52006 ns        52006 ns        13386
SoAScan/259/1060864       52037 ns        52037 ns        13372
SoAScan/260/1064960       52126 ns        52120 ns        13405
SoAScan/261/1069056       52194 ns        52194 ns        13369
SoAScan/262/1073152       52136 ns        52136 ns        13330
SoAScan/263/1077248       52103 ns        52104 ns        13383
SoAScan/264/1081344       52179 ns        52178 ns        13421
SoAScan/265/1085440       52038 ns        52038 ns        13395
SoAScan/266/1089536       52067 ns        52067 ns        13440
SoAScan/267/1093632       52099 ns        52098 ns        13342
SoAScan/268/1097728       52012 ns        52012 ns        13375
SoAScan/269/1101824       52139 ns        52138 ns        13369
SoAScan/270/1105920       52213 ns        52214 ns        13322
SoAScan/271/1110016       52040 ns        52040 ns        13299
SoAScan/272/1114112       52310 ns        52310 ns        13306
SoAScan/273/1118208       52285 ns        52285 ns        13313
SoAScan/274/1122304       52346 ns        52345 ns        13351
SoAScan/275/1126400       52424 ns        52423 ns        13325
SoAScan/276/1130496       52521 ns        52516 ns        13302
SoAScan/277/1134592       52345 ns        52345 ns        13267
SoAScan/278/1138688       52437 ns        52436 ns        13253
SoAScan/279/1142784       52581 ns        52580 ns        13288
SoAScan/280/1146880       52632 ns        52633 ns        13204
SoAScan/281/1150976       52644 ns        52638 ns        13191
SoAScan/282/1155072       52621 ns        52620 ns        13314
SoAScan/283/1159168       52616 ns        52617 ns        13188
SoAScan/284/1163264       52602 ns        52603 ns        13196
SoAScan/285/1167360       52689 ns        52686 ns        13177
SoAScan/286/1171456       52709 ns        52704 ns        13245
SoAScan/287/1175552       52832 ns        52833 ns        13170
SoAScan/288/1179648       53442 ns        53440 ns        13068
SoAScan/289/1183744       53144 ns        53144 ns        13103
SoAScan/290/1187840       52820 ns        52820 ns        13184
SoAScan/291/1191936       52976 ns        52971 ns        13200
SoAScan/292/1196032       52852 ns        52852 ns        13176
SoAScan/293/1200128       52807 ns        52805 ns        13246
SoAScan/294/1204224       52684 ns        52684 ns        13209
SoAScan/295/1208320       53038 ns        53037 ns        13195
SoAScan/296/1212416       52805 ns        52805 ns        13197
SoAScan/297/1216512       52866 ns        52866 ns        13200
SoAScan/298/1220608       52949 ns        52948 ns        13130
SoAScan/299/1224704       52814 ns        52814 ns        13248
SoAScan/300/1228800       52997 ns        52997 ns        13186
SoAScan/301/1232896       52957 ns        52958 ns        13149
SoAScan/302/1236992       53078 ns        53078 ns        13171
SoAScan/303/1241088       52874 ns        52874 ns        13170
SoAScan/304/1245184       52967 ns        52967 ns        13131
SoAScan/305/1249280       53101 ns        53101 ns        13132
SoAScan/306/1253376       53188 ns        53188 ns        13132
SoAScan/307/1257472       53089 ns        53084 ns        13103
SoAScan/308/1261568       53184 ns        53184 ns        13041
SoAScan/309/1265664       53178 ns        53177 ns        13120
SoAScan/310/1269760       53227 ns        53226 ns        13116
SoAScan/311/1273856       53381 ns        53381 ns        13080
SoAScan/312/1277952       53280 ns        53275 ns        13080
SoAScan/313/1282048       53360 ns        53359 ns        13053
SoAScan/314/1286144       53112 ns        53111 ns        13077
SoAScan/315/1290240       53238 ns        53238 ns        13110
SoAScan/316/1294336       53323 ns        53322 ns        13070
SoAScan/317/1298432       53395 ns        53392 ns        13069
SoAScan/318/1302528       53536 ns        53537 ns        12983
SoAScan/319/1306624       53582 ns        53582 ns        12999
SoAScan/320/1310720       59562 ns        59561 ns        13038
SoAScan/321/1314816       53831 ns        53832 ns        13004
SoAScan/322/1318912       53693 ns        53694 ns        12856
SoAScan/323/1323008       53797 ns        53797 ns        12954
SoAScan/324/1327104       53769 ns        53770 ns        12943
SoAScan/325/1331200       53675 ns        53676 ns        12965
SoAScan/326/1335296       53683 ns        53683 ns        12966
SoAScan/327/1339392       53646 ns        53645 ns        13006
SoAScan/328/1343488       53549 ns        53550 ns        12953
SoAScan/329/1347584       53581 ns        53581 ns        12929
SoAScan/330/1351680       53450 ns        53450 ns        13052
SoAScan/331/1355776       53544 ns        53545 ns        12991
SoAScan/332/1359872       53433 ns        53432 ns        12994
SoAScan/333/1363968       53375 ns        53375 ns        13019
SoAScan/334/1368064       53409 ns        53408 ns        13037
SoAScan/335/1372160       53397 ns        53398 ns        13010
SoAScan/336/1376256       53179 ns        53178 ns        13053
SoAScan/337/1380352       53324 ns        53323 ns        13044
SoAScan/338/1384448       53111 ns        53112 ns        13047
SoAScan/339/1388544       53396 ns        53394 ns        13073
SoAScan/340/1392640       53290 ns        53290 ns        13086
SoAScan/341/1396736       53231 ns        53232 ns        13098
SoAScan/342/1400832       52781 ns        52781 ns        13165
SoAScan/343/1404928       53069 ns        53069 ns        13120
SoAScan/344/1409024       53156 ns        53154 ns        13097
SoAScan/345/1413120       53123 ns        53123 ns        13124
SoAScan/346/1417216       52964 ns        52964 ns        13152
SoAScan/347/1421312       53077 ns        53077 ns        13108
SoAScan/348/1425408       52981 ns        52981 ns        13121
SoAScan/349/1429504       53019 ns        53019 ns        13153
SoAScan/350/1433600       52940 ns        52940 ns        13110
SoAScan/351/1437696       52905 ns        52905 ns        13117
SoAScan/352/1441792       53276 ns        53277 ns        13091
SoAScan/353/1445888       53235 ns        53236 ns        13030
SoAScan/354/1449984       53025 ns        53025 ns        13072
SoAScan/355/1454080       53135 ns        53135 ns        13096
SoAScan/356/1458176       52997 ns        52995 ns        13130
SoAScan/357/1462272       52916 ns        52916 ns        13152
SoAScan/358/1466368       52758 ns        52751 ns        13156
SoAScan/359/1470464       52662 ns        52663 ns        13109
SoAScan/360/1474560       52573 ns        52573 ns        13197
SoAScan/361/1478656       52498 ns        52498 ns        13253
SoAScan/362/1482752       52578 ns        52579 ns        13230
SoAScan/363/1486848       52571 ns        52565 ns        13260
SoAScan/364/1490944       52326 ns        52327 ns        13249
SoAScan/365/1495040       52538 ns        52537 ns        13243
SoAScan/366/1499136       52367 ns        52367 ns        13274
SoAScan/367/1503232       52371 ns        52369 ns        13288
SoAScan/368/1507328       52399 ns        52392 ns        13264
SoAScan/369/1511424       52285 ns        52285 ns        13306
SoAScan/370/1515520       52462 ns        52461 ns        13208
SoAScan/371/1519616       52324 ns        52324 ns        13273
SoAScan/372/1523712       52388 ns        52388 ns        13272
SoAScan/373/1527808       52465 ns        52460 ns        13225
SoAScan/374/1531904       52508 ns        52508 ns        13236
SoAScan/375/1536000       52549 ns        52548 ns        13260
SoAScan/376/1540096       52330 ns        52331 ns        13143
SoAScan/377/1544192       52598 ns        52598 ns        13229
SoAScan/378/1548288       52448 ns        52448 ns        13186
SoAScan/379/1552384       52525 ns        52526 ns        13268
SoAScan/380/1556480       52409 ns        52408 ns        13245
SoAScan/381/1560576       52586 ns        52585 ns        13194
SoAScan/382/1564672       52473 ns        52473 ns        13192
SoAScan/383/1568768       52625 ns        52626 ns        13280
SoAScan/384/1572864       93879 ns        93879 ns         6562
SoAScan/385/1576960       52673 ns        52672 ns        13256
SoAScan/386/1581056       52576 ns        52576 ns        13173
SoAScan/387/1585152       52709 ns        52709 ns        13266
SoAScan/388/1589248       52462 ns        52461 ns        13227
SoAScan/389/1593344       52524 ns        52512 ns        13272
SoAScan/390/1597440       52432 ns        52432 ns        13259
SoAScan/391/1601536       52508 ns        52507 ns        13205
SoAScan/392/1605632       52562 ns        52560 ns        13243
SoAScan/393/1609728       52544 ns        52543 ns        13253
SoAScan/394/1613824       52555 ns        52543 ns        13229
SoAScan/395/1617920       52487 ns        52487 ns        13282
SoAScan/396/1622016       52269 ns        52269 ns        13254
SoAScan/397/1626112       52369 ns        52369 ns        13250
SoAScan/398/1630208       52176 ns        52170 ns        13285
SoAScan/399/1634304       52420 ns        52409 ns        13346
SoAScan/400/1638400       52349 ns        52350 ns        13235
SoAScan/401/1642496       52465 ns        52463 ns        13318
SoAScan/402/1646592       52240 ns        52240 ns        13294
SoAScan/403/1650688       52470 ns        52470 ns        13310
SoAScan/404/1654784       52278 ns        52278 ns        13234
SoAScan/405/1658880       52179 ns        52178 ns        13302
SoAScan/406/1662976       52365 ns        52364 ns        13271
SoAScan/407/1667072       52307 ns        52308 ns        13241
SoAScan/408/1671168       52405 ns        52404 ns        13286
SoAScan/409/1675264       52165 ns        52165 ns        13296
SoAScan/410/1679360       52275 ns        52272 ns        13275
SoAScan/411/1683456       52188 ns        52188 ns        13289
SoAScan/412/1687552       52365 ns        52364 ns        13261
SoAScan/413/1691648       52288 ns        52288 ns        13231
SoAScan/414/1695744       52335 ns        52335 ns        13264
SoAScan/415/1699840       52281 ns        52281 ns        13280
SoAScan/416/1703936       52429 ns        52429 ns        13182
SoAScan/417/1708032       52243 ns        52243 ns        13278
SoAScan/418/1712128       52240 ns        52240 ns        13269
SoAScan/419/1716224       52265 ns        52265 ns        13225
SoAScan/420/1720320       52582 ns        52572 ns        13267
SoAScan/421/1724416       52123 ns        52124 ns        13319
SoAScan/422/1728512       52138 ns        52138 ns        13281
SoAScan/423/1732608       51971 ns        51971 ns        13282
SoAScan/424/1736704       52262 ns        52264 ns        13316
SoAScan/425/1740800       52004 ns        52005 ns        13287
SoAScan/426/1744896       52271 ns        52269 ns        13341
SoAScan/427/1748992       51899 ns        51899 ns        13360
SoAScan/428/1753088       52066 ns        52067 ns        13302
SoAScan/429/1757184       52062 ns        52062 ns        13368
SoAScan/430/1761280       52179 ns        52179 ns        13352
SoAScan/431/1765376       51949 ns        51949 ns        13364
SoAScan/432/1769472       51940 ns        51938 ns        13394
SoAScan/433/1773568       51820 ns        51820 ns        13395
SoAScan/434/1777664       51880 ns        51880 ns        13358
SoAScan/435/1781760       51914 ns        51915 ns        13313
SoAScan/436/1785856       52009 ns        52009 ns        13324
SoAScan/437/1789952       51911 ns        51910 ns        13416
SoAScan/438/1794048       52015 ns        52015 ns        13366
SoAScan/439/1798144       51851 ns        51851 ns        13403
SoAScan/440/1802240       51845 ns        51846 ns        13400
SoAScan/441/1806336       51962 ns        51962 ns        13354
SoAScan/442/1810432       52067 ns        52067 ns        13329
SoAScan/443/1814528       51966 ns        51966 ns        13348
SoAScan/444/1818624       52037 ns        52036 ns        13382
SoAScan/445/1822720       51945 ns        51945 ns        13348
SoAScan/446/1826816       52118 ns        52113 ns        13363
SoAScan/447/1830912       52187 ns        52187 ns        13183
SoAScan/448/1835008       58616 ns        58613 ns        12339
SoAScan/449/1839104       52340 ns        52339 ns        13212
SoAScan/450/1843200       52230 ns        52228 ns        13249
SoAScan/451/1847296       52454 ns        52445 ns        13225
SoAScan/452/1851392       52374 ns        52375 ns        13311
SoAScan/453/1855488       52292 ns        52293 ns        13251
SoAScan/454/1859584       52450 ns        52451 ns        13278
SoAScan/455/1863680       52184 ns        52185 ns        13317
SoAScan/456/1867776       52023 ns        52023 ns        13357
SoAScan/457/1871872       52314 ns        52313 ns        13272
SoAScan/458/1875968       52337 ns        52335 ns        13275
SoAScan/459/1880064       52088 ns        52089 ns        13279
SoAScan/460/1884160       52468 ns        52467 ns        13244
SoAScan/461/1888256       52056 ns        52056 ns        13211
SoAScan/462/1892352       52128 ns        52128 ns        13317
SoAScan/463/1896448       52010 ns        52009 ns        13257
SoAScan/464/1900544       52172 ns        52173 ns        13338
SoAScan/465/1904640       52311 ns        52311 ns        13300
SoAScan/466/1908736       52140 ns        52140 ns        13317
SoAScan/467/1912832       52202 ns        52202 ns        13311
SoAScan/468/1916928       52353 ns        52353 ns        13354
SoAScan/469/1921024       52250 ns        52250 ns        13331
SoAScan/470/1925120       52320 ns        52321 ns        13268
SoAScan/471/1929216       52501 ns        52502 ns        13329
SoAScan/472/1933312       52008 ns        52008 ns        13315
SoAScan/473/1937408       52316 ns        52314 ns        13306
SoAScan/474/1941504       52215 ns        52214 ns        13279
SoAScan/475/1945600       52178 ns        52178 ns        13349
SoAScan/476/1949696       52191 ns        52191 ns        13224
SoAScan/477/1953792       52104 ns        52104 ns        13289
SoAScan/478/1957888       52217 ns        52218 ns        13312
SoAScan/479/1961984       52386 ns        52385 ns        13257
SoAScan/480/1966080       52764 ns        52765 ns        13209
SoAScan/481/1970176       52258 ns        52258 ns        13290
SoAScan/482/1974272       52392 ns        52391 ns        13307
SoAScan/483/1978368       52151 ns        52152 ns        13264
SoAScan/484/1982464       52382 ns        52383 ns        13217
SoAScan/485/1986560       51823 ns        51823 ns        13417
SoAScan/486/1990656       51602 ns        51601 ns        13441
SoAScan/487/1994752       51533 ns        51533 ns        13473
SoAScan/488/1998848       51479 ns        51479 ns        13511
SoAScan/489/2002944       51607 ns        51606 ns        13520
SoAScan/490/2007040       51330 ns        51331 ns        13457
SoAScan/491/2011136       51268 ns        51268 ns        13548
SoAScan/492/2015232       51295 ns        51295 ns        13594
SoAScan/493/2019328       51256 ns        51256 ns        13525
SoAScan/494/2023424       50989 ns        50989 ns        13585
SoAScan/495/2027520       51169 ns        51170 ns        13534
SoAScan/496/2031616       51240 ns        51240 ns        13578
SoAScan/497/2035712       51117 ns        51117 ns        13463
SoAScan/498/2039808       51192 ns        51192 ns        13569
SoAScan/499/2043904       51212 ns        51211 ns        13514
SoAScan/500/2048000       51201 ns        51200 ns        13559
SoAScan/501/2052096       51532 ns        51531 ns        13451
SoAScan/502/2056192       51265 ns        51266 ns        13547
SoAScan/503/2060288       51323 ns        51323 ns        13376
SoAScan/504/2064384       51920 ns        51920 ns        13577
SoAScan/505/2068480       51546 ns        51546 ns        13388
SoAScan/506/2072576       51884 ns        51884 ns        13342
SoAScan/507/2076672       52022 ns        52023 ns        13349
SoAScan/508/2080768       51727 ns        51728 ns        13357
SoAScan/509/2084864       51931 ns        51932 ns        13359
SoAScan/510/2088960       51822 ns        51820 ns        13394
SoAScan/511/2093056       51844 ns        51844 ns        13400
SoAScan/512/2097152      168906 ns       168902 ns         3952
SoAScan/513/2101248       51295 ns        51295 ns        13590
SoAScan/514/2105344       51530 ns        51531 ns        13458
SoAScan/515/2109440       51591 ns        51591 ns        13460
SoAScan/516/2113536       51561 ns        51562 ns        13491
SoAScan/517/2117632       51726 ns        51726 ns        13462
SoAScan/518/2121728       51699 ns        51699 ns        13450
SoAScan/519/2125824       51758 ns        51758 ns        13469
SoAScan/520/2129920       51562 ns        51562 ns        13445
SoAScan/521/2134016       51839 ns        51840 ns        13429
SoAScan/522/2138112       51510 ns        51510 ns        13461
SoAScan/523/2142208       51902 ns        51902 ns        13444
SoAScan/524/2146304       51819 ns        51819 ns        13464
SoAScan/525/2150400       51759 ns        51759 ns        13457
SoAScan/526/2154496       51747 ns        51746 ns        13410
SoAScan/527/2158592       51684 ns        51684 ns        13423
SoAScan/528/2162688       51733 ns        51733 ns        13419
SoAScan/529/2166784       52087 ns        52087 ns        13372
SoAScan/530/2170880       52029 ns        52029 ns        13356
SoAScan/531/2174976       52078 ns        52078 ns        13335
SoAScan/532/2179072       52048 ns        52048 ns        13331
SoAScan/533/2183168       52493 ns        52493 ns        13207
SoAScan/534/2187264       52501 ns        52502 ns        13186
SoAScan/535/2191360       52831 ns        52831 ns        13171
SoAScan/536/2195456       52988 ns        52986 ns        13123
SoAScan/537/2199552       53062 ns        53061 ns        13052
SoAScan/538/2203648       53031 ns        53032 ns        13049
SoAScan/539/2207744       53053 ns        53054 ns        13055
SoAScan/540/2211840       52964 ns        52965 ns        13083
SoAScan/541/2215936       53019 ns        53020 ns        13077
SoAScan/542/2220032       53098 ns        53098 ns        13038
SoAScan/543/2224128       53182 ns        53180 ns        13018
SoAScan/544/2228224       53507 ns        53501 ns        12976
SoAScan/545/2232320       53130 ns        53130 ns        12944
SoAScan/546/2236416       53044 ns        53044 ns        13049
SoAScan/547/2240512       53185 ns        53186 ns        13038
SoAScan/548/2244608       53201 ns        53201 ns        13054
SoAScan/549/2248704       53195 ns        53190 ns        13057
SoAScan/550/2252800       53141 ns        53139 ns        13072
SoAScan/551/2256896       52922 ns        52922 ns        13076
SoAScan/552/2260992       53032 ns        53032 ns        13096
SoAScan/553/2265088       52978 ns        52978 ns        13073
SoAScan/554/2269184       53133 ns        53134 ns        13082
SoAScan/555/2273280       53146 ns        53147 ns        13078
SoAScan/556/2277376       53048 ns        53048 ns        13108
SoAScan/557/2281472       53163 ns        53163 ns        13057
SoAScan/558/2285568       52889 ns        52890 ns        13149
SoAScan/559/2289664       52964 ns        52964 ns        13071
SoAScan/560/2293760       53055 ns        53055 ns        13107
SoAScan/561/2297856       52948 ns        52949 ns        13107
SoAScan/562/2301952       52934 ns        52934 ns        13109
SoAScan/563/2306048       52902 ns        52903 ns        13032
SoAScan/564/2310144       52931 ns        52933 ns        13027
SoAScan/565/2314240       52953 ns        52952 ns        13090
SoAScan/566/2318336       52923 ns        52924 ns        13098
SoAScan/567/2322432       52811 ns        52809 ns        13132
SoAScan/568/2326528       53001 ns        53002 ns        13078
SoAScan/569/2330624       53000 ns        53001 ns        13120
SoAScan/570/2334720       52796 ns        52796 ns        13145
SoAScan/571/2338816       53068 ns        53069 ns        13081
SoAScan/572/2342912       52990 ns        52989 ns        13112
SoAScan/573/2347008       53060 ns        53059 ns        13099
SoAScan/574/2351104       53079 ns        53079 ns        13064
SoAScan/575/2355200       53154 ns        53150 ns        13054
SoAScan/576/2359296       78522 ns        78523 ns         7996
SoAScan/577/2363392       53348 ns        53348 ns        13023
SoAScan/578/2367488       53508 ns        53509 ns        12955
SoAScan/579/2371584       53324 ns        53324 ns        13005
SoAScan/580/2375680       53450 ns        53451 ns        12988
SoAScan/581/2379776       53667 ns        53665 ns        12982
SoAScan/582/2383872       53272 ns        53273 ns        12999
SoAScan/583/2387968       53665 ns        53666 ns        12951
SoAScan/584/2392064       53241 ns        53240 ns        13056
SoAScan/585/2396160       53052 ns        53053 ns        13046
SoAScan/586/2400256       53215 ns        53215 ns        13094
SoAScan/587/2404352       53209 ns        53209 ns        13019
SoAScan/588/2408448       53204 ns        53203 ns        13073
SoAScan/589/2412544       52956 ns        52957 ns        13109
SoAScan/590/2416640       53095 ns        53096 ns        13020
SoAScan/591/2420736       53040 ns        53040 ns        13007
SoAScan/592/2424832       53081 ns        53080 ns        13074
SoAScan/593/2428928       53264 ns        53265 ns        13046
SoAScan/594/2433024       52931 ns        52930 ns        13118
SoAScan/595/2437120       53016 ns        53017 ns        13054
SoAScan/596/2441216       52974 ns        52974 ns        13007
SoAScan/597/2445312       53127 ns        53128 ns        13126
SoAScan/598/2449408       53119 ns        53119 ns        13067
SoAScan/599/2453504       53230 ns        53229 ns        13092
SoAScan/600/2457600       52908 ns        52908 ns        13045
SoAScan/601/2461696       52980 ns        52980 ns        13077
SoAScan/602/2465792       53039 ns        53040 ns        13054
SoAScan/603/2469888       52996 ns        52997 ns        13125
SoAScan/604/2473984       53041 ns        53039 ns        13069
SoAScan/605/2478080       53043 ns        53042 ns        13042
SoAScan/606/2482176       53069 ns        53069 ns        13017
SoAScan/607/2486272       53094 ns        53094 ns        13060
SoAScan/608/2490368       52974 ns        52975 ns        13070
SoAScan/609/2494464       53084 ns        53085 ns        13016
SoAScan/610/2498560       53288 ns        53288 ns        12990
SoAScan/611/2502656       53228 ns        53229 ns        12981
SoAScan/612/2506752       53000 ns        52998 ns        13104
SoAScan/613/2510848       53181 ns        53181 ns        13063
SoAScan/614/2514944       53150 ns        53151 ns        12956
SoAScan/615/2519040       53254 ns        53253 ns        13047
SoAScan/616/2523136       53246 ns        53247 ns        13057
SoAScan/617/2527232       53177 ns        53176 ns        13037
SoAScan/618/2531328       53143 ns        53143 ns        13066
SoAScan/619/2535424       53133 ns        53133 ns        13059
SoAScan/620/2539520       53155 ns        53155 ns        13026
SoAScan/621/2543616       52996 ns        52995 ns        13036
SoAScan/622/2547712       53262 ns        53262 ns        12951
SoAScan/623/2551808       53330 ns        53330 ns        13028
SoAScan/624/2555904       53278 ns        53278 ns        13015
SoAScan/625/2560000       53279 ns        53280 ns        12935
SoAScan/626/2564096       53220 ns        53221 ns        12999
SoAScan/627/2568192       53122 ns        53122 ns        13044
SoAScan/628/2572288       53358 ns        53359 ns        13019
SoAScan/629/2576384       53377 ns        53376 ns        13005
SoAScan/630/2580480       53159 ns        53159 ns        13022
SoAScan/631/2584576       53508 ns        53509 ns        12927
SoAScan/632/2588672       53411 ns        53412 ns        12999
SoAScan/633/2592768       53466 ns        53467 ns        12915
SoAScan/634/2596864       53520 ns        53519 ns        12877
SoAScan/635/2600960       53545 ns        53546 ns        12962
SoAScan/636/2605056       53524 ns        53523 ns        12933
SoAScan/637/2609152       53622 ns        53617 ns        12953
SoAScan/638/2613248       53670 ns        53670 ns        12960
SoAScan/639/2617344       53680 ns        53680 ns        12809
SoAScan/640/2621440      100136 ns       100136 ns        11316
SoAScan/641/2625536       53782 ns        53775 ns        12897
SoAScan/642/2629632       53617 ns        53616 ns        12910
SoAScan/643/2633728       53663 ns        53663 ns        12919
SoAScan/644/2637824       53838 ns        53839 ns        12904
SoAScan/645/2641920       53741 ns        53741 ns        12852
SoAScan/646/2646016       53521 ns        53521 ns        12920
SoAScan/647/2650112       53799 ns        53799 ns        12890
SoAScan/648/2654208       53436 ns        53436 ns        12938
SoAScan/649/2658304       53863 ns        53863 ns        12930
SoAScan/650/2662400       53818 ns        53818 ns        12914
SoAScan/651/2666496       53942 ns        53934 ns        12799
SoAScan/652/2670592       53927 ns        53927 ns        12899
SoAScan/653/2674688       53881 ns        53880 ns        12884
SoAScan/654/2678784       53867 ns        53867 ns        12880
SoAScan/655/2682880       53872 ns        53872 ns        12845
SoAScan/656/2686976       53788 ns        53787 ns        12917
SoAScan/657/2691072       54060 ns        54061 ns        12792
SoAScan/658/2695168       53804 ns        53805 ns        12863
SoAScan/659/2699264       53899 ns        53899 ns        12881
SoAScan/660/2703360       53928 ns        53929 ns        12892
SoAScan/661/2707456       54047 ns        54047 ns        12897
SoAScan/662/2711552       54234 ns        54229 ns        12793
SoAScan/663/2715648       54027 ns        54027 ns        12871
SoAScan/664/2719744       54054 ns        54054 ns        12862
SoAScan/665/2723840       53815 ns        53815 ns        12887
SoAScan/666/2727936       53850 ns        53848 ns        12851
SoAScan/667/2732032       54329 ns        54324 ns        12803
SoAScan/668/2736128       54276 ns        54277 ns        12801
SoAScan/669/2740224       54335 ns        54335 ns        12769
SoAScan/670/2744320       54171 ns        54172 ns        12738
SoAScan/671/2748416       54222 ns        54222 ns        12753
SoAScan/672/2752512       54226 ns        54220 ns        12801
SoAScan/673/2756608       54168 ns        54167 ns        12821
SoAScan/674/2760704       54354 ns        54354 ns        12772
SoAScan/675/2764800       56627 ns        56624 ns        12313
SoAScan/676/2768896       57559 ns        57436 ns        12465
SoAScan/677/2772992       54532 ns        54512 ns        12749
SoAScan/678/2777088       54547 ns        54545 ns        12757
SoAScan/679/2781184       54691 ns        54692 ns        12717
SoAScan/680/2785280       54345 ns        54345 ns        12741
SoAScan/681/2789376       54527 ns        54526 ns        12695
SoAScan/682/2793472       54524 ns        54524 ns        12723
SoAScan/683/2797568       54517 ns        54516 ns        12765
SoAScan/684/2801664       54168 ns        54168 ns        12863
SoAScan/685/2805760       54692 ns        54692 ns        12710
SoAScan/686/2809856       54557 ns        54557 ns        12731
SoAScan/687/2813952       54572 ns        54572 ns        12706
SoAScan/688/2818048       54665 ns        54663 ns        12734
SoAScan/689/2822144       54492 ns        54492 ns        12736
SoAScan/690/2826240       57648 ns        57645 ns        12808
SoAScan/691/2830336       53974 ns        53975 ns        10767
SoAScan/692/2834432       53539 ns        53536 ns        12920
SoAScan/693/2838528       53933 ns        53934 ns        13011
SoAScan/694/2842624       54345 ns        54346 ns        12970
SoAScan/695/2846720       53981 ns        53980 ns        11725
SoAScan/696/2850816       54013 ns        54014 ns        12995
SoAScan/697/2854912       57310 ns        57311 ns        12903
SoAScan/698/2859008       54117 ns        54117 ns        12988
SoAScan/699/2863104       53975 ns        53976 ns        12947
SoAScan/700/2867200       53501 ns        53500 ns        12968
SoAScan/701/2871296       53800 ns        53800 ns        12979
SoAScan/702/2875392       53501 ns        53501 ns        13007
SoAScan/703/2879488       53604 ns        53602 ns        13011
SoAScan/704/2883584       54221 ns        54220 ns        10820
SoAScan/705/2887680       54008 ns        54006 ns        12831
SoAScan/706/2891776       53780 ns        53779 ns        12896
SoAScan/707/2895872       53784 ns        53782 ns        12908
SoAScan/708/2899968       53847 ns        53846 ns        12890
SoAScan/709/2904064       53806 ns        53805 ns        12900
SoAScan/710/2908160       53869 ns        53868 ns        12886
SoAScan/711/2912256       53676 ns        53675 ns        12918
SoAScan/712/2916352       53865 ns        53864 ns        12916
SoAScan/713/2920448       53912 ns        53911 ns        12883
SoAScan/714/2924544       53614 ns        53615 ns        12931
SoAScan/715/2928640       53829 ns        53828 ns        12899
SoAScan/716/2932736       53792 ns        53791 ns        12903
SoAScan/717/2936832       53716 ns        53714 ns        12925
SoAScan/718/2940928       53862 ns        53862 ns        12691
SoAScan/719/2945024       54093 ns        54093 ns        12776
SoAScan/720/2949120       53591 ns        53589 ns        12877
SoAScan/721/2953216       53808 ns        53807 ns        12869
SoAScan/722/2957312       53592 ns        53592 ns        12922
SoAScan/723/2961408       54502 ns        54502 ns        12822
SoAScan/724/2965504       53662 ns        53661 ns        12910
SoAScan/725/2969600       53712 ns        53711 ns        12946
SoAScan/726/2973696       53816 ns        53816 ns        12903
SoAScan/727/2977792       53791 ns        53791 ns        12912
SoAScan/728/2981888       53738 ns        53738 ns        12882
SoAScan/729/2985984       53604 ns        53604 ns        12885
SoAScan/730/2990080       53864 ns        53863 ns        12829
SoAScan/731/2994176       53735 ns        53734 ns        12903
SoAScan/732/2998272       53771 ns        53771 ns        12918
SoAScan/733/3002368       53821 ns        53821 ns        12889
SoAScan/734/3006464       53884 ns        53883 ns        12929
SoAScan/735/3010560       53815 ns        53816 ns        12863
SoAScan/736/3014656       53692 ns        53693 ns        12913
SoAScan/737/3018752       53816 ns        53816 ns        12888
SoAScan/738/3022848       53556 ns        53557 ns        12916
SoAScan/739/3026944       53704 ns        53704 ns        12933
SoAScan/740/3031040       53788 ns        53789 ns        12901
SoAScan/741/3035136       53516 ns        53517 ns        12970
SoAScan/742/3039232       53789 ns        53789 ns        12895
SoAScan/743/3043328       53696 ns        53697 ns        12906
SoAScan/744/3047424       53553 ns        53551 ns        12947
SoAScan/745/3051520       53796 ns        53797 ns        12864
SoAScan/746/3055616       53674 ns        53674 ns        12959
SoAScan/747/3059712       53522 ns        53522 ns        12998
SoAScan/748/3063808       53663 ns        53661 ns        12964
SoAScan/749/3067904       53641 ns        53641 ns        12975
SoAScan/750/3072000       53601 ns        53601 ns        12897
SoAScan/751/3076096       53688 ns        53687 ns        12932
SoAScan/752/3080192       53560 ns        53561 ns        12955
SoAScan/753/3084288       53588 ns        53589 ns        12847
SoAScan/754/3088384       53443 ns        53443 ns        12975
SoAScan/755/3092480       53450 ns        53451 ns        12925
SoAScan/756/3096576       53416 ns        53416 ns        13024
SoAScan/757/3100672       53603 ns        53598 ns        12886
SoAScan/758/3104768       53548 ns        53542 ns        12906
SoAScan/759/3108864       53625 ns        53620 ns        12792
SoAScan/760/3112960       53300 ns        53296 ns        13038
SoAScan/761/3117056       53817 ns        53813 ns        12846
SoAScan/762/3121152       53548 ns        53544 ns        12908
SoAScan/763/3125248       53692 ns        53688 ns        12929
SoAScan/764/3129344       53603 ns        53600 ns        12893
SoAScan/765/3133440       53514 ns        53511 ns        12897
SoAScan/766/3137536       53658 ns        53654 ns        12934
SoAScan/767/3141632       53645 ns        53641 ns        12916
SoAScan/768/3145728      129788 ns       129777 ns         5346
SoAScan/769/3149824       53705 ns        53702 ns        12932
SoAScan/770/3153920       53785 ns        53782 ns        12818
SoAScan/771/3158016       53632 ns        53629 ns        12879
SoAScan/772/3162112       53637 ns        53635 ns        12927
SoAScan/773/3166208       53852 ns        53849 ns        12910
SoAScan/774/3170304       53427 ns        53424 ns        12961
SoAScan/775/3174400       53634 ns        53630 ns        12887
SoAScan/776/3178496       53489 ns        53486 ns        12845
SoAScan/777/3182592       53552 ns        53549 ns        12943
SoAScan/778/3186688       53784 ns        53782 ns        12904
SoAScan/779/3190784       53324 ns        53322 ns        13004
SoAScan/780/3194880       53597 ns        53595 ns        12944
SoAScan/781/3198976       53532 ns        53529 ns        12956
SoAScan/782/3203072       53595 ns        53593 ns        12945
SoAScan/783/3207168       53170 ns        53168 ns        12965
SoAScan/784/3211264       53715 ns        53712 ns        12937
SoAScan/785/3215360       53491 ns        53488 ns        12934
SoAScan/786/3219456       53393 ns        53391 ns        12995
SoAScan/787/3223552       53653 ns        53652 ns        12926
SoAScan/788/3227648       53458 ns        53457 ns        12913
SoAScan/789/3231744       53622 ns        53620 ns        12908
SoAScan/790/3235840       53530 ns        53528 ns        12976
SoAScan/791/3239936       53456 ns        53454 ns        12959
SoAScan/792/3244032       53206 ns        53204 ns        13049
SoAScan/793/3248128       53677 ns        53676 ns        12941
SoAScan/794/3252224       53725 ns        53724 ns        12784
SoAScan/795/3256320       53609 ns        53608 ns        12851
SoAScan/796/3260416       53685 ns        53684 ns        12918
SoAScan/797/3264512       53697 ns        53695 ns        12941
SoAScan/798/3268608       53285 ns        53283 ns        13013
SoAScan/799/3272704       53750 ns        53748 ns        12956
SoAScan/800/3276800       53513 ns        53512 ns        12901
SoAScan/801/3280896       53767 ns        53765 ns        12890
SoAScan/802/3284992       53835 ns        53834 ns        12856
SoAScan/803/3289088       53935 ns        53935 ns        12834
SoAScan/804/3293184       53724 ns        53723 ns        12904
SoAScan/805/3297280       53982 ns        53980 ns        12858
SoAScan/806/3301376       53815 ns        53814 ns        12868
SoAScan/807/3305472       53787 ns        53786 ns        12881
SoAScan/808/3309568       53778 ns        53777 ns        12899
SoAScan/809/3313664       53724 ns        53723 ns        12854
SoAScan/810/3317760       53400 ns        53399 ns        12934
SoAScan/811/3321856       53839 ns        53838 ns        12876
SoAScan/812/3325952       53608 ns        53607 ns        12867
SoAScan/813/3330048       53567 ns        53567 ns        12897
SoAScan/814/3334144       53708 ns        53707 ns        12891
SoAScan/815/3338240       53732 ns        53731 ns        12900
SoAScan/816/3342336       53719 ns        53718 ns        12910
SoAScan/817/3346432       53537 ns        53536 ns        12994
SoAScan/818/3350528       53713 ns        53712 ns        12890
SoAScan/819/3354624       53488 ns        53488 ns        12985
SoAScan/820/3358720       53592 ns        53592 ns        12953
SoAScan/821/3362816       53712 ns        53711 ns        12931
SoAScan/822/3366912       53650 ns        53650 ns        12923
SoAScan/823/3371008       53625 ns        53625 ns        12946
SoAScan/824/3375104       53653 ns        53653 ns        12908
SoAScan/825/3379200       53798 ns        53797 ns        12890
SoAScan/826/3383296       53753 ns        53752 ns        12862
SoAScan/827/3387392       53718 ns        53717 ns        12869
SoAScan/828/3391488       53491 ns        53490 ns        12923
SoAScan/829/3395584       53846 ns        53846 ns        12867
SoAScan/830/3399680       53786 ns        53786 ns        12846
SoAScan/831/3403776       54086 ns        54085 ns        12748
SoAScan/832/3407872       82654 ns        82651 ns         7134
SoAScan/833/3411968       54192 ns        54191 ns        12757
SoAScan/834/3416064       54137 ns        54136 ns        12827
SoAScan/835/3420160       54271 ns        54271 ns        12803
SoAScan/836/3424256       54556 ns        54556 ns        12739
SoAScan/837/3428352       53912 ns        53912 ns        12886
SoAScan/838/3432448       54124 ns        54123 ns        12815
SoAScan/839/3436544       54149 ns        54148 ns        12817
SoAScan/840/3440640       54093 ns        54091 ns        12823
SoAScan/841/3444736       54208 ns        54207 ns        12796
SoAScan/842/3448832       54166 ns        54164 ns        12784
SoAScan/843/3452928       54218 ns        54218 ns        12770
SoAScan/844/3457024       54254 ns        54254 ns        12808
SoAScan/845/3461120       54065 ns        54065 ns        12828
SoAScan/846/3465216       54003 ns        54002 ns        12843
SoAScan/847/3469312       54242 ns        54241 ns        12834
SoAScan/848/3473408       54195 ns        54195 ns        12790
SoAScan/849/3477504       54217 ns        54217 ns        12768
SoAScan/850/3481600       54183 ns        54180 ns        12761
SoAScan/851/3485696       54135 ns        54134 ns        12856
SoAScan/852/3489792       54185 ns        54184 ns        12813
SoAScan/853/3493888       54359 ns        54359 ns        12811
SoAScan/854/3497984       54090 ns        54091 ns        12823
SoAScan/855/3502080       53899 ns        53897 ns        12856
SoAScan/856/3506176       54319 ns        54318 ns        12778
SoAScan/857/3510272       54163 ns        54163 ns        12780
SoAScan/858/3514368       54167 ns        54166 ns        12830
SoAScan/859/3518464       54240 ns        54239 ns        12798
SoAScan/860/3522560       54355 ns        54355 ns        12754
SoAScan/861/3526656       54666 ns        54666 ns        12667
SoAScan/862/3530752       54451 ns        54450 ns        12712
SoAScan/863/3534848       54376 ns        54375 ns        12742
SoAScan/864/3538944       54023 ns        54023 ns        12861
SoAScan/865/3543040       54514 ns        54515 ns        12731
SoAScan/866/3547136       54498 ns        54498 ns        12681
SoAScan/867/3551232       54518 ns        54518 ns        12718
SoAScan/868/3555328       54557 ns        54557 ns        12739
SoAScan/869/3559424       54745 ns        54742 ns        12677
SoAScan/870/3563520       54479 ns        54479 ns        12753
SoAScan/871/3567616       54394 ns        54393 ns        12765
SoAScan/872/3571712       54432 ns        54431 ns        12764
SoAScan/873/3575808       54331 ns        54329 ns        12740
SoAScan/874/3579904       55000 ns        54999 ns        12616
SoAScan/875/3584000       54349 ns        54349 ns        12767
SoAScan/876/3588096       54457 ns        54457 ns        12787
SoAScan/877/3592192       54340 ns        54340 ns        12824
SoAScan/878/3596288       54440 ns        54439 ns        12723
SoAScan/879/3600384       54342 ns        54341 ns        12735
SoAScan/880/3604480       54349 ns        54348 ns        12758
SoAScan/881/3608576       54494 ns        54494 ns        12760
SoAScan/882/3612672       54027 ns        54027 ns        12838
SoAScan/883/3616768       54342 ns        54341 ns        12822
SoAScan/884/3620864       54242 ns        54242 ns        12754
SoAScan/885/3624960       54294 ns        54294 ns        12791
SoAScan/886/3629056       54367 ns        54367 ns        12800
SoAScan/887/3633152       54304 ns        54301 ns        12829
SoAScan/888/3637248       54331 ns        54330 ns        12792
SoAScan/889/3641344       54478 ns        54478 ns        12730
SoAScan/890/3645440       54402 ns        54400 ns        12695
SoAScan/891/3649536       54194 ns        54194 ns        12812
SoAScan/892/3653632       54512 ns        54512 ns        12727
SoAScan/893/3657728       54698 ns        54697 ns        12719
SoAScan/894/3661824       54441 ns        54441 ns        12705
SoAScan/895/3665920       54515 ns        54516 ns        12729
SoAScan/896/3670016       87535 ns        87537 ns         5959
SoAScan/897/3674112       54674 ns        54675 ns        12701
SoAScan/898/3678208       54546 ns        54547 ns        12766
SoAScan/899/3682304       54565 ns        54566 ns        12718
SoAScan/900/3686400       54299 ns        54300 ns        12829
SoAScan/901/3690496       54444 ns        54444 ns        12777
SoAScan/902/3694592       54480 ns        54481 ns        12719
SoAScan/903/3698688       55398 ns        55399 ns        12632
SoAScan/904/3702784       54589 ns        54589 ns        12750
SoAScan/905/3706880       54579 ns        54580 ns        12727
SoAScan/906/3710976       55056 ns        55056 ns        12720
SoAScan/907/3715072       54639 ns        54640 ns        12706
SoAScan/908/3719168       54623 ns        54624 ns        12723
SoAScan/909/3723264       54516 ns        54517 ns        12752
SoAScan/910/3727360       54503 ns        54504 ns        12775
SoAScan/911/3731456       54501 ns        54502 ns        12758
SoAScan/912/3735552       54278 ns        54279 ns        12834
SoAScan/913/3739648       54484 ns        54485 ns        12738
SoAScan/914/3743744       54487 ns        54488 ns        12667
SoAScan/915/3747840       54415 ns        54416 ns        12790
SoAScan/916/3751936       54460 ns        54460 ns        12781
SoAScan/917/3756032       54575 ns        54576 ns        12735
SoAScan/918/3760128       54278 ns        54279 ns        12805
SoAScan/919/3764224       54503 ns        54503 ns        12762
SoAScan/920/3768320       54409 ns        54410 ns        12775
SoAScan/921/3772416       54563 ns        54564 ns        12727
SoAScan/922/3776512       54566 ns        54567 ns        12762
SoAScan/923/3780608       54871 ns        54871 ns        12670
SoAScan/924/3784704       54524 ns        54524 ns        12723
SoAScan/925/3788800       54696 ns        54696 ns        12691
SoAScan/926/3792896       54503 ns        54504 ns        12695
SoAScan/927/3796992       54386 ns        54386 ns        12713
SoAScan/928/3801088       54486 ns        54487 ns        12781
SoAScan/929/3805184       54295 ns        54295 ns        12777
SoAScan/930/3809280       54735 ns        54736 ns        12708
SoAScan/931/3813376       54814 ns        54815 ns        12681
SoAScan/932/3817472       55084 ns        55085 ns        12618
SoAScan/933/3821568       54832 ns        54833 ns        12647
SoAScan/934/3825664       54736 ns        54737 ns        12694
SoAScan/935/3829760       54704 ns        54704 ns        12698
SoAScan/936/3833856       54299 ns        54297 ns        12792
SoAScan/937/3837952       54751 ns        54752 ns        12669
SoAScan/938/3842048       54657 ns        54658 ns        12699
SoAScan/939/3846144       54795 ns        54795 ns        12702
SoAScan/940/3850240       54569 ns        54569 ns        12747
SoAScan/941/3854336       54695 ns        54696 ns        12684
SoAScan/942/3858432       54620 ns        54621 ns        12747
SoAScan/943/3862528       54738 ns        54737 ns        12713
SoAScan/944/3866624       54552 ns        54553 ns        12655
SoAScan/945/3870720       54337 ns        54337 ns        12767
SoAScan/946/3874816       54635 ns        54636 ns        12703
SoAScan/947/3878912       54687 ns        54687 ns        12701
SoAScan/948/3883008       54563 ns        54561 ns        12761
SoAScan/949/3887104       54542 ns        54543 ns        12733
SoAScan/950/3891200       55140 ns        55137 ns        12589
SoAScan/951/3895296       54718 ns        54717 ns        12712
SoAScan/952/3899392       54589 ns        54590 ns        12755
SoAScan/953/3903488       54385 ns        54383 ns        12720
SoAScan/954/3907584       54321 ns        54321 ns        12777
SoAScan/955/3911680       54759 ns        54760 ns        12709
SoAScan/956/3915776       54704 ns        54705 ns        12714
SoAScan/957/3919872       54755 ns        54756 ns        12699
SoAScan/958/3923968       54707 ns        54706 ns        12683
SoAScan/959/3928064       54987 ns        54986 ns        12612
SoAScan/960/3932160       55070 ns        55070 ns        12674
SoAScan/961/3936256       54848 ns        54849 ns        12651
SoAScan/962/3940352       54910 ns        54911 ns        12612
SoAScan/963/3944448       54906 ns        54904 ns        12641
SoAScan/964/3948544       55131 ns        55131 ns        12631
SoAScan/965/3952640       54977 ns        54977 ns        12628
SoAScan/966/3956736       54967 ns        54967 ns        12629
SoAScan/967/3960832       55060 ns        55059 ns        12595
SoAScan/968/3964928       54908 ns        54908 ns        12627
SoAScan/969/3969024       54698 ns        54698 ns        12746
SoAScan/970/3973120       55080 ns        55078 ns        12612
SoAScan/971/3977216       55045 ns        55046 ns        12584
SoAScan/972/3981312       54742 ns        54743 ns        12709
SoAScan/973/3985408       54950 ns        54950 ns        12651
SoAScan/974/3989504       54905 ns        54904 ns        12645
SoAScan/975/3993600       54969 ns        54969 ns        12646
SoAScan/976/3997696       55056 ns        55054 ns        12608
SoAScan/977/4001792       54930 ns        54928 ns        12632
SoAScan/978/4005888       54659 ns        54658 ns        12683
SoAScan/979/4009984       54930 ns        54931 ns        12593
SoAScan/980/4014080       54967 ns        54967 ns        12652
SoAScan/981/4018176       54740 ns        54740 ns        12701
SoAScan/982/4022272       54935 ns        54935 ns        12660
SoAScan/983/4026368       54947 ns        54946 ns        12544
SoAScan/984/4030464       54793 ns        54793 ns        12675
SoAScan/985/4034560       55005 ns        55006 ns        12193
SoAScan/986/4038656       54996 ns        54995 ns        12625
SoAScan/987/4042752       54819 ns        54819 ns        12673
SoAScan/988/4046848       55622 ns        55623 ns        12488
SoAScan/989/4050944       54862 ns        54863 ns        12618
SoAScan/990/4055040       54709 ns        54708 ns        12682
SoAScan/991/4059136       55102 ns        55102 ns        12302
SoAScan/992/4063232       54853 ns        54854 ns        12656
SoAScan/993/4067328       55161 ns        55161 ns        12625
SoAScan/994/4071424       55120 ns        55119 ns        12625
SoAScan/995/4075520       55144 ns        55144 ns        12569
SoAScan/996/4079616       54996 ns        54995 ns        12637
SoAScan/997/4083712       54920 ns        54920 ns        12600
SoAScan/998/4087808       55064 ns        55064 ns        12584
SoAScan/999/4091904       54827 ns        54828 ns        12684
SoAScan/1000/4096000      55156 ns        55156 ns        12641
SoAScan/1001/4100096      55073 ns        55072 ns        12603
SoAScan/1002/4104192      55035 ns        55036 ns        12589
SoAScan/1003/4108288      55218 ns        55219 ns        12534
SoAScan/1004/4112384      55034 ns        55035 ns        12619
SoAScan/1005/4116480      54999 ns        54998 ns        12633
SoAScan/1006/4120576      55161 ns        55162 ns        12568
SoAScan/1007/4124672      55242 ns        55242 ns        12558
SoAScan/1008/4128768      54768 ns        54767 ns        12688
SoAScan/1009/4132864      55173 ns        55174 ns        12563
SoAScan/1010/4136960      55138 ns        55139 ns        12576
SoAScan/1011/4141056      55119 ns        55117 ns        12579
SoAScan/1012/4145152      55204 ns        55204 ns        12615
SoAScan/1013/4149248      55348 ns        55348 ns        12564
SoAScan/1014/4153344      55132 ns        55132 ns        12574
SoAScan/1015/4157440      55353 ns        55353 ns        12554
SoAScan/1016/4161536      55187 ns        55188 ns        12590
SoAScan/1017/4165632      55376 ns        55375 ns        12537
SoAScan/1018/4169728      55705 ns        55705 ns        12547
SoAScan/1019/4173824      55380 ns        55380 ns        12554
SoAScan/1020/4177920      55455 ns        55455 ns        12532
SoAScan/1021/4182016      55628 ns        55628 ns        12407
SoAScan/1022/4186112      55722 ns        55722 ns        12464
SoAScan/1023/4190208      55699 ns        55699 ns        12504
SoAScan/1024/4194304     202643 ns       202643 ns         3519
